TN:
SF:nautobot_design_builder/__init__.py
DA:1,1,vwaOsidF3+dNtINaZA+KrA
DA:2,1,L+Y7/v9pGtZw7CR2v9eS1g
DA:4,1,QowvZXt28MSQfN5bbw3zHw
DA:5,1,S3eMlsOZZjyJDyM0FvJKyw
DA:6,1,R3JwHNtfw0IL/yJZv2zOSw
DA:8,1,cevXk9OOh0nzRb3ugPVJ3g
DA:11,1,T9cRd5jxgGZ4N/tfhkxDdw
DA:12,1,g2HiJBINIDGVdb3dhaAzPQ
DA:14,1,wB4ZSUIdHyedebAkuTuaKg
DA:15,1,jqvgUX74tKCb1vHH9K5oyw
DA:16,1,wZxSpM4ZioEulE15e63H3g
DA:17,1,Z78U2aOXOWO6p1RevvwN6A
DA:18,1,zrbo1zUeeD2b9OUvfbyYLg
DA:19,1,zDxTTHknCRmfyAyKaiiNhQ
DA:20,1,dNu2yFSQRZ8ro7MmyBTlDg
DA:21,1,o1znF63PDtxE4UW6W9o13g
DA:22,1,kjUcyaLkbsVo4ieVBAGD/w
DA:23,1,AFJFMOEsdC8MmVvt/8WvaQ
DA:24,1,dJREc1VXy9Grj9Jhu5qELA
DA:26,1,E4fxGtAVJzIz7nPTWUZ7ng
DA:27,1,R5TExeVdUT586B224u1Bhw
DA:28,1,CX1lOBhw3xu3i1pkVAC5KA
DA:31,1,GZklww0pH4HTaEmIjG7JoQ
DA:32,1,M4CgVbN5x9WuX+9ND5rNhg
DA:37,1,GZklww0pH4HTaEmIjG7JoQ
DA:38,1,oHAYeEkHYwzqUa4LQXM9ZA
DA:40,1,vNAMS0YCPXRTkxUchF52sg
DA:43,1,GZklww0pH4HTaEmIjG7JoQ
DA:44,1,vcliwS6q4rm2Cm5DX/xb9Q
DA:46,1,HyJfEKCRGTFVifY8QGzKwA
DA:49,1,0UXj7/+E3Y/BNO09hKJVkg
DA:34,0,yE6Fu88pxyY+3o1YzniVgw
LF:30
LH:31
end_of_record
TN:
SF:nautobot_design_builder/api/__init__.py
DA:1,1,1B2M2Y8AsgTpgAmY7PhCfg
LF:0
LH:1
end_of_record
TN:
SF:nautobot_design_builder/api/nested_serializers.py
DA:1,1,3h7yCcjs9UpbtacHP7CUVA
DA:2,1,F8E9avUraiZLb4QS3SxYFQ
DA:3,1,HM8tM4kAdK+ohMQN09HcJQ
DA:5,1,4AT1+IWVino8Rzlffdn0rw
DA:8,1,+sl8hOi8ckPhpFnlt0LTYQ
DA:9,1,HXFLlPPY2fvboh2kan888w
DA:11,1,3ilkkfFEmGCTrkWEoqTkjw
DA:13,1,HB4yIO1iyljTY8/arbQakg
DA:14,1,DcLcwm2TMw635ujh6TnHdQ
DA:16,1,hXECsE+3cq8aU/7bPfBsbQ
DA:17,1,ZYwbOOOhPSnmpoyErC5aLA
DA:20,1,9RN2zXZ/AI45tfw/+TeP8g
DA:21,1,FI9BAfjus0RLH/n24JuSyg
DA:23,1,xHny/NOVUbtQs8C7JusoIg
DA:25,1,HB4yIO1iyljTY8/arbQakg
DA:26,1,okfY4vBRuobwEL0kDLfyPA
DA:28,1,Ui0lCyi4S/I811fKOvqYpA
DA:29,1,ZYwbOOOhPSnmpoyErC5aLA
DA:32,1,AoYfk7Sg3h7u+VutxUsDVQ
DA:33,1,OQClozs3nKZj3hAtmW7xLw
DA:35,1,DmqJ6XSC7UXl914bLQfcBg
DA:37,1,HB4yIO1iyljTY8/arbQakg
DA:38,1,n8KfbZJ7nDi4MY26JeEJPw
DA:40,1,u0uxo9SuP6KqqYeJ0488Ng
DA:41,1,cBfUfSMmJ27RunxGUOIE4Q
LF:18
LH:25
end_of_record
TN:
SF:nautobot_design_builder/api/serializers.py
DA:1,1,8R803wvj0x6CjiiwjiyPOg
DA:2,1,Y3j6rqljTEjQcLF/pfPnMQ
DA:3,1,EVUatNly39zl832mwZErOw
DA:4,1,lCIsUMv0uf/TvEIdiLM4Pw
DA:5,1,bvK09aUL4AeKd65lY0d3/Q
DA:6,1,mmffZJW5R4Ay1Bt07/Oa1Q
DA:7,1,bKfVa/uWv0LzYGbXYO4cPQ
DA:8,1,4aQSFlajNIpXjk+e8gP4RQ
DA:9,1,HM8tM4kAdK+ohMQN09HcJQ
DA:11,1,pqsOWEsrcKHTl5TIZW2D4w
DA:13,1,jvsURLhwLx7I4oL6YrP6qA
DA:20,1,SgZ5p+im5GLbFUdUHp3X/w
DA:21,1,eKMdCRV3MIjFZH4JonPmCw
DA:23,1,3ilkkfFEmGCTrkWEoqTkjw
DA:25,1,HB4yIO1iyljTY8/arbQakg
DA:26,1,BezFguf6wLXnKkAYWkCn+A
DA:28,1,hXECsE+3cq8aU/7bPfBsbQ
DA:29,1,nAn+o9KpTB5ub3UCC0W1HA
DA:36,1,aL0uupUxV1l3PsKZ8zu3Xg
DA:37,1,5fqYIA3Q6m+caIHTIcq5gw
DA:39,1,3ilkkfFEmGCTrkWEoqTkjw
DA:40,1,PGgwxZ83/MO9H0eZcN6WKA
DA:41,1,qRh/QtREWFEi3XJ26Vg8BQ
DA:43,1,HB4yIO1iyljTY8/arbQakg
DA:44,1,BezFguf6wLXnKkAYWkCn+A
DA:46,1,Ui0lCyi4S/I811fKOvqYpA
DA:47,1,nAn+o9KpTB5ub3UCC0W1HA
DA:60,1,JDL9jXxhamxaEDGjeIWbcw
DA:61,1,kylqp3exl2wp+RPYBb4b1A
DA:63,1,DmqJ6XSC7UXl914bLQfcBg
DA:64,1,2J1RSWCwFnbEKjlJkcPxLA
DA:65,1,Y1bAdHJ6hfrp2jrMPi/IGQ
DA:67,1,HB4yIO1iyljTY8/arbQakg
DA:68,1,06sYEr3THHDtd2CbeXMdog
DA:70,1,u0uxo9SuP6KqqYeJ0488Ng
DA:71,1,SPnbVgOiB0wpmhksDjIA+w
DA:74,1,MQURfBK0CbYwvcNke/7oHA
DA:75,1,AF7vIf6J9wkNwq5t+SnE4A
DA:77,1,gV001G+Ykajlcw67iFCilw
DA:78,1,YjLfc+ggJBNsA9CQ8hqUWg
DA:79,1,f1tdBYz5Dcyb8f/B7vlrLQ
DA:80,1,O3PAeUGbJz+o24guKcGmWw
DA:82,1,HB4yIO1iyljTY8/arbQakg
DA:83,1,obcTManQTwL8OCjqsmQRng
DA:85,1,1bE48mAIMawMVbuE9nnf0w
DA:86,1,cOlWAJgipq6lW/p+babvlA
DA:88,1,m5Z2DmXI/AdSccVfr/0sBA
DA:89,1,nX3K+eUghc+t4pRASrFNcQ
DA:91,1,4fci7eOWXE+yuBwMwyRA1Q
DA:92,1,rsiuZ6DLSSnRuVPsuaP26Q
DA:93,1,CFiPL+xiH6ZvS5xIVlkCeQ
DA:94,1,2I8iZ39ORt1AXa5AXxkWcw
DA:95,0,apkQQtiiE4JOuDIBvLOUjQ
LF:44
LH:52
end_of_record
TN:
SF:nautobot_design_builder/api/urls.py
DA:1,1,A2ziSKWU67u5z8krITJGvA
DA:2,1,gHR5bHVCdhJBuiDxIhkslg
DA:3,1,Y7zIXOqOYJ0WRprsV+ME/g
DA:10,1,ulGbmoUp0/X3J0z1KRgcfQ
DA:12,1,37k3oolgKmkTcbE0dWDHcg
DA:13,1,kg7TQJtWagbgYdCoQXG31w
DA:14,1,6xLHWvD8GoUzv1JqUYm65w
DA:15,1,+uM1g6AyLtyjiQ1KVgdcgw
DA:17,1,t9SrkOEBd+v3PNPjXdxu8w
LF:8
LH:9
end_of_record
TN:
SF:nautobot_design_builder/api/views.py
DA:1,1,dr8zpiIM/lexMY46bSvLww
DA:2,1,Asx+I3k7yVnbm8PDpZ62Gg
DA:4,1,1jBIAkfxIMJH92qsFq29Ow
DA:10,1,nfpkGUQhxUOF/iM1BMHJAg
DA:16,1,pqsOWEsrcKHTl5TIZW2D4w
DA:19,1,FUpaoz9sfE/eBNa6fZc7IQ
DA:20,1,s6aNqTg42mTX1SC8CY7/BQ
DA:22,1,o9coCVWJlCLSaTujpm7P2w
DA:23,1,K/nOJW/z1qkPr3mZoH1Jag
DA:24,1,hpEb6YfhlmmcvuDMysnpUg
DA:27,1,IE/tsttIs9pBNcdUQ/PI+A
DA:28,1,QmfsBpCZGn5QwNwPn3ZMjA
DA:30,1,bzCy/Z8n5AeeNKaKoMGgug
DA:31,1,2uofBccCxZRQDxEoEsNgKg
DA:32,1,8GjrMg8FCWRNm+cLPRLjzw
DA:35,1,JbAazRnMLaon8GsJGR1YKQ
DA:36,1,KwCSDGkeaDzYVPJqHn2//A
DA:38,1,CJ0l10hC7MqVBhq0HlKmGQ
DA:39,1,q7tK07d8y6zuT/7Ya0QgMA
DA:40,1,nbGgP4opPCH48/uunYDQGg
DA:43,1,BFNMeDlsuEsyLCrODSwWHw
DA:44,1,rKdui864VFBIY7hH/K6oMw
DA:46,1,3S3ZDc1QGbDs0zaKXnj57Q
DA:47,1,/QBVRonZ0MAxziQG7JHZCQ
DA:48,1,jLls64fed5onv+pNZfo/Ig
LF:20
LH:25
end_of_record
TN:
SF:nautobot_design_builder/choices.py
DA:1,1,MdEkO07sfgZIZBIjyqXtMw
DA:2,1,Ew/2AnzjKexvBNIkF2Fpyw
DA:5,1,Zo40RV4xSe6CS/vMuyjxjg
DA:6,1,Gl63RhkHgW3KzJeapDTPsA
DA:8,1,oiPPlWVrLb83LyAXhk4W5g
DA:9,1,NA5q+A1446JC98nC2254qQ
DA:10,1,zr8Zf/AtbGY0GPPYwid3QA
DA:12,1,V1Nej119Bv/AbkhXrxvbJw
DA:19,1,InAsZ91p6d4Wiu+QdcctkQ
DA:20,1,ywosCRJQJxB+QwIwbswMzw
DA:22,1,RUkWu9vr1Rlzm2NlJxoRfQ
DA:23,1,evaHe9AT4xyOI4wuTlLFqg
DA:24,1,c1x/k3cdwE+OZU/tkB0Pfw
DA:26,1,V1Nej119Bv/AbkhXrxvbJw
LF:11
LH:14
end_of_record
TN:
SF:nautobot_design_builder/context.py
DA:1,1,f+0pIlrxKTcJEK8Uqmaapg
DA:2,1,XIMNrsE4hb4ziOGy4GNuQA
DA:3,1,OEG0c0DeEEjbVbEBGqJBgg
DA:4,1,o7XN3CMj67n397EmDP0M3w
DA:5,1,gGTQvjsCFZRTAK01JA8k5Q
DA:6,1,TkdTY1aJYRsgoCX7IqBZHg
DA:8,1,j/TIRNGKuqyD4Xq4yN7N9w
DA:10,1,JDnWCyGHKdPan7ZiofLEXA
DA:12,1,6XK3f6mCJbOm2HclOIbPAw
DA:13,1,2oaWOCLWCX05yOAgcqqUjw
DA:14,1,8tiLuElzwfuAnHihdfY5Ug
DA:15,1,So8Gtpu1QTbg7SEMSgF8VA
DA:18,1,4xE1L62vyLs7UYRTDoc/0A
DA:19,1,vbj7Z5IK2MAauuDRLo7eZw
DA:27,1,ha/L5IfA91TZQk4bsTe8Ww
DA:28,1,BkAf2zdPjMUj3Gt0IYv03w
DA:30,1,P0rM2vm7flVElomMikBWJw
DA:31,1,/SNFBlQxyA3nZvjGUmAdTw
DA:37,1,mGhDROQRUcPNHHZTJ7lFng
DA:38,1,MaWB2u/mDlUNf++I+3UqmQ
DA:39,1,zATSl5sfqZZZJqMqi1+OsQ
DA:41,1,bGsLP/ibfIAurC8H7u2dSA
DA:42,1,Pq89tVY/8Soe/4Ac3OFpXg
DA:43,1,Xis2CErIXbkhGAQzNnOfNA
DA:45,1,HmADa1g/W1C2Vo9Wm4sNNA
DA:46,1,iwJod1OkaWl9CXX1WG9KTw
DA:48,1,f5BqGcU62AfvIuiJe4cSCw
DA:50,1,UUxPMPDbQCc1nVwozNCoxw
DA:60,1,XAdIiPTQTphjKgEmiY7WHw
DA:73,1,/e1Q04yY/73Uow6op0r++g
DA:74,1,BNuAoN6x34U2XKxG/hPEdQ
DA:76,1,ncmUHo9gFbZpS3TinIAsXQ
DA:77,1,94qf2nuX5m7pssV5rSj3Og
DA:78,1,k3FS9LzKPoLsVvnH+VwJJg
DA:79,1,57cQR8ioEHTWcbifOlr5xg
DA:82,1,ZDEdeDEwW4SKrtPZffaubg
DA:85,1,NUZAPUks2x6JxPoF9KWhbA
DA:86,1,BorTe+0HQpcr3zDD5zth5A
DA:88,1,9adQ8NyuC8gltCd/1kLfFg
DA:98,1,xjcDBnSwra0OiNOAYAwoHA
DA:99,1,NJxc5jlqNjm0AqHpwxd64g
DA:100,1,DwJC8okJjop3pUehlKle4g
DA:101,1,0lJOXwI6SyBDlDuc96nXkA
DA:102,1,qT21O3Q7p7YZydIJlgx/wg
DA:110,1,GgPd5CGgjggXKaDQD5Srzg
DA:111,1,Lt9sy3bPZkJgTCX1N9HoNA
DA:112,1,BorTe+0HQpcr3zDD5zth5A
DA:114,1,/E8dR9oiAkO4NDW9AFdibw
DA:134,1,s4m9IjH2eWYkIw9974z0ag
DA:135,1,ZczraXNv/xgf82Zuv8Rh5g
DA:137,1,v/+VXwIf8YKw4P13XlitGQ
DA:138,1,N2o2sH8zHxKvjr+/WB23aQ
DA:140,1,sOOCgjQ/HHKUu52nRoEUAQ
DA:141,1,oYrCzAvyBMHX1C/xlkltEg
DA:143,1,SLs2V0fde4JKfBpGkTA9Ww
DA:144,1,+lXKh7s6MSQjvunRL8LZcQ
DA:146,1,BorTe+0HQpcr3zDD5zth5A
DA:149,1,Q4r0glJCn8QE7SY9mnu06Q
DA:150,1,GOmBNGJQ6dlz2m07G6T90w
DA:157,1,ZQjsYAmx9SqKDpMM+DgAYA
DA:159,1,Gq/+9jpMEIqxLFrRAdatyg
DA:160,1,nrsOg2O01OR6WoJ8H2e4ew
DA:161,1,slugcZvgwLk+5z0zyqj7yw
DA:162,1,+h4xs/kryELnYOKl3TCkLg
DA:163,1,5OyV0Z14LcVUt/woeDz/Gg
DA:165,1,q4JdLVJiY9jzJc4h+PHgeg
DA:167,1,GV8WNC9+X7I++fOg9VjXMA
DA:169,1,kO1y4eXPoLV16vm2eP9y1A
DA:170,1,ObNOqCSBZLQAnwGmKE3gLA
DA:173,1,oKapv79AVaHIXyTjezYJJg
DA:174,1,/icSn4BbRy4PyHYhnIXGfg
DA:186,1,s7ggWtaHW8BRiDpLPS+LJw
DA:188,1,vIMtofAASV4q+4tXBsefkQ
DA:189,1,Itk57kSwlbBEo66NIrhrTQ
DA:190,1,ukZhpCe6fki30+R82gwyTQ
DA:193,1,Rmb17NfsonZoPUFmJcWigw
DA:195,1,ClBJOV5igXiX6GKf0gYicQ
DA:197,1,rZDJzDeilVDHcozWrDghgw
DA:199,1,aSbnDo6hKgMALbpP9G7A8Q
DA:200,1,w35FNuMosQso7LZSV94qZg
DA:207,1,qyBaTdtstXBirUmJb+ncBA
DA:208,1,/qLMgUeLZSpNig5lmbWC0w
DA:218,1,ST23CI9PQYk9oqpeRPxImg
DA:219,1,yBGH+9oRPhMqJkSpyBETrQ
DA:220,1,9e91jc/yaPRt4vCopkVzvg
DA:221,1,ke0RPjSaQruUHe3TfHe/Ew
DA:224,1,fZTSxktiGVr6DyG2UKmZ2w
DA:225,1,qKOu/AH07V+i04h3uAax5A
DA:232,1,kH4QoR7AtWbAwOxigGqz8Q
DA:248,1,cRzf5RB6ykj6irHsi8LJvw
DA:249,1,YcpAYq+WZMJZcdP+S7Fkhw
DA:250,1,uWwBp+RA1vmfOBDMuuIV+g
DA:253,1,jIKTLkVmmSMfno2DasXHmw
DA:262,1,Sk+pLhvP56H3FTMd1VmuOg
DA:263,1,mJFsmLdKi48CPciFx7fzCA
DA:264,1,TgN3fgAqRrie7PT4j9BjaQ
DA:266,1,qK8kZqDd91D3FlHSMsImgw
DA:267,1,vOn8plGMXQJYQDOzkG8Spg
DA:268,1,3obUT9y4IaSTcvoOo9Cgkw
DA:270,1,X4uUUWiwPelJrkeSK0hYKw
DA:272,1,uLR4Zy6Vf10KYq89VxqnSg
DA:275,1,X0ulIjZYMnTV8bgZ9g50qQ
DA:276,1,WILC76rXezCDN6LD+dWfrw
DA:301,1,7SYLN80iytNmz/Gxc3mzrA
DA:303,1,cgfH8DVq9HzUMgjDONg68w
DA:304,1,B7m9JZIaDTJx9hpdMr78Ew
DA:306,1,6nglLrBhNEL9FmlYu3CWug
DA:312,1,Nnqu9X+lU2lagW39QNhFWA
DA:313,1,dCdTmih/HhIEHrCEComHwQ
DA:315,1,vynS7RxIbX8socBz09TrNQ
DA:316,1,OFs46/QP1mBBNNIgP5HuSw
DA:318,1,x5Jsv1tQxVZIjghoDlmHxg
DA:319,1,145QxUlXKwV8f+yZDCNkLQ
DA:320,1,TNhnQ9jVNLqDl7hwy3dXTQ
DA:321,1,HXAAYw4tG8TNVgjKxVqeWg
DA:322,1,7apc48GVK66AkHvvO/qjNw
DA:324,1,Nnqu9X+lU2lagW39QNhFWA
DA:325,1,foUJgK0xJ3NUGnp4yHhIpA
DA:339,1,Nnqu9X+lU2lagW39QNhFWA
DA:340,1,o5RJTiomMLCOAveZm+oCMw
DA:342,1,PZLtnQ6H65Z6H9uTLhjlPg
DA:343,1,yg88cm7Xdt1mZME2M/Ol1Q
DA:350,1,h6XHV09DdjvIV8XOND2fkw
DA:56,0,+eSa8jVIuv8S805LIConnA
DA:57,0,7HfGQT5YqTMMvbT15deu1w
DA:58,0,9TK+9e4q09oNMzkdsRW6NA
DA:81,0,nrXqxzUq4OjJftCELwXT8Q
DA:83,0,yI3iO3e9orAIGEiN7BbR1g
DA:104,0,7YGU6YmtEPeE0tdssR3OSQ
DA:105,0,TulZRDVyZgwaluSyPp9m8w
DA:106,0,82+gBN1x/6ZrT3tVysoEXA
DA:191,0,1WumQILWGpRk9uwNBobNVQ
DA:198,0,s+UEkj78Kt57HjXUqckZNw
DA:201,0,BAEUJplO9uc4YgtOgIrhbg
DA:202,0,/PM9+HQfGuBRYTmdyUL3Mw
DA:204,0,Mg7TC6QxIfZIhgsupaGigQ
DA:307,0,Uw+AKnyOqYaST1RipwsDWg
DA:309,0,r3yUrf57oDaZGpdPN52vsw
DA:310,0,KrTWkcl2yHkUKI30RgVr9A
DA:334,0,uF7mDy+MV8TH6vc7jFnO9w
DA:335,0,F4MFb1DCy1ukLbMN4syY8g
DA:336,0,XVeSh4qJhrLDLod/d8niqQ
DA:337,0,orkYPdLAGeiS3pbFI+Motg
DA:345,0,cNRBadLimjrMycSFu3EA8g
DA:346,0,I7PG2smJYrd0Fu+q/2Wgjw
DA:348,0,w4efO5JRkNmGYLFX8CvP5g
DA:360,0,nHs3AJGk/vHH2Ihr2hnh3Q
DA:361,0,09JWT+FQ+X/jr1xoYvVBlw
DA:362,0,M5BDjzFFs/XhZLDqINYRMQ
DA:363,0,xvWIcpcyNr0gyGcTkdMxXw
DA:364,0,J6gamDC9bmcpk4iucSufXg
DA:365,0,KA9LckXybLZ8vtd7XGPiPg
DA:366,0,JDmmw1dHE38UjFN5Bqk9xQ
DA:368,0,E+JdjC47udtNDOt//0AbkQ
DA:369,0,RGScoJs2WSgzjVLvEIAJCQ
LF:148
LH:123
end_of_record
TN:
SF:nautobot_design_builder/contrib/__init__.py
DA:1,1,1B2M2Y8AsgTpgAmY7PhCfg
LF:0
LH:1
end_of_record
TN:
SF:nautobot_design_builder/contrib/ext.py
DA:1,1,lGKWrlLi07WV2u1PAK3rgQ
DA:2,1,LLYH8DoVAN+jfzd9Upv4FA
DA:3,1,LLdv2p3EUGUMcq7ncGKSXQ
DA:4,1,iUenqkkMwVSaZBUp302lNQ
DA:6,1,Y3j6rqljTEjQcLF/pfPnMQ
DA:7,1,B+dFCrq0ed2niArJTjMFOQ
DA:8,1,twiHA3PQ/NxqMC/Qs7003w
DA:10,1,RMEklmCbQLhv8iohjKwzdw
DA:11,1,oiBRxN0vMs0JSYWm0DNz0w
DA:12,1,HunBs3XJO7ysIBIxsvT3ew
DA:14,1,+7ISqqMVfsME8ia1x3XFjQ
DA:15,1,LMJFPtt63/LI39qbEieYkA
DA:16,1,yNdCB0CR7CJ/vt4kr3FmhQ
DA:18,1,h9ykjsXJvZrB9fiWr2tIiw
DA:19,1,j00PUM5eAR6F9k4A2kigJQ
DA:20,1,lfsP6lU0O3ftkr/A201Q8g
DA:23,1,HPbKcbAjk6WnDOzw50FVUg
DA:24,1,zsy2VDCei99r6TJcqIc5vQ
DA:26,1,3sdDhqHkfaZ3ehHCH9nSzA
DA:28,1,0MsbLDNiYLoUtNZpoR3YBA
DA:43,1,xjcDBnSwra0OiNOAYAwoHA
DA:44,1,skfcy4f7dqqmtWsJ85FVOQ
DA:45,1,egao6AozxG25LguT3BeZEA
DA:46,1,iMZp9YCEYy0JyANorTeucA
DA:50,1,ZwKvZiVeXMJmugzHkhEBYw
DA:52,1,KxgaGtJPkScc4OG7mJ59vg
DA:53,1,y71NLHe8u1KlHmIfSmRK4Q
DA:63,1,qFzkvyDMn322kOg2m75K+Q
DA:64,1,xzXLROuOCfIH9/Yobm24sw
DA:67,1,6zG6f8rsN6B3O9+O4vCTnA
DA:69,1,KxgaGtJPkScc4OG7mJ59vg
DA:70,1,/JalZR49hgIK8DMg1sCaPw
DA:96,1,4BqmZ16PzZ1RFFHUDHXMIA
DA:98,1,FZxOwJiPYzweGgwISZMSsA
DA:115,1,JedIJz8CevoEZ4hrN+IZEA
DA:116,1,sk62bSWzXtVOxgaz9ypwAw
DA:117,1,xjcDBnSwra0OiNOAYAwoHA
DA:118,1,tHf25Px4rgrsfU5XVA6GRw
DA:119,1,s/yhv+iZEqvWYC/VbxYCSg
DA:120,1,avMHD+BrUovwllWDgthKIg
DA:125,1,FsOVP32gSQRD+yqDy5uIvA
DA:126,1,plpqJbJII7FW7BlpuKDN+A
DA:128,1,DbGYVypwz4U6vYDjt71H6Q
DA:130,1,fjtn9uMTPummDuE43i4/wg
DA:162,1,Qa56sroATxCWm7E9BVzJdA
DA:165,1,LzHMwqsn1rELD4xj5/eMsQ
DA:166,1,QT6UNcESn58xQLHB03g8Dw
DA:167,1,l9GUVtS232p1be4czsoV5w
DA:168,1,tL3qZLIApGFULKIKTEDPhA
DA:170,1,ig0O5jGMjYzS4niGY8hhDw
DA:171,1,v/+VXwIf8YKw4P13XlitGQ
DA:172,1,H4dK5sRq/HUuXuZVt0fLRQ
DA:176,1,0i7qPvdvuZlUwGrVNakBIA
DA:177,1,lklPr4aNpzYQs3DI4bNH2g
DA:178,1,G6djYpOpe3RdnXlHl/schw
DA:179,1,pDQkHzhjNjbEotOrTi+t1Q
DA:180,1,lfvgLfoMGrsP6fPVPxsvbw
DA:181,1,pTBJdcu0jWwaTuDFniQSJA
DA:185,1,Qh2awtdHWG9zYQGqBwcETg
DA:188,1,ZxX7dS/cvSTg91j1lnh19w
DA:189,1,mSm0QteSnk6077vMH53m5w
DA:191,1,HY+xqrWbamQvfZyMNClzXQ
DA:193,1,KxgaGtJPkScc4OG7mJ59vg
DA:194,1,G0R4Xy7tQudzB2L9sza+dg
DA:210,1,XE+XdOSwDWiRcB/exdxsig
DA:211,1,zDVdlR8jxjHDf6k6CGKRNA
DA:212,1,csD559Y/x2LoCirqmHuaGg
DA:213,1,msUGFkDkzZv2tQgIwL5oHw
DA:222,1,Sc+/LyOu9XfRdxqsbfrF9w
DA:224,1,zir2ZccXqLEK4/AdQS7B3Q
DA:263,1,h2coGAO1r2LNyiy8KG6+cA
DA:268,1,Rpn1WX4F46/0MGhkkT2EPg
DA:269,1,YIcD3Fuih2+1X5xkbgbcoQ
DA:270,1,aoy8mLJsyhfjNr76F/ocow
DA:271,1,8dbjB8nUOhZNTmm6ZlayXg
DA:272,1,TCjrR9xOUIHa4cUczUbEtw
DA:273,1,xvWIcpcyNr0gyGcTkdMxXw
DA:274,1,qer87aOvt8PLashPY4COsw
DA:275,1,jctc5IFA6o9wRGhtRzIuJg
DA:276,1,2IvP599MX2zxhWCjEC/i2g
DA:279,1,B/VkNuhs1rQw172PffAVkw
DA:287,1,obwl8mcfYE+gJrUkhnHFjg
DA:288,1,TsocchqYKBLchLrAu8iigg
DA:297,1,k0nIxihyYAboxjV4hNGItg
DA:298,1,tTaPBonE9lCMk95T32WRZg
DA:300,1,UJXHBNmnkvd8GghwuMKHRg
DA:302,1,4yfTvocIZLuuvmhKcKZZzA
DA:331,1,BlMPylwRnK2FeI3NuJTIyw
DA:334,1,yjYtovmK6/TrPHEce8I5Eg
DA:335,1,xYfl2ldVvxYNAdxiSyixdw
DA:338,1,0YBVmBmDwyHCmis2xcAA8Q
DA:341,1,a0b0VHfuvvBjoUKKeW/n7w
DA:342,1,t/IDMoxyaGffl5Whpajf0A
DA:343,1,AXYG4+d+K4AOVEgNaSK5lw
DA:344,1,fUuwQjta7F1xGh8TLqeiqA
DA:345,1,zhovMflXUq3QnzZ5ksvG4Q
DA:347,1,x0EzO2KHxQ/XlqP0ZwyDMQ
DA:350,1,9f101nG/itVCs4YYsEP8Lw
DA:351,1,H3qPZPjzRtMZmKww6K2cSA
DA:352,1,S2zHPwDtc2R/EmQ3HbZ4YA
DA:353,1,OtImicEQg5p4PVwb2vXtSg
DA:360,1,M5a/Rmu3viCfFVIxhinHew
DA:362,1,OzRefAc2wSJnY5/7scLHUA
DA:363,1,MUhXrOMPS8wXmJzPABKrzQ
DA:365,1,KxgaGtJPkScc4OG7mJ59vg
DA:366,1,WM5f2ScoQlIuNimhRhgQeg
DA:376,1,zYyCHeRPWm/F1bQME/hMEQ
DA:377,1,octDagrOIeVxmL1YLWa/Xg
DA:378,1,uIFhVnyBUnrHfvYF5dMdLQ
DA:379,1,TbX8t+xE5jcRxVFWrDPrgQ
DA:380,1,HWjEw6irJ1cLNGBK2MIMAg
DA:384,1,0mc3fgOw8jq4W8Y5bnU1Fw
DA:385,1,ayePJPw6rLYgtc+npv96Wg
DA:387,1,5gtf1QWCAqaUBRr6FZIPKw
DA:389,1,4yfTvocIZLuuvmhKcKZZzA
DA:429,1,BlMPylwRnK2FeI3NuJTIyw
DA:432,1,jn1bEpvLgZrUu1lF3h2nKQ
DA:433,1,Sp6dJvDlEWgaJjC8h4bWOw
DA:435,1,yy/HMbqWu4roN08d2kD/PA
DA:436,1,R2AaF9GVn8oLplowWpyQBA
DA:440,1,F2lPcikjlLuRXSjSkSQQpA
DA:441,1,6dhoE+2LFRuGpPqPCx9HZA
DA:443,1,ifTbkEpeBra1KTMqafx0Lg
DA:446,1,7unGZAnMGfnsMMzMyM7+9w
DA:449,1,GbFlbJvKnN9y/3A1qdCwOw
DA:450,1,h4s0a4xCB5GWmWC9HQ22Og
DA:452,1,VnqVJIrpkho4goXFUueChQ
DA:454,1,Z0RSPoHm3NxshHzxPpexqg
DA:463,1,UheOl9QUCDio9BaDm1OICA
DA:464,1,xjcDBnSwra0OiNOAYAwoHA
DA:465,1,JlHZ8ydKrQViBS5d8vvNYA
DA:467,1,HdDcFQnV6B5N8m1pR/D42g
DA:468,1,fOd2JLFT4EW/s0KyOROCrw
DA:474,1,KxgaGtJPkScc4OG7mJ59vg
DA:475,1,zyfmkKHIachuX0rjEdUDXw
DA:476,1,ks78SDz2LQ6rZ75qG0strQ
DA:477,1,exzTJDcX0Y3GwRYE+ZdlUQ
DA:478,1,zNPV5UfBcddxx0U6MSV2eQ
DA:479,1,qAf3SKvRap+kDs/WDP0uEg
DA:480,1,GoHMyRRDr0Vfn9ADFssn2g
DA:481,1,9WG1Geeqn+v1MfjyZRw51Q
DA:483,1,zir2ZccXqLEK4/AdQS7B3Q
DA:522,1,rm6Ndid1YtTZV0osFy/AvA
DA:529,1,nXzRk/yw2nMvLsUuV0EgTg
DA:530,1,MDJxB1ZrgUMoFE9MUhmVqA
DA:531,1,xtkKAACU0Z/Kq2aV3x3UmA
DA:532,1,XyP++5b1rKTYbWw0zWx5hg
DA:533,1,KTvsPix2lAUcLZrDrEKwTA
DA:534,1,xjcDBnSwra0OiNOAYAwoHA
DA:535,1,YUrnxiwQp6VFslmtrHH5XA
DA:536,1,j9rNyVnML0Qx0xyiMLDc9Q
DA:537,1,NLHD9stGf/MiX7DhECvJiw
DA:538,1,B+ZJQ8zBxPMiDZhsnR0Fag
DA:541,1,PirOF0HRK4dCme/kPkKraw
DA:542,1,aJxCvIA0mEAA2nQ70Q6LTg
DA:543,1,3cq6xl2loaiPPTUkLODfQQ
DA:550,1,4NJG3A08ownSNS7AZoPd1A
DA:551,1,y2TTx56JK2N1+vleKkPtvQ
DA:552,1,Pa8dM9JL7G3B0Uwextl/Lw
DA:554,1,XDhfSVZsSTXtoPXDA698kQ
DA:555,1,Nh7s3i7BfM7oB40nR/igAA
DA:47,0,n7nNeXgdXQ3WoEvL8qN7Uw
DA:48,0,/EJfRbp08dqhyrfX3ACHAA
DA:65,0,HYtGL2FoymuYtOmdcoHQXQ
DA:121,0,ZyVbHPcV6zNHwZmFOKhmrg
DA:122,0,lzZgM+bweqhwLkTAUq2z7Q
DA:163,0,nFVDY5lagEnhTjdVb3m6fw
DA:169,0,65GT8aRjVKaqh04qrCVVEg
DA:174,0,oHDca+26DFUX/wlbl9Lfuw
DA:183,0,5UZwcTSoF8fF/PKaY3oYAw
DA:214,0,LaLjMgJFkbKE+Iew8iJzcQ
DA:215,0,BXTzGTxzIoIVLLrQGEyenQ
DA:219,0,PAr+JiTSqMiI3dP1JQN+YQ
DA:220,0,GQTQzvWnZL744AXg61of7Q
DA:264,0,JasHzRwkVzDxIxib5QgYEw
DA:277,0,tXgAdsHHH9Pc8KKAUbQgYA
DA:332,0,WMf9JnOf3KgsEAjEMVwVWA
DA:336,0,XEgXfXtS2hj3PEJK+h8/xQ
DA:339,0,eDPYVdEBna7tQy9uD5RGsQ
DA:346,0,EZrxfO5Fi12PMOzHarAqzA
DA:348,0,uUFT0f8kD3mCNcemu6oNNA
DA:381,0,PbCz12sJmRyYe1ExtP/e6g
DA:430,0,zQXWM3aVK1Ct88l8X7dxgA
DA:434,0,Vg4CObzw8JWnnAQh9HolEg
DA:437,0,1Mbd/VF9Ys8PXFXkf/93rQ
DA:438,0,E2zpzcpMXi1Wghx0e9ZlQw
DA:442,0,q4/P4ojUUaWhfzPJjouNTg
DA:444,0,/UlSZWIfSnnr/dsoXPmTnw
DA:469,0,r8ctH+Z6/4ghsXrgkfkkRg
DA:470,0,JasHzRwkVzDxIxib5QgYEw
DA:523,0,JasHzRwkVzDxIxib5QgYEw
DA:545,0,aJxCvIA0mEAA2nQ70Q6LTg
DA:546,0,LZW53xCw3viUZ2i0f7YEXg
DA:547,0,AhQpT01DyIWtejufzWDhmw
DA:548,0,Vg6Z7PuDK+HjjM3FlcXAYQ
LF:188
LH:161
end_of_record
TN:
SF:nautobot_design_builder/contrib/tests/__init__.py
DA:1,1,1B2M2Y8AsgTpgAmY7PhCfg
LF:0
LH:1
end_of_record
TN:
SF:nautobot_design_builder/contrib/tests/test_ext.py
DA:1,1,qtTr80djrpckmjgNK4AaDw
DA:2,1,TkdTY1aJYRsgoCX7IqBZHg
DA:4,1,twiHA3PQ/NxqMC/Qs7003w
DA:5,1,oO4SzcHzqhlAdL5XC5lDWg
DA:7,1,7afavIIspuZBzewm3xoLJA
DA:8,1,lcaePAkxvFjcb0SStN9eZQ
DA:9,1,pIWIKx8y4nHwCA9E/LvYIw
DA:10,1,HunBs3XJO7ysIBIxsvT3ew
DA:12,1,a0DC26hM/95Y6J/VaCDBaw
DA:19,1,LMJFPtt63/LI39qbEieYkA
DA:20,1,hXjrm4M36PvbVjwAsrR0MQ
DA:23,1,KEjDGvnTJVuqLYuV7ZMehw
DA:24,1,iFdOaVxmOkG44ZvN4Al+5w
DA:25,1,BgPPKtuTGk+VedB2edAmWQ
DA:34,1,KjSXdLhdmQk+dIXKYPnJpw
DA:35,1,+2koJ15iP4+VkV7GXKH4ww
DA:36,1,/b1JV78UtAhrK7u6XN3b9A
DA:37,1,gFvvdVwBJR85rfiBdvy2ug
DA:38,1,rPh+WqzSjBHJ1cslxRuHmg
DA:40,1,KMCbPBmz3IAmnPh2Qm2ifw
DA:41,1,BgPPKtuTGk+VedB2edAmWQ
DA:49,1,KjSXdLhdmQk+dIXKYPnJpw
DA:50,1,+2koJ15iP4+VkV7GXKH4ww
DA:51,1,/b1JV78UtAhrK7u6XN3b9A
DA:52,1,gFvvdVwBJR85rfiBdvy2ug
DA:53,1,rPh+WqzSjBHJ1cslxRuHmg
DA:56,1,clAEkyGwsyVG76NB6mYV0g
DA:57,1,rQUmxkxVmYrcuYRdrDhujQ
DA:58,1,gtEHF5vRHS3exyAxC9Zyzw
DA:96,1,e5GwFG/ZLKHKRTxGqOYU1Q
DA:143,1,OjfVbw1q6aUQw+VqOew3BA
DA:144,1,jFFJlsznvFO3eAkmXaT1Vg
DA:149,1,pur80W1A13pr/dcpBEJWnA
DA:150,1,RQs61s+IxanQiYwz7bCuTA
DA:151,1,a9Q6SYYoV/oTZG3bYgs4BQ
DA:152,1,zItC8u/086/Kw9T68OiN6g
DA:153,1,+9nP7T3wrBa6YHHBA83TLA
DA:154,1,XvAvJYW1n1MYe+Lxi6kzBw
DA:155,1,WBVrge6QQJKcfDutcRHZ3g
DA:156,1,PAPB5kmoJ3KtIAVyQdjw6w
DA:159,1,fLAsnz5YOXT9LSoEOhSXGQ
DA:160,1,U4+ftgso2PAfvuWpWgi/lw
DA:162,1,KxgaGtJPkScc4OG7mJ59vg
DA:163,1,zW5emWLISfS4udPsWy+JAQ
DA:165,1,JOH1qTdifOzais5GoYLQMQ
DA:172,1,vMUSjcM2ZU27ai/bQV6wog
DA:174,1,Np/DS3Ouw1dSL1xpTAljyA
DA:175,1,3UOUbDQppwACcOYBKiiX3Q
DA:176,1,OjfVbw1q6aUQw+VqOew3BA
DA:177,1,fMuxaOVpfhKp87/hxaWeqQ
DA:181,1,MVCB7I4RLn4KR8XzUPWx4Q
DA:182,1,EbpOSWZpSAo9qNE129IC7g
DA:183,1,kvm1Hey6w0+FU0TyMjja3A
DA:184,1,uk+1Wk9yxejNXAF9pV8vCg
DA:185,1,WMbDqyJSMdUymL8jmZxFQQ
DA:188,1,WMbDqyJSMdUymL8jmZxFQQ
DA:193,1,52F0wnYiXiZf/l4dyh+j0A
DA:194,1,S7waBxwKBbQnomPfIrGnng
DA:195,1,ppjawGoqoZ0GLzFy4C8IwA
DA:196,1,nywLCzWrSwuIqJNNqXZVUQ
DA:197,1,ftb5Sqq524qxEAsYykitHQ
DA:198,1,iI1xoYse+ryDV3VFzwyEZQ
DA:200,1,OdVVVwuuPG/ySVWhrO1yeA
DA:201,1,Atx1xKJCkZYqO/Hf2jv6Sw
DA:202,1,1Pz1QRzWNQLRDyHinveMkw
DA:204,1,hYqX2MvkH1dYGqdmFWCRZg
DA:208,1,ppjawGoqoZ0GLzFy4C8IwA
DA:209,1,xS7oXH8si83lreEjEl7LDw
DA:210,1,1s+j0fHOWhj09XaWUEcl0A
DA:211,1,iI1xoYse+ryDV3VFzwyEZQ
DA:213,1,dadvnZ9Oktw6YFH/CQeMbg
DA:214,1,BgPPKtuTGk+VedB2edAmWQ
DA:241,1,KjSXdLhdmQk+dIXKYPnJpw
DA:242,1,XC3M1f0+Fv/Zx+YSOumnXQ
DA:243,1,eUHwuxSav2zVGv6vnIZ6HA
DA:244,1,F683as+nf5rsgCDsPf0kaQ
DA:245,1,xesm5TvdTGNfTcs8Xg+VQg
DA:246,1,uykmlfe8IZQTFI9TH1DGBQ
DA:247,1,kdkYc7jgkv5M8CyBR//biw
DA:249,1,4Milx754ejACgVRfGFoAQA
DA:250,1,BgPPKtuTGk+VedB2edAmWQ
DA:258,1,0jHMUMoQjLDCxujP+NiNIA
DA:259,1,KjSXdLhdmQk+dIXKYPnJpw
DA:260,1,XC3M1f0+Fv/Zx+YSOumnXQ
DA:261,1,eUHwuxSav2zVGv6vnIZ6HA
DA:262,1,uykmlfe8IZQTFI9TH1DGBQ
DA:265,1,cXCeT8cuali38yGtGjjDAQ
DA:266,1,dadvnZ9Oktw6YFH/CQeMbg
DA:267,1,BgPPKtuTGk+VedB2edAmWQ
DA:284,1,KjSXdLhdmQk+dIXKYPnJpw
DA:285,1,I/JGy2+UL+eNSwljJL/+eg
DA:286,1,eUHwuxSav2zVGv6vnIZ6HA
DA:287,1,F683as+nf5rsgCDsPf0kaQ
DA:288,1,Zck7hFYFNrczVYd+jQzgMw
DA:289,1,Q4Tst+s95zl4IUuRufxk4g
DA:292,1,U06Xyv2hMJ6EXt8gSgQnCg
DA:293,1,WbzkXkBmpeE5Z8gSlIfuvA
DA:295,1,40D7hmE50rHuoJpKT15I1g
DA:297,1,D8j9Fq8Iiu1Lu3f0U0YM1Q
DA:299,1,dadvnZ9Oktw6YFH/CQeMbg
DA:300,1,BgPPKtuTGk+VedB2edAmWQ
DA:366,1,Tv5bBLwc5fWJ/ZFQyfOZfw
DA:368,1,KjSXdLhdmQk+dIXKYPnJpw
DA:369,1,Auee3BKF5ZFQQGUHWSE3qQ
DA:370,1,eUHwuxSav2zVGv6vnIZ6HA
DA:371,1,6mM41JsFNxhcOkBzlh3ISQ
DA:372,1,GHb1gESRxE2BYjTM3eeb2Q
DA:374,1,CxB0XFCHG7lUi8EU0MxWNA
DA:375,1,nFfq6hbUXrMZMHnFqWjBuA
DA:376,1,3g2eqDMqAsWplmNByyJ/iw
DA:377,1,s2bsbUL7xS0dBrElVuM0WQ
DA:378,1,RbJs+mWTyzqjvQtEo1Da0Q
DA:379,1,r91KAJl58hYzdQZvcn29tQ
DA:380,1,9qAQ0sQt4rgGRkyZNcOTMw
DA:383,1,eUHwuxSav2zVGv6vnIZ6HA
DA:384,1,RbJs+mWTyzqjvQtEo1Da0Q
DA:385,1,0lcwutv5IMznOocxcosiLw
DA:386,1,r91KAJl58hYzdQZvcn29tQ
DA:387,1,9qAQ0sQt4rgGRkyZNcOTMw
DA:146,0,8hdiv0dB6vDE6Hx/Xxo5uQ
DA:179,0,/6bdKiVGj8h4WWtYnpA6ag
DA:296,0,IgKI5LVoy8W4880BNtAJtw
LF:120
LH:119
end_of_record
TN:
SF:nautobot_design_builder/design.py
DA:1,1,MaPlH4IMPgdGM1GtK5qzMQ
DA:2,1,qLAaloR/f+XZxG5VcyqNzQ
DA:3,1,j8CSjVDhiEtN9JYZFKKG7A
DA:5,1,mPktJROFzUc2RVdGc5qX0Q
DA:6,1,fVX3QWQRlZsF1Q3Amc/lfg
DA:7,1,AxrGGy4AGqhjBXpp8bvgPg
DA:8,1,wf9hZ+sf3npyEsm+HK3O1Q
DA:9,1,AEz9G3tO2ZHXohYH94WyQQ
DA:10,1,F/I5ensPtWrx57W9Aka1Nw
DA:13,1,wNi7iY4nSqlQJ7TdT4f0ZQ
DA:14,1,DqJzOkJWoOUwhm0MRETLaA
DA:15,1,3ehZRBqhSNqwdj1DTHUXVw
DA:18,1,QZgGGeeVlfIKcyFTkT2xhg
DA:19,1,Teqe3HtjCGxvZ3QYeIxt3Q
DA:20,1,8tiLuElzwfuAnHihdfY5Ug
DA:21,1,fqxx0FQeAqjzrhpxB52mRQ
DA:22,1,cQV7gtZXEMy8AxktV0XC3A
DA:26,1,+AHb/jYMoiouqaqlFA98GA
DA:27,1,tx7uxslNS1IX2CM6tDWtXA
DA:48,1,69LSX3Qwpck7+DFz3CCcdw
DA:50,1,lV8P+NXWwaGlMBxUOiuTgA
DA:51,1,qEsHPyEDMLbzhD0N1f6syw
DA:52,1,Eb0oKQ5PHls+djHQXox0Sg
DA:53,1,DL6FQQkQekx4znSW6nURyw
DA:55,1,Nx5BHsLGyim8/18MwpdwUQ
DA:63,1,NbP8PdhHHAffr6zo0r8isA
DA:64,1,rEgGhgj6AsCAO9wr464prA
DA:65,1,PLDelRv2zoxKs3Jz0IcgTg
DA:68,1,NAK5UJXwJePRruDDTMCJ0Q
DA:69,1,AaC5fwYDu8R2BXSRq8u6NQ
DA:70,1,ILQ8SBwwyG3H4PL7R3s7hA
DA:71,1,DqGsNDkkRGmtd0vFx0cjLQ
DA:73,1,p5BjW20RKuBGAowlgqSjtQ
DA:75,1,ehB2vKQBYS53lnqAJtGa0w
DA:76,1,D+cREHQpZbyJOPy9rvn1Dw
DA:78,1,HmADa1g/W1C2Vo9Wm4sNNA
DA:79,1,zRp4lsX9Y0NLhpIMgiL1aw
DA:98,1,pO9Xr5BVmKveO6jdStUlrA
DA:99,1,ClFLWnYRo9uuhmNODe1Ihw
DA:100,1,uTtyjfjzGIhI3tAgY2UM4w
DA:101,1,P5Sz7j2jNvwwO9VD8OqWeQ
DA:102,1,ozUBhoo7s6KnNwNJZcdWUQ
DA:103,1,F6Eg82MJl9zxMYBfNs2ieg
DA:104,1,GMF75qEr87FA7W0QKMTX2Q
DA:106,1,7x1VX1Q1v7X4uW2GmbUvqQ
DA:107,1,WvOGulORJWKctXEBci4ENQ
DA:110,1,VX0zJeKcOzHecY6a0/00Rw
DA:136,1,IJTGReJKQ19Ump0WHrxrMQ
DA:138,1,/XDnt/W1//GYmd5E5DssQQ
DA:139,1,rVSHT+uvhckYddPWCnoPjg
DA:141,1,ZaY+kWcsfLM8LKRP7Not8Q
DA:142,1,hhNNIkMbMj6U/z1493SWHw
DA:143,1,8D2UIYv57GgLxCiU2Sj0zA
DA:144,1,Ps2CZyHzKG1WIa/4ND8nIQ
DA:147,1,LElvDeKM/nxuq+vf24Tbpg
DA:149,1,dDpI1xnYM7U9EkV5ygfLLg
DA:159,1,WkR7zE+nHdlMEoUMkqLEPg
DA:160,1,prYc5BG+F9caBgPHkQqJDw
DA:163,1,W+YPLJ6xNFRDW0NloLyyuw
DA:164,1,l/35dTtghYiuOm5Thu8i2w
DA:165,1,PuuMrGOMC5JqLYX2Z2Kd4w
DA:166,1,ogsBzbQF9Wsfmt+9gx+LUA
DA:168,1,5havSv0zvX52w1aTpfJfew
DA:171,1,6nAvm9MxA9WIO/XwMbxf5A
DA:172,1,+RClZZwuaVI5qsLJHCQYIg
DA:174,1,4LgMgWBGno1n5MNJ8WRFsQ
DA:183,1,KoAcrzTWHVfMagv35X7PwA
DA:184,1,hi4+5dIzd4C/X8vU4Cr7qQ
DA:185,1,BDoCWz7RfmyzjOyDy3bPXw
DA:186,1,j4Hvrq2uz6X7/48KF1B3yA
DA:189,1,WNVnHHXEjiudsWVzA1C7Eg
DA:190,1,7jyaBQeKaSnR8PIQ9DGd3w
DA:191,1,U+nO6pMt9eIqmZJbG8zEkA
DA:192,1,+DlqnGSDv28jPX1ijegnaw
DA:193,1,98xSbGeEsOKxMpMCHhuYaA
DA:198,1,ITa85MXdNnmGXd9rZ4thCg
DA:199,1,FxlLTBm7lrwPXbaZ2JTFEw
DA:200,1,P/trnDI8674e2VpzLOYM8A
DA:201,1,4/2Hs3rRhSBFgeoGUapsmg
DA:202,1,rFtTSmJfVJcN8Y3K6zEiXA
DA:203,1,rlTaZfgjK22+KmuDk3tz0A
DA:206,1,DZ3Nn0K3yOICfGjGqpD1hw
DA:207,1,4cTl5WgoLZ0tXUDkDczORg
DA:209,1,WP+3V4UV/ZecS5Ja1sZuKQ
DA:210,1,NdW1G/u7CwoYRJxyrhv+pg
DA:211,1,AG9I4Yl7x65RQFIbdE9yKA
DA:212,1,ltyLHOgZu4OBp9L698ke7w
DA:213,1,Ad7wn5yMGOObBqGwFoBWcg
DA:215,1,xjcDBnSwra0OiNOAYAwoHA
DA:216,1,FtCpmdnA/QA8HFfkhRgUDQ
DA:222,1,94K/Hc/jM4zPmvg3ut78sA
DA:235,1,ixdpEZ2j826unnl8vqAltw
DA:251,1,/2j32jg5ZHZlz92Q/nkhUA
DA:259,1,lE2aSpUgcKktZSAStVZkSg
DA:260,1,DK52z4ZnBVn1HFnMyy8krg
DA:261,1,1fyiNLyo5r0UokKhJqHLlg
DA:262,1,pUFCpOZeDzsfCwcN0QTrTw
DA:263,1,KxE/OklkOHg9U0LzwU2F5A
DA:264,1,QVZZslJNiaalA8USW7n/aQ
DA:265,1,XfOTm2Q08ZaDcWd8cPbD8A
DA:266,1,jk9jv9ccBTFyS8Xb9RG6zQ
DA:267,1,yT+S8k6r2OiJeHCTlIrLeA
DA:268,1,DKrWiSMWz18g1gGDWaLk+g
DA:270,1,w+7Bx0iRbppmwdMIF5KBHQ
DA:271,1,siDp5LEGNmioMslmWZfcQw
DA:272,1,P+QjHD2zCMKmdkjM0AdR5w
DA:273,1,1j0mKPLb/3DI0ojrGMVfYQ
DA:274,1,c6lUVbBHwLMOZxQanQE6Qg
DA:275,1,zqR5VwxqOw5/uvBCQu1wGw
DA:276,1,zQ5G+IEoT+FsnAR04IxY/A
DA:277,1,RNFUlbq1WkuQ3a4kovZWSQ
DA:278,1,1LysKCACGktTV9E3g+CxIQ
DA:280,1,h1rnbb+tnMPa0CDIIiiOYQ
DA:281,1,DGFugzhZSFoaluwR29ngTQ
DA:282,1,0mkkdlY8VavUcT/zjaVPyA
DA:284,1,E9CvNnrK8mol0tDD1P45+A
DA:286,1,DW/f6pMRHTbNlyK61+Fauw
DA:293,1,TytpRxvgY+n+Y3SPPaohWA
DA:294,1,GnlIy3ZzNVuoaUc7btO4hA
DA:295,1,ZcA+QUvhuTmdRb4JGMkW5Q
DA:297,1,1D7q9bE+u6UzWEwzz/KGog
DA:298,1,VZkd+BHMMWbICpcI+btZLA
DA:301,1,B13jNUikQn59oIfWkC9opQ
DA:302,1,gnzDcZQ0ImjM+QrkSrN77w
DA:303,1,yiinNx9mubEslU79WYmM0A
DA:306,1,cvm147qyGcANI3R2WKznAA
DA:313,1,8ad0Pjdex2mMfSyYRUKjtA
DA:315,1,O1YPRTIJ8vLZIi6FD7b2cQ
DA:316,1,tltyDN6WY+dd2IjxrwvKkg
DA:317,1,aJ4uk5vN+jddM9cHd5t++Q
DA:318,1,ycVKvKo6o3d26Bw/r45ntQ
DA:319,1,MnzpXe1veqpfA7nIMRo0OA
DA:321,1,bPclaaevouTu2w1WLZUaAg
DA:325,1,haxdyogi8X9FmVxcAG303A
DA:326,1,pzJ5eJmE7UaUSCtAS759UA
DA:327,1,BshiFAnjVJlYLP7givmxyg
DA:328,1,QvAvwIairYtLpzX6ux9Z+Q
DA:329,1,WHsirJ+b7e8E9/fyLe4G0g
DA:330,1,V8wfAUUhy5MI31tJZ450Ag
DA:332,1,quf2u8DwTXmkhxbGFUo9Fg
DA:333,1,A1LDL6NWF2Fb3XKvy6ECkA
DA:334,1,G41kJZiGp3KJ4B5Trv5rgQ
DA:335,1,coaKtao0Z0opQxFl1GoH6g
DA:336,1,Gg1nl3hH8qdBJWgHwWTalg
DA:337,1,Ha2+lnPQVilZDW8M47CwgQ
DA:339,1,83kWA5CPQz5dFqERFOpD7A
DA:341,1,xvWIcpcyNr0gyGcTkdMxXw
DA:342,1,RhvTiCMldLBPQ1dvcdcNrw
DA:343,1,I0xXzLEap8JuXobmAaNoDw
DA:344,1,LyRYBTs0Ub+zqAZx1q+cHA
DA:345,1,XLgi7gDioaV++XZ3LpmQcA
DA:346,1,SQktqttzaRDW+AGJbVYWUQ
DA:348,1,28Jn0kzFZTB2nlJb8HHmTQ
DA:352,1,VNZXZuT/mvULQ42hT7p5Ng
DA:353,1,sPPefJbv+nhqq8c31GmpYA
DA:355,1,0TlJDkVxeYE4d+wx0xky4w
DA:356,1,xJPqCHfDfBCCXqLNyaTSHw
DA:357,1,WJ5O+qAduyL0CsH84Kdx1Q
DA:358,1,PJIVOGVgYlLc78MkhftoTA
DA:360,1,4U2MNE+y9y3zvI9s6FBw7Q
DA:361,1,BLQtpQHI6kxTt4hVX9aqMw
DA:364,1,LxKwfyPKL2rAlxtI/AGoUg
DA:365,1,phJocI/pV/lKTV6My3aDAw
DA:366,1,V5mor9OC0/5Y6oaPYdJlqg
DA:367,1,OXmFQskNZovi2ATrgIhM7Q
DA:368,1,wGModxNIx/TcxVw4EXi3Ew
DA:369,1,tDdZzK3mZUrc7wjb+pZayg
DA:371,1,oNk8TWSw1wG5fVeny1WATQ
DA:372,1,A5mEjdFdMnwzkdLOxB4lUA
DA:377,1,GQlMFb7SDy4gK66xYy7b6g
DA:379,1,evQWLnSicgf8Kz6Q+zYvTg
DA:380,1,vHNeG5a89/dP12jXc/ov2Q
DA:381,1,FryAzVg7EY56z+IxfrybrA
DA:383,1,M3KVHHPC8aekTVjQgR4AlQ
DA:386,1,PWheL4KVzs1ZDkBwk/aDIA
DA:394,1,sMVh8OjzalEYrjhSUt8Hcg
DA:395,1,vYYVGTlad+vrL80hcemnbw
DA:397,1,1Z/Fa14CbKazPwknk3oTFA
DA:398,1,xjcDBnSwra0OiNOAYAwoHA
DA:399,1,WLBaJNISNw9bOj4Rhr8AVg
DA:400,1,VC1YFR4f4a9poubnIiFasw
DA:401,1,41Zq32seo0TLnqU+TZjcrQ
DA:402,1,EE+/sc596s7rAaRP2LiR1w
DA:403,1,Mh/o0WfMn1JQva+ifxHOkQ
DA:404,1,b0d4A3rNX0hJwtvLvZpSCw
DA:405,1,S6l+zfyFEf9l4MFNOghS0g
DA:406,1,io5WyUQvZU9D/xMd+crf/g
DA:408,1,X623chygGcYqWo4aCsGomA
DA:409,1,WxrmD3hI64tK08gXJTjS3Q
DA:410,1,ueNllWgz4nouk0Gvdpi5Yw
DA:411,1,GVncdv3CmwQxZw7I/m4wiA
DA:413,1,uXzjigiz1b5Pu1wSyAjETw
DA:414,1,yvRBr5kQn9MzPV8qZ5y3tQ
DA:415,1,IUc7nA08rpnXGlrtKmwing
DA:416,1,HjJLoGCdput1RXhEv/hBtg
DA:418,1,zJX/3hSrs79zkUS24QJUJA
DA:419,1,CiTgQeSDV6W5P44MJn08ow
DA:420,1,4nOEZT+Z3JyPxYDlnpiKMA
DA:421,1,tEf6LNvNJbB3pWorTgKf3w
DA:422,1,Z2sCLKdEY+JCfd2EO0GtQQ
DA:426,1,BnosKvpCd12udfdZAgPYFQ
DA:428,1,+0OMO09NWQfw9hFFiMchIg
DA:429,1,H25fBBPORnkmuheQvr9B+Q
DA:431,1,cctYSUnHUHL87elglChL8w
DA:438,1,xToCwNBxXDt2AsOWM9I4pg
DA:454,1,jJzkhxk1aVdvMt36bxttNw
DA:455,1,l3t4oyI6z+KUUXX5vR0Ocw
DA:457,1,S5hT46bA6lnpzrbNGFYI+Q
DA:459,1,jo87YKxxr28lf1fWaetY+g
DA:462,1,ZGeja9qvApyVJT4S8G95lw
DA:463,1,yOYTPCkjfkkGBr64QaVbfA
DA:464,1,8Rjzzum8gqxqVQ/rX/opVA
DA:465,1,NbWdLhfkmnPK7CM1xZQyGg
DA:466,1,eqbXBPv2ES+sqKXPKY+Ruw
DA:467,1,46ntUtA2eUg8gex48S5PGg
DA:468,1,g9meyOdFmnv9XcSvRPPMHQ
DA:469,1,laJosRdEeMHJ/4PP5NgeLA
DA:471,1,4LgMgWBGno1n5MNJ8WRFsQ
DA:475,1,B7m9JZIaDTJx9hpdMr78Ew
DA:477,1,o0ed2MvPPNH53p5ZTcYe9Q
DA:482,1,zflfzdoyexYAQ7/mavjOjQ
DA:483,1,DPv1uSD6p7mC9BvrtSj59g
DA:485,1,31HhvM6BUgNF95qJ2dPTPw
DA:486,1,BRiYcfTnARLzp9OiYm3zxQ
DA:487,1,n86SF3xc/mzUIOmfYH17Uw
DA:489,1,snO34rum7y+Uo8Et7DVIxg
DA:493,1,kiLPjeuULur9lfDc4VTKJQ
DA:494,1,5jrzSlptPQxGMaL7XrhikQ
DA:495,1,IovlliTpChM48T1dDjLvFw
DA:496,1,VgLxZNp/z9SLm3E3SPU6Iw
DA:498,1,ATTPgljjyRWCJL2+pSx86A
DA:500,1,XCXsP4gpWSvVT0kdpZYnuQ
DA:502,1,5c+QMp+8dgoTxQc3kp40Ig
DA:512,1,3vKwUpdn206g9+aMgU8hnA
DA:513,1,QbwzrvpIzVbMI7TL+nc0Sw
DA:514,1,Dwjd91USmMoWKfkSCVg/jg
DA:516,1,IESws56yI839IAk8yrC40g
DA:517,1,IW9libvAtBPXjBJdNSQ/ZQ
DA:518,1,Z3KXDFuorATpUIjn0uuU+w
DA:520,1,Vp93WtzQTXuHl1ZyOsmaNw
DA:521,1,psxZkT5OeO9zvLcQG86a6Q
DA:536,1,nkV73kGYeGV+PmqE9i8iaQ
DA:539,1,xjcDBnSwra0OiNOAYAwoHA
DA:540,1,JTwx/a/3Qtz0Ies6Pa3ryw
DA:541,1,DTOgHYxEsPbuIPbveV4PZA
DA:542,1,4I4lLIbrCDlwJQq9uEmNvg
DA:545,1,YLyFVi9P6nDNdDFDzWtikQ
DA:546,1,n9u9AfZd2IcShE54zP1Adw
DA:548,1,a+kHY0ZXB9MGcwf05yPsww
DA:549,1,3UXmifni+np795HtR5HAtQ
DA:550,1,EvYczwyB87zySEFQLDMGZg
DA:551,1,23zA+28lmgjD7I+G67u+QQ
DA:553,1,uMqa4xLaoYHSjbXN41mFeg
DA:555,1,Fc8F8/EdOaXCnYPGZ7nCFQ
DA:556,1,g1uoa7TL+rCQ+7+a/d/KIg
DA:557,1,K0PgiB84o3MhiyBDjW869w
DA:558,1,ffgfIa4HMIBNOq8EMycsbw
DA:559,1,Ai3RcOstehBaoYG1ieOk6w
DA:562,1,krxLt+kRdZzP4lZtghrxyg
DA:563,1,dgFUiSw67PGETB9bCyKLaA
DA:564,1,BorTe+0HQpcr3zDD5zth5A
DA:566,1,epIeyl9Pg9KaQ5Mx20UU8A
DA:575,1,l9GUVtS232p1be4czsoV5w
DA:576,1,6h3HapcHDx/eohRdiE4eWw
DA:577,1,1z+AMH0A0foAEQtrSBRqJg
DA:579,1,aP8LdwvseBQhKy3GJrtngQ
DA:580,1,tqKh4TmkQEyfSDDg1rkW5w
DA:581,1,VjVgn7F3ioHar/vUjIxo2w
DA:582,1,v/+VXwIf8YKw4P13XlitGQ
DA:584,1,MUZa5ZZAWOGOoUmVslqXGQ
DA:585,1,jMUm6ePNdjjZ8jioXxj1kg
DA:586,1,1XWEbzWDU4YpI+jW/zZC5A
DA:587,1,BorTe+0HQpcr3zDD5zth5A
DA:589,1,ZCAxyaJdlDBhsH2/WizLSg
DA:590,1,QPdg7WiqMzTN+PgMj2Ssjw
DA:591,1,2rdysIlMKyRp0WrLxJ9mNw
DA:592,1,DxJqJnuI0u/84e/fvKw0Gw
DA:593,1,994DZd4njAYPwtet1wMuQg
DA:594,1,aoMNdWkUwIE/k/fIWi2Pfw
DA:595,1,Z6oFQa047Sh25wciAvTNvg
DA:596,1,wlXlBQ1s4p/JWvq1MxdxOw
DA:598,1,X4iMYLkosJGkxVPyjFmy4w
DA:600,1,lk3E6mqONK/Mr2RCzHyM2A
DA:601,1,pBWfOSoefS5rHZue3oz+LA
DA:602,1,o8geaM1D/vZR2XIpM1P2XQ
DA:604,1,HyfmlYIXjfXE6uG13XKZiw
DA:610,1,lk3E6mqONK/Mr2RCzHyM2A
DA:611,1,UFn8BErfbIuR3VFdKubj4g
DA:612,1,+phtMfdIcy5Ds/5yPXBL5g
DA:66,0,A3TJrAhE28svCg88Cp5zeg
DA:88,0,9lI6jQdcrPHXUdIDXYWLuQ
DA:89,0,5aC0np7RVKHxemWqlgQ5aA
DA:90,0,CcZ4gOohF2rcdg1NHBLG8w
DA:91,0,WnAMH2Bcf/Z1O/ISAPEFoQ
DA:92,0,QXIj2RfDDPS43Mh3Iq54/A
DA:93,0,at3JgyUiKiOxWPcFrHxMMQ
DA:94,0,dt3GLZ5ofhAbi3YD24ypKA
DA:95,0,1ECcJmqYtiUDBcE7N3e7Zg
DA:145,0,N89bHVm5p1BOuyoO6f4uCg
DA:217,0,2BRAKqt71hmT1wq3KIYGmw
DA:218,0,LASTOsZE5sA62Oan46AyGA
DA:219,0,xlX6iqTstiLA/SANk/kZ6Q
DA:220,0,hIuXPY8ssFyS0i53Qjv5Qw
DA:228,0,xFSolzbIrpcqnEjllB9AYA
DA:279,0,/yh84q58xHE0YpYuOkGnXA
DA:285,0,JCq8mf8HwFLIUFG5HnL5qA
DA:287,0,EQHo0zkt2NWCTS6IdxBt/g
DA:292,0,iIY4XQQWCrI5076j7IaTvQ
DA:296,0,LydevBX+psSS4CCiBOeuAg
DA:299,0,NKm3jSreEtLokIgMktbyZA
DA:304,0,pDI50lMDl12r474s5CaaUA
DA:338,0,Pm0NVBU0X2hY2VA8cAv5oQ
DA:347,0,Fh3bQRzDsf87EeAK1utjWw
DA:354,0,mQyWfJpG2p4DNXlFLAEbhw
DA:362,0,u525d+halY3sq/N3N25uWw
DA:384,0,DiYOs3eNFoEHNjgAAeWRkw
DA:433,0,0Vgm7ao2Eg9V9s/0wHJFxQ
DA:537,0,WKsu0njlTXhrJoYUrHEofQ
DA:544,0,mcHnJKYt2xs56J4qmk9Waw
DA:561,0,uSwlYo92t+dK/N+xdJY30A
LF:316
LH:289
end_of_record
TN:
SF:nautobot_design_builder/design_job.py
DA:1,1,METfizf8OlaRMZuCWXrecw
DA:2,1,mUDsnWRiqW9R9nTILGKIZg
DA:3,1,8/DPjtWdo8z1/SINFFKe8w
DA:4,1,0tRnYWT7fnP6+iJzpYJFFA
DA:5,1,xq1b8Yh82kd98YYP7FyaNA
DA:6,1,WpEjgxacqgxANZhpobgHYQ
DA:7,1,TkdTY1aJYRsgoCX7IqBZHg
DA:8,1,F/I5ensPtWrx57W9Aka1Nw
DA:9,1,Y3j6rqljTEjQcLF/pfPnMQ
DA:11,1,MbUQwUlVKskBwRnfHtrsKQ
DA:13,1,7afavIIspuZBzewm3xoLJA
DA:14,1,ihZUu15iMEbuuVraWTTVlg
DA:17,1,2qapBOWKm4BGNljjn+4ybg
DA:18,1,2oaWOCLWCX05yOAgcqqUjw
DA:19,1,8tiLuElzwfuAnHihdfY5Ug
DA:20,1,LMJFPtt63/LI39qbEieYkA
DA:21,1,cTF83FwK8sXc/LdIZSS78g
DA:22,1,cQV7gtZXEMy8AxktV0XC3A
DA:23,1,GfRPaHcN44cIX8hLdmx71Q
DA:25,1,Kj0hFRChxOs13f2T8K0t/Q
DA:28,1,d1xfGp6biEYTlxJsJvxmRA
DA:29,1,Ov8p+Ed4f9O2ITxiZOvreA
DA:36,1,F9TApMtSleav149p+f9WPw
DA:37,1,w0A+2eBPsIaYVhSQifaiJQ
DA:39,1,M6/GYV4a1IX9cWDVo9ETzw
DA:44,1,Nnqu9X+lU2lagW39QNhFWA
DA:45,1,XoVUOkRyu3PGO4dLV1agZw
DA:46,1,Uax2BTnpRY6klfH9nEMfYQ
DA:49,1,uGUl/8ln5/u2N7ovgzVIXQ
DA:52,1,HhkO5FnXN0gMzqDCDEQ/mw
DA:53,1,cs7bi/b6YBXIQgJtRMyEOw
DA:54,1,RS9dz9bvtB4AFFPTNYx4gQ
DA:55,1,5rLqWMlkEtcgWif+HuDe/w
DA:57,1,+tMrvIJikSP8cCRZKFh5Zg
DA:59,1,+YwLpD90IwhFZ9f4KXNkKw
DA:63,1,SoRoDXAQQmowh7zAyDMDpQ
DA:64,1,QjCmabldR5fP9lRB9TZdXg
DA:79,1,/CLYwYGlkEvGvwqeT1ZIpw
DA:86,1,VHXE2tGNveOtbS6e6HjeRA
DA:99,1,zEIhHmr5ZD21OHN2EtwxNA
DA:100,1,hNFF5LpKMcgq4m4z5uAS/A
DA:107,1,h6JWOXkcR0pgPjQ9ab96cw
DA:108,1,Zg5V14RnDONmdZ8IpzbTlQ
DA:109,1,97cIgLcVTvhKZVOzQZzmkA
DA:110,1,ttgI0dgwsWPBLK/HtR3TSg
DA:112,1,CPwO5YnUT+PyFw80Iss71A
DA:114,1,xjcDBnSwra0OiNOAYAwoHA
DA:115,1,jJi9t6hmUuIYUzns/CiI1w
DA:122,1,vHHJn6Hl7XwwaDQ+6cAEzw
DA:129,1,+u8qHg+4FKjNrGwGhPWc9A
DA:130,1,mhBOfVxzZeADgDR5eD1NaA
DA:131,1,y4p63JYkqwQFU2BGDFimDg
DA:135,1,RS9dz9bvtB4AFFPTNYx4gQ
DA:136,1,u0F8n5GWVBJHWmf5MQUCsA
DA:138,1,9LB7HWHtpCzqSmmW3levbA
DA:148,1,dhMCudo8Xcx1Sah8kXZW7g
DA:156,1,ZMsM3RayNJvR5zpYPuwsTw
DA:158,1,GgbdWt7f7/skN4soGTMbEg
DA:159,1,9v3alP44VBBFZ+xrk2deBA
DA:161,1,zRC89Yx/bLBfB0K//zVBFw
DA:188,1,Vp93WtzQTXuHl1ZyOsmaNw
DA:189,1,un1llILupxw6A5M405EbdA
DA:191,1,OjfVbw1q6aUQw+VqOew3BA
DA:192,1,Z+13MX6usoogjOTzbhfyaQ
DA:193,1,BpBasuSOy5ooeGzT3fcBNA
DA:198,1,YgIbBltl3ci2079pcKJ5sA
DA:199,1,RcVgmtaODlCCLh+PkPTWiw
DA:200,1,5qjRcYCRj14aD0bLxiXqFw
DA:201,1,qC2Kysw9ZmH8vT1belieiw
DA:207,1,ZvgQJBsA8BAfZJEe4b1VOA
DA:209,1,MxthwEsi68s4XBgJrXATgQ
DA:213,1,uj5799b5UU4fmPiAcgdC6w
DA:215,1,4T5N0futB66RZlL8+pxHgQ
DA:216,1,vwydnhCrW64U5bnQaMXhKg
DA:217,1,e8RFgwIXz2kT56nf1HFRlw
DA:218,1,vlb4lLxzkCNP+8frJsaKXA
DA:224,1,gS2Nh7dChNYoa1pZdVPfrw
DA:226,1,xjcDBnSwra0OiNOAYAwoHA
DA:227,1,0rOqMmoQA4mU/0npP65nkA
DA:228,1,Y/ofwcyEwMK+FQ5XxtKTWg
DA:229,1,YLyFVi9P6nDNdDFDzWtikQ
DA:230,1,l7JxQXj5vPmkPLKKgRhqjA
DA:231,1,Yaj6HVfPo9D5hPduMaGPbg
DA:232,1,2x+JU6eKQh09T7w62lAEZQ
DA:233,1,jLYmAoq48DkdHH1ipv/DIg
DA:239,1,W+LiELk1SHOdVdJ38ZKFLw
DA:240,1,Jg//5Qa0KpFjdX1uLTbXFA
DA:241,1,oajjXm9cLoJK1D5Ke/ku5A
DA:242,1,fUeVs4VuOTHsadoXxAbGQg
DA:243,1,eqPDXmWJahKu1RtOSKPogA
DA:40,0,r7v2OmX+Y8C1I6AeIt1eQg
DA:42,0,hq8zrhkUiXdNf3mRHtn/iQ
DA:61,0,AIhcPOQ+PzvDmXcQijaB2A
DA:81,0,j5Lc6FDljR/4B7YWJXPkBA
DA:82,0,yxwwAMOjj2C7IxaJGVT2Gg
DA:84,0,Yxjq3Tc+HG5fYNvlW/L+mw
DA:116,0,qxDLxCzkoo5o3k7Ee0mnLQ
DA:117,0,WDTd9PxtuQZ6T5zLYLfTXQ
DA:118,0,VEPz08fzzEVol9JT4qQN/w
DA:119,0,zJ2tAmWymvdy3d70MSKx+Q
DA:120,0,23zA+28lmgjD7I+G67u+QQ
DA:162,0,xjcDBnSwra0OiNOAYAwoHA
DA:163,0,XLiIprSYN02foZz6n7HaOQ
DA:164,0,K3l6usGM44qSOFZJLWF86g
DA:165,0,OJIWEJYcJYZbW+zKB3umSQ
DA:166,0,o80cYC1wolB8f1gYDE2NHw
DA:167,0,ZW2ZUHv+y6KZlmRGy+ZB6A
DA:168,0,sQtLsosfRS19O5KSs03MWg
DA:169,0,M0uQbl0TiJNaCP25qTwKbQ
DA:179,0,rUafWwqyO3GL2gPFELCc1Q
DA:181,0,oN0MY5w9R0hihqjRqS7Rpw
DA:185,0,0tWeKnFR3qAR8zr+LpvlCQ
DA:186,0,i15TnMGy5AJG+mm0fk82Iw
DA:195,0,hKQaC+NRSYTE87bKhpd+sQ
DA:196,0,iu8z4yKbaLyA7k52TStccQ
DA:210,0,Yw/x5Ns7PVfack5rfA0SIg
DA:211,0,+19NP8TZqGXCxt1wmR2CBQ
DA:220,0,a02XJP7ZwRFhC21sn+zl5Q
DA:221,0,eqPDXmWJahKu1RtOSKPogA
DA:222,0,MnzpXe1veqpfA7nIMRo0OA
DA:235,0,QuIVqllfclVY4167G2/wDA
DA:236,0,pzwBlifBv5/VkovPhGVNDw
DA:244,0,3UXmifni+np795HtR5HAtQ
DA:245,0,Jg//5Qa0KpFjdX1uLTbXFA
DA:246,0,eqPDXmWJahKu1RtOSKPogA
DA:247,0,23zA+28lmgjD7I+G67u+QQ
LF:123
LH:90
end_of_record
TN:
SF:nautobot_design_builder/errors.py
DA:1,1,Df4n9uOShPrmSzzB7ElFhA
DA:2,1,qLAaloR/f+XZxG5VcyqNzQ
DA:3,1,fGb/YG4nEz17/+lgj0TFTg
DA:5,1,ckrFSLz/SjSLduIubRu5tw
DA:6,1,fVX3QWQRlZsF1Q3Amc/lfg
DA:9,1,llUepTsDIr7cASlbsjc/yg
DA:10,1,IGxiYPO2BjjwgWyum62oig
DA:11,1,B/Fo9U4/nMeRNS1JjGZVyQ
DA:12,1,MBXzlRooF76Kn5hFIuoeww
DA:13,1,NFmUlu2Zx9xFPu+idKS04g
DA:14,1,brIAbOk1/ORKL2MCkUNF/g
DA:15,1,W7gQKZE150AQEaXFQIudGg
DA:16,1,m6AJhEfEv6fAYaipyUKkWA
DA:18,1,2rYS119LOknScudQEODi0w
DA:21,1,UhaW5js440R75dSYtR9C8w
DA:22,1,qMscAGA1ocgebOvlUzt2eg
DA:24,1,EjvQmo6XmfrgDvRrKpuGtA
DA:26,1,zO/07MuAmcRG93q03q29ZA
DA:27,1,ChsT1fMnOlBMRco9qecnxA
DA:34,1,uf7eUiVstwn/tFPX1BNHQg
DA:35,1,fJVZ6fhZtLdswbElltZIZQ
DA:37,1,v+XEcciBstvfpCyr5vJaIQ
DA:47,1,WOwJxA6R7uUewE816b2YBA
DA:48,1,FiCLtTebcUX5MlA52j++3Q
DA:49,1,7jyaBQeKaSnR8PIQ9DGd3w
DA:51,1,KxgaGtJPkScc4OG7mJ59vg
DA:52,1,zVdJbOA2MYIjYvmwF857fg
DA:53,1,DMa1tKE9xfYY5Vr/7YEJQg
DA:54,1,Z6vhHGfJ9f3+k1LAPEmtzA
DA:55,1,4LVcJqU7x1o5b5EKjBPK+w
DA:57,1,zAko8sTRqHcFzzdOrwuZzw
DA:59,1,XWXbFoOXy+wuDWv4iECvdg
DA:61,1,MC8T55vIHEJZu6v9SmBgNg
DA:62,1,1p0lsNq3SXbJC7/3xSPIbQ
DA:63,1,btaNQQyFO9aU7t78/6fiTg
DA:65,1,vrlqtvy5ic+Ouhzikcy3pQ
DA:66,1,P066db9dhiy7P50xryQ7iA
DA:67,1,93tHlM8qTjLpTs3uCMaUbg
DA:68,1,O5kjTfj9TTgHe+SiYVQ/pQ
DA:69,1,c7bdrhBirkw+c5xKQxYtKw
DA:70,1,vpozhH5UlUBJ/f+2g/+VgQ
DA:72,1,KxgaGtJPkScc4OG7mJ59vg
DA:73,1,YUFUtQV5sGVl/Vp2dWskWg
DA:86,1,HmADa1g/W1C2Vo9Wm4sNNA
DA:87,1,gu4BprspmM+SzpDRtGNspg
DA:89,1,xC2SwMGlya7XiawQRoN3qQ
DA:91,1,HmADa1g/W1C2Vo9Wm4sNNA
DA:92,1,A/ismnuz4fr/K+fLZ5rSMw
DA:94,1,Btp0Y952lS2YyQjgBdebaw
DA:95,1,CqD52NCdGz5igsQH6A5BTQ
DA:96,1,66jgBMDszV9wf5EZheiU3A
DA:97,1,WlIj086vhdQ/40lgeCHQOg
DA:98,1,JRKmk/G812GYj/8rv8Zphw
DA:99,1,A+uUqFf9S66+bwcKRLlN6Q
DA:100,1,ct9cJmfFVxkQt8z/oeZldg
DA:101,1,5jlaUx6McLTuwzU31odPgg
DA:102,1,9LGy2bGPMyp9C3Wh6wbE7A
DA:104,1,Tb4cFw3lfbYD9ak+yKWuNw
DA:108,1,Fn5h2KHb99JLhNkKMxT1eQ
DA:109,1,y74aPEoxfA6dCbaBDCOBcw
DA:111,1,Ogd9i1JPX4nOH0LpHMGRxA
DA:112,1,0iD7WCsOaexeKqWkxXeb9g
DA:113,1,DV8hJ9ZpYVExdhRws1JbZw
DA:115,1,6s4EoOxYQ0QGbOxvezrcOA
DA:118,1,3+Oh2Jf3w1xXtU3lhTbHCw
DA:119,1,+Uh0uNYfLJn+7ZPSpYEOHA
DA:128,1,M1PxRBbO5YFINBVhUbMlsg
DA:133,1,FiQgyqj27FOiWzvWfTQhWg
DA:134,1,W7qfIBtfa6ei/OHNu8Tw4w
DA:135,1,y9xlWZSln7m+OIPd1y4ZbQ
DA:137,1,Z7dJbT8O/JL6Q4alPNlquA
DA:138,1,GjwD7n5SMpSO+4842FZujQ
DA:139,1,3Ob+sDon7JUzot6VNz3+bg
DA:140,1,gp5BojRxAldHoK2neNeETQ
DA:141,1,aIVd+dy2JD/8fg63g54YxA
DA:142,1,RCQTTev6c8V5RK6XInbXnw
DA:143,1,bxhXCIskMM5Pp5cB1SD31w
DA:145,1,dMfdZBLYhEoThESUGTW+Rg
DA:146,1,xYYL+yW1luihmZV5DO8rag
DA:147,1,eqbXBPv2ES+sqKXPKY+Ruw
DA:149,1,/7jA5Dy67f4w1wb6AcSEAA
DA:150,1,DeLHHRWQl+MXJEpgsfoUXg
DA:151,1,gsv441+X7RHnyBtL1E6W8w
DA:154,1,WhI7jMeYdHdot6fQQkAIgw
DA:155,1,iNUG3GalUX0P0nXi9+bw6A
DA:157,1,oAVYu95jWjnqmJpGOr3d3Q
DA:164,1,/xIX+in4gGrpnb4J6UAh+Q
DA:165,1,oAtoAx9dsexz1aAHUBFHbQ
DA:167,1,M1PxRBbO5YFINBVhUbMlsg
DA:183,1,z5fhZ8OMu+Y/Xjnx47nmvg
DA:184,1,9R7KiWJdHY6GAjBABJJ4Og
DA:186,1,j+CcxAIEiLeqjzkbiEHnZA
DA:191,1,+otqWJ/WU9XGXOxtfXF7Uw
DA:192,1,YD1GPZg+kjQP8Wi78/dpKg
DA:194,1,j+CcxAIEiLeqjzkbiEHnZA
DA:28,0,Dnz3VthYzxLRwhm1pAyLMw
DA:29,0,1MHqIkvOWAPk7zWgCJnp4Q
DA:31,0,NpZjiY8vISvZu+0tfeSWMw
DA:56,0,hfiyhd/YRVmiZ5SpIQGdFA
DA:74,0,FiQgyqj27FOiWzvWfTQhWg
DA:75,0,Ho1pwhDXFsq3e2avxTOdWQ
DA:76,0,y9d0oqp2NiCkukl3tOcdGw
DA:77,0,ll4B67N+7OW2O9+VHZ5cAQ
DA:78,0,2pQnQAtK3Pdk1TTfCDT1bA
DA:79,0,uv5rFijGfy6cueOsf+1t5A
DA:81,0,P78OsqFvsdyuFk9nx08hhg
DA:83,0,GtM9Q3317rPw9Mo1wrXXHg
DA:84,0,jfz7SaqRREhxhMOgxqB9Yw
DA:136,0,IvwMAcbFk4duWx2qqiTB9w
DA:169,0,FiQgyqj27FOiWzvWfTQhWg
DA:170,0,W7qfIBtfa6ei/OHNu8Tw4w
DA:171,0,y9xlWZSln7m+OIPd1y4ZbQ
DA:172,0,IvwMAcbFk4duWx2qqiTB9w
DA:173,0,EE4Sh0hn11qtjR+fZCOQkg
DA:174,0,2Hf/3PhFqzBBlyYi9TDy3g
DA:175,0,bMgu1sQbmjjQa+l8aTOkUw
DA:176,0,lBtHey/wTPa8mlJmFuiRYg
DA:177,0,ABH547wiV4NHs3DEZ+91rQ
DA:179,0,Y7jwZ7iNA8LSU1X3Z1G/sw
DA:180,0,jfz7SaqRREhxhMOgxqB9Yw
DA:188,0,KNhgs7UV7LVmZkcSVTcFlA
DA:196,0,Gh2Xg0BhAeFJbMxKCxTi7g
LF:115
LH:95
end_of_record
TN:
SF:nautobot_design_builder/ext.py
DA:1,1,xFK9pfUDhQYTJ8tjA0NoUw
DA:2,1,7Z9Lj4ed27Wf2hBX6jooEA
DA:3,1,0tRnYWT7fnP6+iJzpYJFFA
DA:4,1,LLYH8DoVAN+jfzd9Upv4FA
DA:5,1,XmVqsaxKSFyYSg3LrbMWoQ
DA:7,1,o7XN3CMj67n397EmDP0M3w
DA:8,1,mUDsnWRiqW9R9nTILGKIZg
DA:9,1,TkdTY1aJYRsgoCX7IqBZHg
DA:11,1,z+hvdMGbbszPAi+n4N07ow
DA:12,1,kndsUtZHNyaT8HgPh+ur9w
DA:13,1,op0X6C9R+Te5/9dNO3JqAw
DA:15,1,rOMIMlbvtyu7gXIIy/UEaQ
DA:19,1,p5gISpolt5EXbnKDhEAdJQ
DA:21,1,8yyO/7vwi8POEMTkqq1/tQ
DA:24,1,zqt4T3RFE4H9nwFRqJeyFA
DA:34,1,6rc+ZIDrYxRxJaDRYwoyJA
DA:35,1,KClkP41RMWcawT4DQ2Im/A
DA:37,1,eNXV4zWjttxEfE0dzbSV3g
DA:38,1,aHry5MsbJnGXPQNkFnRa6w
DA:39,1,bs34thHG9ycRxqwnMNzKAw
DA:40,1,/wtXmZmcJbuYY9zEsJ23Lg
DA:41,1,W/g8GJDAYJkSSurt59Mzfw
DA:43,1,9rjQN/Kwmu/wvj+HpkWqjA
DA:46,1,xrozITxLmFicve13jT4Ovw
DA:47,1,AoZcad5njEl6do56CRNZdA
DA:71,1,HmADa1g/W1C2Vo9Wm4sNNA
DA:72,1,XoVUOkRyu3PGO4dLV1agZw
DA:73,1,nZ6ohG+zQSdGl7vedsRmOA
DA:81,1,O6KYuDKfSATmKx5D1RntPw
DA:82,1,3uIkVcYucvfiPCLNycny5w
DA:84,1,riQf4uAwiYGKlzPgRQbqpg
DA:85,1,HuETjSLL2jfjCu9zT1pF6A
DA:92,1,cVrXY17oya8Uzleg43ORJw
DA:93,1,XUzYw86JTJyKBiDPlS8Bmw
DA:96,1,8g4hvZZCTHXeI/6GugHzzA
DA:97,1,wNb4pbBZt83p0CoWUHlOUg
DA:99,1,XoVUOkRyu3PGO4dLV1agZw
DA:100,1,UXZhpEEFQrZNsNTbJQpAfg
DA:109,1,3KTed9p9dI5sfiFnxnDXUA
DA:110,1,VcW7kpOpCmJSMUPjAwX1sQ
DA:112,1,XoVUOkRyu3PGO4dLV1agZw
DA:113,1,8cXk69QN94CYxIFcOYoRrg
DA:125,1,bwdiaxwrNEwdwSpnxJ54Dg
DA:126,1,g+X0QSWrzu09UBeUQivFKg
DA:145,1,is7EG2hui62RpJqUk1ZtPA
DA:147,1,O6KYuDKfSATmKx5D1RntPw
DA:148,1,UheOl9QUCDio9BaDm1OICA
DA:149,1,4IGI2CZKEwaUvkFfqRoaLg
DA:151,1,XpXoNA1FTrB8o8LpJNqRZQ
DA:171,1,s4m9IjH2eWYkIw9974z0ag
DA:175,1,FVlkXH0EtU7zkciEXbYNRw
DA:177,1,9ROu0K1iJmKBckz4z3rzTQ
DA:186,1,jUwVALDAjtzTmUvhjYvNmA
DA:187,1,mdtsyzCHloSpMkyVesii1w
DA:188,1,p1LuYnZhzlfPVsDvDfvVnA
DA:189,1,Isenrzu+lyzBsl6B94JSaQ
DA:190,1,xjcDBnSwra0OiNOAYAwoHA
DA:191,1,mCmx+GpmpzPe9UF88MyZfA
DA:192,1,Iyc7OFdUwu47XssfhAqplw
DA:193,1,04+hGzHqk1WaNpWEctCo5g
DA:194,1,P+F91E8turet6T/5m2/vaw
DA:195,1,Q4JqNK1qF1CCnSB9H4ZHgQ
DA:196,1,6xvTj0k+n8imfUitDEr9vg
DA:197,1,4lgEa1F49j8REii5YSY07g
DA:198,1,+vhdGuxX2TOFyuBN+uLIAA
DA:201,1,G2J6aE+iTQt3uN3NP0El6Q
DA:202,1,uPaJxBvnxkyWFhfSmJ5pDw
DA:224,1,SbLfdngDHppIEzHbdZpFfA
DA:226,1,O6KYuDKfSATmKx5D1RntPw
DA:233,1,5OUALZsfmxlobtexTYMqhw
DA:240,1,XpXoNA1FTrB8o8LpJNqRZQ
DA:276,1,X4iMYLkosJGkxVPyjFmy4w
DA:282,1,HyfmlYIXjfXE6uG13XKZiw
DA:16,0,No7JOEsN7gwVNPTyVuxT0Q
DA:172,0,n/pJePXzg+tHwG48ntTqEw
DA:173,0,G4RCIr8V1gl6LSLwsRvk9w
DA:227,0,UheOl9QUCDio9BaDm1OICA
DA:228,0,jS621T+tiCSGT9pn72J//A
DA:229,0,adfcemZE6usj8nBGmx3pFA
DA:230,0,4IGI2CZKEwaUvkFfqRoaLg
DA:231,0,D6LCejln8qNApHg2OCLDWQ
DA:235,0,Ug1XRchNGYjiFuS36C22ZA
DA:253,0,WwUuGR98WZ6d5i7UG/O4FA
DA:254,0,06gNSqWc9NKMChrzmG3eLg
DA:255,0,F8lXpeXcyPTWLGzYNOnHng
DA:256,0,UZCocBYPDMW3vtTvJyWM2w
DA:257,0,hWxV3WjnHGvEMja6jo56pQ
DA:259,0,DDhwjcXuZhCdF0NSo1ub3Q
DA:260,0,CRBcR08V97hAUTpv/wOl7w
DA:261,0,xjcDBnSwra0OiNOAYAwoHA
DA:262,0,3/KQ9y9qmGGrOsBkW2dn2Q
DA:263,0,3a01M/M4+p6lWoGXOPQ6fQ
DA:264,0,7qCD2WuHm8dzQZ324NZqsw
DA:269,0,B+ZJQ8zBxPMiDZhsnR0Fag
DA:271,0,pH0qsM3xALjXN2YyvJ+CvQ
DA:272,0,CbZT/vXGOTA92tneFfoDAg
DA:273,0,gRq4FeagvhzAzOov8RcAqw
DA:274,0,rGgP9A5sijQSNIo9fUirpw
DA:278,0,wqC5TOVlP50nk+U1kyiBmw
DA:279,0,YvFMZZPI5MWTfLULtZ8QXw
DA:280,0,D6LCejln8qNApHg2OCLDWQ
DA:284,0,kR1PQRoN9LplNUmNPC9a7A
DA:285,0,CsW2bj5jBmVERgWArgd2Jg
DA:287,0,dD5/SlF8DCbV6KNlwuU+lQ
DA:288,0,zz2ORHYVXej/IInwRav/Ug
DA:289,0,D6LCejln8qNApHg2OCLDWQ
LF:98
LH:73
end_of_record
TN:
SF:nautobot_design_builder/fields.py
DA:1,1,t66DowiYhaXt8PTp+OffNw
DA:2,1,0tRnYWT7fnP6+iJzpYJFFA
DA:3,1,x1iq+MZ4VzF/t1KTh5dxMA
DA:5,1,fVX3QWQRlZsF1Q3Amc/lfg
DA:6,1,AxrGGy4AGqhjBXpp8bvgPg
DA:7,1,Y3j6rqljTEjQcLF/pfPnMQ
DA:8,1,d6V9goKztZd2sMEqNUTGEw
DA:9,1,5VRTxFd6S2NRgCcRB+YECw
DA:11,1,y2acY/AR+g4iQaXGnfQxyg
DA:13,1,DnCUYdgTfHLRECGc8t13+A
DA:14,1,RkKObKalihK4MOFYp/ahGQ
DA:16,1,kndsUtZHNyaT8HgPh+ur9w
DA:19,1,fGZFgHQuZ6Ag+GoDyPLirg
DA:20,1,b27ghzhuGaDfCF2JHVzakw
DA:22,1,XoVUOkRyu3PGO4dLV1agZw
DA:23,1,l7RGkPjjc884yV6Zc7nHoQ
DA:30,1,HmADa1g/W1C2Vo9Wm4sNNA
DA:31,1,XoVUOkRyu3PGO4dLV1agZw
DA:32,1,Qqi0LzxP7hgEohKpc5LSHQ
DA:36,1,1+3U3dylWT0X8aCpFSgw+Q
DA:37,1,/0brm6LRehW+wxVRl1JMcw
DA:39,1,KlDwMlKOujLVw5qMyv2uVw
DA:40,1,9gF/O81zjsMKD9kr10LNyQ
DA:42,1,cbUnGj2WJEx/yxur29wJKQ
DA:49,1,udN9LS8QjcRlMCWiDFcCwQ
DA:50,1,Pg2AU9CInInzs/6MzL3BCA
DA:51,1,8A+l4LH4NIXEcXub5x2nzQ
DA:53,1,HmADa1g/W1C2Vo9Wm4sNNA
DA:54,1,/R6W0+9svnGrZqtdErlB7Q
DA:55,1,W/g8GJDAYJkSSurt59Mzfw
DA:58,1,Z2aTpNvJ3F8bkpM+UXRRPQ
DA:59,1,U1qQRw3DvjXLsnzoArq3Cw
DA:61,1,IZ7WwSsu9G22yNiS5Ca2eQ
DA:62,1,21HUQFE+IESp3UcwzSTDNg
DA:65,1,YuKV0Bek1va++GozSGzVXw
DA:66,1,Iu+XW4fmjLGXss4k7wImvA
DA:68,1,HmADa1g/W1C2Vo9Wm4sNNA
DA:69,1,/R6W0+9svnGrZqtdErlB7Q
DA:70,1,eJ6zrxnLWn/k18a2vHOhRA
DA:73,1,M9WG2bC45v1ndY14DDlJkg
DA:74,1,Tmx4JBScsKeNjDL2nf72ew
DA:76,1,IZ7WwSsu9G22yNiS5Ca2eQ
DA:77,1,21HUQFE+IESp3UcwzSTDNg
DA:78,1,dfCOlGabraJ4MU87qPKJjA
DA:81,1,KEF71hDqNRZ0egeWTZsEhQ
DA:82,1,eZrfL+NRBZ0LM7ctSXd7Xw
DA:84,1,IZ7WwSsu9G22yNiS5Ca2eQ
DA:85,1,pEHh0OjbXnLC6S3zZNhjvw
DA:86,1,ix6nm4XVTzS/bAn/jEkGkA
DA:87,1,eSA9QCgYDAMfQTCsebeabw
DA:90,1,JI8yORmNWz+kAL3moR+ong
DA:91,1,Dil8MsFUyEu/+0XQGSKqqA
DA:93,1,EKNuO3IAWVicn1pM1snkeg
DA:94,1,k1S8cRUP1JKxVc67B8dtpg
DA:95,1,Jomqkdo/O1drB9KeNZaEZg
DA:96,1,r7503fDhA3m9x1/rJpV4YQ
DA:97,1,lXGALYwhfxjYPf7HbtrmuA
DA:98,1,XcENTu1v1fV+0fNVcn/Y0A
DA:100,1,IZ7WwSsu9G22yNiS5Ca2eQ
DA:101,1,MVSUuP+yLpc0kMS+Th4n/g
DA:104,1,TSJ8i7kzreh60oCi52j62w
DA:105,1,ICYq3M7/0p+5bqBC10ANBg
DA:107,1,IZ7WwSsu9G22yNiS5Ca2eQ
DA:108,1,MVSUuP+yLpc0kMS+Th4n/g
DA:111,1,ADW84v9cGItzZHxke8myEQ
DA:112,1,3MEpYHhzej6Qj1Lc3Ifhkg
DA:114,1,HmADa1g/W1C2Vo9Wm4sNNA
DA:115,1,/R6W0+9svnGrZqtdErlB7Q
DA:116,1,W/g8GJDAYJkSSurt59Mzfw
DA:118,1,IZ7WwSsu9G22yNiS5Ca2eQ
DA:119,1,+thYLymQXXhXfNNY93g+gg
DA:120,1,IuKUb8gTkseYz7eC2UMvKg
DA:121,1,m/LDnish+BRJLOPc42y8nA
DA:122,1,dgFUiSw67PGETB9bCyKLaA
DA:123,1,ZleuRx1gynWPLx/cYwNNVQ
DA:124,1,uWQcI7WklbQqhu0jrrvZXQ
DA:127,1,nO5mchBH59zrVAMUzYidQA
DA:128,1,1MiwwutCzDn2qJC7+lESKA
DA:130,1,EKNuO3IAWVicn1pM1snkeg
DA:131,1,k1S8cRUP1JKxVc67B8dtpg
DA:132,1,xiShxIujoZzFyoNNkOlkuQ
DA:135,1,+6eKn3Agmk6iMUIQrW522g
DA:136,1,6dHjCJacgVnn3bLXlooBJA
DA:138,1,HmADa1g/W1C2Vo9Wm4sNNA
DA:139,1,/R6W0+9svnGrZqtdErlB7Q
DA:140,1,W/g8GJDAYJkSSurt59Mzfw
DA:142,1,IZ7WwSsu9G22yNiS5Ca2eQ
DA:143,1,HqY4zAS/sxpa6lQb5XNOyg
DA:144,1,xvWIcpcyNr0gyGcTkdMxXw
DA:145,1,UNafEHYVOQvZWUmjwQsxCw
DA:146,1,P6wd+0yceKQ9RfIRZkYjgw
DA:147,1,aRJrUhb6amXbZBpsa6NbhA
DA:148,1,aaij1zp0nwmQJwAOw7hv0A
DA:149,1,JO2+3t7hiCIu/Mk1BL+MDw
DA:150,1,4HjrNoSq2QVutGCB8zVXCg
DA:151,1,FM8Tq2y7VFDtcBXHD2+3RA
DA:152,1,n/iO9KLqmvOshBsosEkPrQ
DA:153,1,UTAETIBjmOEvS+971FX9RQ
DA:154,1,7l8w6r/4a6+K1omqV5BU6w
DA:162,1,629BUzlHO4vCW5cpI7L5Ww
DA:163,1,P1vpiw5oxtc6Q362lRmxqQ
DA:164,1,4ykUf8VCmtX0vg8BkXvkcw
DA:165,1,C0L/c9teOfSEQ264fMixTg
DA:170,1,JgRm6FRdPGI3I9lbvDzaEg
DA:173,1,HU0GQEov6SttWSt9Z4whZA
DA:174,1,wsWpjCoX1ghPvQitsyJ3Ew
DA:176,1,PrVbSOqBlM14F+JRjolC9Q
DA:184,1,Mfkt0LclBZbLK7RUKbKv0g
DA:185,1,udN9LS8QjcRlMCWiDFcCwQ
DA:186,1,Lif2D9pn/vSdk3q1A6cNQA
DA:187,1,gMdMWwo1Vfm9UN5NUKPEpg
DA:188,1,kskUCahcgFaKQUyc88R6lQ
DA:189,1,i2WGVoeDXbB1h/fEFOHObQ
DA:190,1,dQyIwWBLapnimcPqV7PuDg
DA:191,1,c128d5z1mXe7UspYMeVWEg
DA:193,1,GL7JI3ZomE9gAgYEs1ReIg
DA:195,1,HmADa1g/W1C2Vo9Wm4sNNA
DA:196,1,/R6W0+9svnGrZqtdErlB7Q
DA:197,1,eJ6zrxnLWn/k18a2vHOhRA
DA:199,1,UdwDzhtZRzFHIwvEYO9IfQ
DA:205,1,dlwlAKmgg4EALIAzJzWsTQ
DA:206,1,M3v7pH9l5s4vuIZplqJuRA
DA:207,1,sCVGKBXGi/o1hs3OWXrdAg
DA:211,1,RoAk5d2BnaH/XHjGUh1/Lw
DA:212,1,FmHVRdM207cLvwbM4/6+hw
DA:213,1,xL0rxjBkA0CRrxp3Py3UEA
DA:222,1,DFmbzDacVo7/3eFhUrm9mg
DA:224,1,M2Saba+Uw8Vy8trSSET82Q
DA:225,1,KxP6nfk6V3hQnu8TbLY5XA
DA:227,1,BbcF24L9NaCsYvQ9XHEbYg
DA:228,1,ls16QPJ9b2MxPfTAT/6ZEg
DA:229,1,YIw8lWi5aEsjZNvL7hiUJw
DA:230,1,3Z/z+jP9wt7ndJQSC/uYVg
DA:231,1,WmDWwrDAx6hl/jEesByOmQ
DA:232,1,eeAcHoDI8Pq9dB/mNCDMIw
DA:233,1,ZErcqAsHoQEuumRdDKY+/Q
DA:234,1,8GmEpU/QVy2s1Te4Kr1nXw
DA:235,1,hfLCFJNr2Kab00wi7VglDQ
DA:236,1,yzZil0RrTG1qY9JMCbLtpw
DA:237,1,Wg1MYbb1Sth8kYJKg2FUzg
DA:238,1,PB7C2SGPy3iARGKu03roOw
DA:239,1,gc9jODWEj4EvWSL3en0W9w
DA:240,1,vlZW4SyQYbd202LnnrLi3w
DA:241,1,icpPsjmFoeVl2973r9wdsw
DA:242,1,LKB5o1mxgi/8pENKRjf0Lw
DA:243,1,Z58mttuu883aFSSqultzsA
DA:246,1,fPGVU3uXf2B46T+bMrfAlg
DA:155,0,65SBCiHEP+xUcUP60NrRCA
DA:156,0,kAoJVfoKA3g4H3fI7uzWcg
DA:159,0,XLgi7gDioaV++XZ3LpmQcA
DA:160,0,dlu4y5e2rUrCYj5Cgk2lzw
DA:161,0,VpSOf0KiumkfQ2E4kTmoHg
DA:166,0,RfEL8r4TcHUM/d2ZLtzS5Q
DA:167,0,JasHzRwkVzDxIxib5QgYEw
DA:208,0,fQhysQMAkOtnNDAVNGEAgg
DA:209,0,SCPBl1cn6PTFUBWQjPoCaQ
DA:245,0,7JEso6dW9SB0c0Y8AOQ7Sg
LF:144
LH:147
end_of_record
TN:
SF:nautobot_design_builder/filters.py
DA:1,1,5TQibcLPgtWhgQNEOM/cWA
DA:2,1,l9P0PMTfULZH987cLs61pg
DA:3,1,6p8+6gi25Ee0U68QTrCx5Q
DA:4,1,RnFqI6Kyhi/7jsijjg6lNg
DA:5,1,U6xXRbmiEP59cIBJmilFgw
DA:7,1,pqsOWEsrcKHTl5TIZW2D4w
DA:10,1,0EP0VKlRq4noVxKjly1TIw
DA:11,1,bvp2nkRAZFdsNM7CerN7Bw
DA:13,1,P+V9PhGN2KT1vRJr5D7YKw
DA:15,1,1WSr2HcjPdQg8tar30WSEg
DA:20,1,HB4yIO1iyljTY8/arbQakg
DA:21,1,LZhnZA2caHIxVlVr3Lu1hA
DA:23,1,hXECsE+3cq8aU/7bPfBsbQ
DA:24,1,J/5SaPIo6DUjz0nOosvVHw
DA:27,1,4xQk78ZbhP5S3yxK1y26VA
DA:28,1,vwcw+B8EBqDIimQYsK1TYQ
DA:30,1,P+V9PhGN2KT1vRJr5D7YKw
DA:31,1,RX3QqUvuZAMLUnd4kDCNOQ
DA:33,1,nC6XnpM8ssKf+YnMWz6Nlg
DA:38,1,HB4yIO1iyljTY8/arbQakg
DA:39,1,LZhnZA2caHIxVlVr3Lu1hA
DA:41,1,Ui0lCyi4S/I811fKOvqYpA
DA:42,1,1iy8UDDftF1NHlkM6NnQKw
DA:45,1,zBtC6S66aFQWm5ZaXi9QcA
DA:46,1,q22gG75WNOoyGb5WW9hWBA
DA:48,1,P+V9PhGN2KT1vRJr5D7YKw
DA:50,1,9w0ou614c5eU8trwEKk0WA
DA:55,1,mC8GahURauXFLWegNMLBAg
DA:60,1,HB4yIO1iyljTY8/arbQakg
DA:61,1,LZhnZA2caHIxVlVr3Lu1hA
DA:63,1,u0uxo9SuP6KqqYeJ0488Ng
DA:64,1,pLMqDNGPLgwxlZ2OMs0XOA
DA:67,1,chOoKe+jAUqLbqrW9J92Rg
DA:68,1,1D63wYsQjndTfXuh+5O2iQ
DA:70,1,P+V9PhGN2KT1vRJr5D7YKw
DA:72,1,GBoWooetIlo+6iEZIOr5LQ
DA:77,1,HB4yIO1iyljTY8/arbQakg
DA:78,1,LZhnZA2caHIxVlVr3Lu1hA
DA:80,1,1bE48mAIMawMVbuE9nnf0w
DA:82,1,EUqGtGfcFCTtBKem2ZkaUQ
LF:31
LH:40
end_of_record
TN:
SF:nautobot_design_builder/forms.py
DA:1,1,RMRMdS6zfKv59RnN1S5zwA
DA:2,1,73Gibkip0uZ14ZdAPnWCqA
DA:3,1,tcdGJU9pEt5jDPoS0xF7Og
DA:4,1,6p8+6gi25Ee0U68QTrCx5Q
DA:5,1,0qPtjdOOBUt44UoFQEjNUw
DA:7,1,pqsOWEsrcKHTl5TIZW2D4w
DA:10,1,L4T1eXE+Vufe+XPfQCRLqw
DA:11,1,xXnSGoh91IhPCWPiXNQDXw
DA:13,1,lyP+7Y4UIHfr1wKuc9q5Bw
DA:15,1,jXgzPuFslrpAmd9t/wNAZQ
DA:16,1,+nz3ijYqmYo67a8bwLEnCQ
DA:19,1,wXUyf9xyYKLk2d3ebRfphg
DA:20,1,7PenK0LpVTLppm5xakQ+5A
DA:22,1,E2l2l6ACVuLiOoDQVaSSQA
DA:24,1,dc9x6lJ5mqwvWuHk6cBSKA
DA:25,1,+nz3ijYqmYo67a8bwLEnCQ
DA:28,1,6ZPhefdAgpTAp1Q19I7tlA
DA:29,1,4z0j5dArcawrIU6H4mUHHg
DA:31,1,WyvCVvTCo5B/BxBGf3nMGg
DA:33,1,hN/YxU6ykLxCPJC8XmP2iA
DA:34,1,4IFDZFs9BnfNQz5avBKA7A
DA:35,1,+nz3ijYqmYo67a8bwLEnCQ
DA:38,1,QCjNGMGzTRPHgqDbbRKfng
DA:39,1,BcvaVJw4Pkt1ixrKqIGo9A
DA:41,1,3cS49BeWTTcBGvrgmudYLg
DA:43,1,25LmElq4iHHHxu0CGyw7lg
DA:44,1,Q+9AMerLEkWZFxyKn8N0tQ
DA:49,1,+nz3ijYqmYo67a8bwLEnCQ
LF:23
LH:28
end_of_record
TN:
SF:nautobot_design_builder/git.py
DA:1,1,EchqPN4Q0diuHlNV4DSwZg
DA:3,1,EZEzNmL93PY96zsSuI0PfQ
DA:4,1,7Z9Lj4ed27Wf2hBX6jooEA
DA:5,1,p7hNY1S5rX9QtYADf+cK4g
DA:6,1,/9j88LWsDOfeMPFsLqmQlQ
DA:8,1,iM2Yp9hJXPoXeFUQYjiicg
DA:9,1,bX4DnQTYDixSP9yeF/hW4g
DA:10,1,hbOZpsFE0S/FbYIrV3FvLQ
DA:11,1,K5uN6I9ETHcJ4nvUMEmqAA
DA:13,1,IZty1rtPBTvtN+UjWR2+Mw
DA:16,1,xr2EXcXhV4R6BUoVz23jTQ
DA:38,1,8C2SDRbWm9H1DmAFczv9XQ
DA:45,1,TfOwgOoCLZPrKexyoLZ/3Q
DA:46,1,FdoIYK/M1vXu7cGttybGgw
DA:48,1,/mTkJlVryKLm/xgJO47pPQ
DA:91,1,a/BvXaITAz0X/0bB8kGkcA
DA:95,1,7Bld8IkJ8yW3BKT1pRqJPw
DA:107,1,AIVsAL5UY1RnGrYbLMP6sA
DA:27,0,B/Fo9U4/nMeRNS1JjGZVyQ
DA:28,0,LPKlsjGpMkSOCtQXtT6U2A
DA:33,0,eEjKi+tDyzR10ZY171E8Gg
DA:34,0,HWds1K0v1xVK99c0/pEB4g
DA:35,0,2lcB7kg7yto8LDBeRQuanA
DA:40,0,g8hWSIhCDYqt7GAE7yvZRQ
DA:41,0,/PUdB66Pbmf2bPPP1iWBFA
DA:42,0,9Q3cJzSk1pg33S4LmM4iDA
DA:55,0,KbrOSooogqQWchsL3tC8gw
DA:57,0,B7m9JZIaDTJx9hpdMr78Ew
DA:58,0,moax78DqvQ/NYK4z490obw
DA:59,0,qt9FdU6WbKRTFNZNFCMpMg
DA:60,0,8uT/hgXFL6mHAd+4l7+Llg
DA:61,0,fBVtA+97HWUzvXnu8j1vPA
DA:62,0,6Fzrp0bBGhsmTKCFa1BVkQ
DA:64,0,uoxWjP313idgBBrEGFLfHg
DA:65,0,qxbQTX62KGtF2vVK0Dd5/A
DA:66,0,RZ4HGnIdjQ+WOZ1sWwsITg
DA:68,0,Xd2w/edlBxx0JkCUiUfzfQ
DA:69,0,VxWH/VPqvzgEj5FXwT5UlQ
DA:74,0,JKTRNEyVOcGhcVDy1mwyQQ
DA:76,0,2yGowKSRHerZxa60wuSknQ
DA:78,0,CCsE6NTsCTesSMZ6YJL93g
DA:79,0,M8ArRIatA7Gl+3TFUUW3CA
DA:80,0,runQ/Zmt1hxeeQbJ8xNX8w
DA:82,0,way+w+lGK5ye7FQE/s791g
DA:83,0,y5zm5crpXLAAoj4pkqcUbw
DA:85,0,4K2g3bwTm6ZOvyBB0e5c7w
DA:86,0,cXgo1evQSsy3atcdqB2emg
DA:87,0,L+8c5Wires1m+FAz5PrXIQ
DA:89,0,3GVdwry9tn/V88EAKj2uIQ
DA:93,0,NSEAylzBA9BsMw0n/iAthA
DA:101,0,5me5o6BcWSXV8nRhml1koA
DA:102,0,qhkUG9SJSPvYjF2o7PZCvg
DA:103,0,70/hNXzTqdqk6YkIgiPRNw
DA:104,0,QBM8bmeXyYW+JWRmTcqCgg
DA:105,0,x1COYA39KKBET+nksSmCBw
DA:109,0,V0jxHZQYvpBU0H/YY1xVFA
DA:110,0,C40LyziotO0PWg3RV3fBsg
LF:55
LH:18
end_of_record
TN:
SF:nautobot_design_builder/jinja2.py
DA:1,1,WV76WiUD2UvBcr7y9ADKPQ
DA:2,1,OaTlemF3bXMi5MP7Db8vkQ
DA:3,1,mjVJPNV1Grbtqt25vnQFRw
DA:4,1,TkdTY1aJYRsgoCX7IqBZHg
DA:6,1,rn0/wg9zV+n0pmkoolYASg
DA:8,1,TgEysxkjBsVB8hCneDvRCw
DA:9,1,kFWYCdTIefR3g40OgaU99A
DA:10,1,j/TIRNGKuqyD4Xq4yN7N9w
DA:11,1,F6Z/KeD+LmZD0WgaGSmQxA
DA:13,1,icRUpYIN1TNcvqH8Xtfdyw
DA:15,1,rOMIMlbvtyu7gXIIy/UEaQ
DA:19,1,LHHiweYaWc3QTHy9QYka+g
DA:44,1,LTC34qYOM1kkZnJbTt/lGQ
DA:56,1,KVkKEQxYKdrVe33c2CgnzQ
DA:77,1,B/Fo9U4/nMeRNS1JjGZVyQ
DA:78,1,2C8Rq3b0Va09f5YC5XLQzg
DA:82,1,B/Fo9U4/nMeRNS1JjGZVyQ
DA:83,1,bn7BWPOej11szgjLcQjOmQ
DA:91,1,hTHbl2iE7ISaOId3CyjGRQ
DA:92,1,/wzCjyjoffW42CIxAqS/gg
DA:95,1,d5E2JCN8jsgi5RkIbQbrmQ
DA:96,1,osQX0xV+jy7pDsmaYaz1Ug
DA:99,1,qEQIko3PuK4CEJtx9y3Dbg
DA:100,1,B/Fo9U4/nMeRNS1JjGZVyQ
DA:101,1,xXGija39kbiQI7WFy1cPtQ
DA:106,1,3/Frl58sis5B7S/3WOfKfw
DA:108,1,qEFQPC7gZZOdVCvF4aX38w
DA:111,1,t9mYK4WSLjG0kWpnxN/zCQ
DA:113,1,dr+4wONTo0uwGkbP5Laf3Q
DA:115,1,K88LL2MmF9tqQNpSWl5kbw
DA:118,1,7BRcP6KapjW1hUCIhELP1g
DA:132,1,DtrlUZIZvHsCcHKvior+hQ
DA:133,1,oEAty1Wo/p7hlOVnx7ieAA
DA:135,1,2JwxUESLuV2/qGb1l2X6tQ
DA:144,1,msaaLgG4phWiMSNGX5l61Q
DA:145,1,f0ff2cB26Fl23PZxN2HuZQ
DA:146,1,zxHU4MeKp3cjK1UgISADqg
DA:147,1,rCKCmA4NM3zsEos1o20IZg
DA:148,1,S0Oez4DWKgzBrCgv3V8AOQ
DA:149,1,X50kh+rWO0kiOT9MpjbMBA
DA:150,1,QbCc9vDvRJ3sCN1a8GjHWw
DA:152,1,BmcankcWnodpvHbTFZ3lmQ
DA:153,1,Hmx8S3UtjiDEtFxl7L7g0g
DA:154,1,B7dPav4sOFW8f+MFO3ZNPg
DA:156,1,UneKeCydC5+HuVn2KVRmNA
DA:157,1,aVq+JJVOm3kPZTstcbEaxw
DA:158,1,FCRYgnxKuXa2w3/mIQMBbw
DA:160,1,d18n5q4bfI+80gh80xqCyA
DA:161,1,Wg0nKR7KQ80c3yLzVHmekA
DA:162,1,41C8xvqS+dt5jitzdtpufA
DA:164,1,8s8/PRS1Zpe7eQoKZT5aZg
DA:170,1,SbmuKwFZePi2VNITM1YcCA
DA:172,1,zCfmzvmUjm3f7rbNKMfKqw
DA:174,1,uyXm8mR3AUpRrPT2RlzPiA
DA:175,1,LdRAIbqhbS8VrJfjTnoe6g
DA:176,1,QpMKeMqNmQsqcT0x/ybAsA
DA:177,1,lHbSWgT4/YGV3MWjpce4iw
DA:178,1,RhupnI2Oc0uAlmS0AraSSA
DA:179,1,B84OihzaWSi04owATKM5nA
DA:16,0,e75zgmgZY2CU1kYwpAm5sA
DA:38,0,vM+kc6qDwQWPQeUtQo/Jzw
DA:39,0,gguVbDRt/ID/SsPFgCBtQA
DA:41,0,Om8znkgJ1VMT7KJfzFXRCw
DA:53,0,hA+riKjYkxGxF7aoilnGhw
DA:79,0,H3llsbhLFigEO4DDAwNO7A
DA:80,0,vxNhAF8FChIPRxZ0ayfDLQ
DA:84,0,H3llsbhLFigEO4DDAwNO7A
DA:85,0,cU+Ym/YUTH/b6Po3P/6OBA
DA:93,0,taJtVCyaGzOeKQ2mrfWTeQ
DA:102,0,W7gQKZE150AQEaXFQIudGg
DA:103,0,hNxdwGJC7aYcpicvJQzUFA
LF:69
LH:59
end_of_record
TN:
SF:nautobot_design_builder/jobs.py
DA:1,1,CEBDh42KzyysGTFPGN5NFg
DA:2,1,Y3j6rqljTEjQcLF/pfPnMQ
DA:3,1,ckrFSLz/SjSLduIubRu5tw
DA:5,1,7afavIIspuZBzewm3xoLJA
DA:6,1,IFTWT8bkOSgeto1TFdxoSg
DA:8,1,z+hvdMGbbszPAi+n4N07ow
DA:9,1,vHUaLFJwVvTchGJ1rGDOlg
DA:10,1,frs7i+SKlOdjhZUWRfuEnA
DA:13,1,l0p5JIt4TC+7S+8psbrI1Q
DA:14,1,mjNLys4x8BhJGwqppY8XPQ
DA:16,1,PXvot38N6NQ8cx0rvTX2sw
DA:22,1,mmICsfmTvPd/oY8WYKDsFg
DA:23,1,voE4wq6tEvT9AXZcoAr1lw
DA:25,1,si/1YlrJEMPEWZrs8I4EKw
DA:26,1,t+ktgUgUrXFC6MLp+JozMw
DA:29,1,HcZCimCvr2JxK2CDWu+UYg
DA:34,1,79LW1XrOvPVOE1vKYan7aA
DA:35,1,w3jyLB2rpY/pgRGk/n0xVw
DA:36,1,U2CKxbnHv3lRsQVzLL4j3w
DA:37,1,TWqKEpuCqZMvTagWeVBgoQ
DA:41,1,38fuIcdLs7aOaS2JEmZWgg
DA:42,1,2VODNo3BD+ycdCHwUQXKyg
DA:43,1,MnzpXe1veqpfA7nIMRo0OA
DA:45,1,U/Y2ed69B19FKNAyHKlPEQ
DA:49,1,BA/z5Znv8ukUhS/egBzqHA
DA:51,1,yrqt+z6vn0JOr4y5lrBcyQ
DA:52,1,L7csTLapfYK4dKS7Tsh+/w
DA:53,1,4OnYM6Uv4D1p52bWUpQW8A
DA:55,1,vea+Lu5NwyOjJe6LKzZXdw
DA:57,1,NR+WMRxgy0WFjxEwNMuIFw
DA:59,1,0Uml9qUnV4lSqe2SjPoifw
DA:60,1,U/Y2ed69B19FKNAyHKlPEQ
DA:64,1,9cvQJ4Vj1jCRzcoKVMI+dQ
DA:65,1,NQaL9u4SZWBJ9M6/LCPesA
DA:66,1,xijAFy5Q7BTnO8UhG+6v2A
DA:68,1,z+TZnHLwafsONjfF3MUHzQ
DA:71,1,Y/QmPLaso9WOzjslEfDZ9w
DA:72,1,RHSlA+edqq+SVkgcanjxtg
DA:76,1,F9XMqt21BsNVdhT2l68oQg
DA:77,1,/EOc0ULAByhkadkIMcFOvw
DA:79,1,Uk1iEqLYWHwxE4nbWtF0CQ
DA:82,1,O8Y0s/7epih8fQKg/SqhVw
DA:83,1,gdECW9TBWrpSKTYDzkjtbQ
DA:87,1,+9fh1TEDJ6rqgRejbZs+pw
DA:88,1,5ivEJow+h/xVKclrlhaHXA
DA:89,1,2wQ7S7yKXi1/mJ2ACCIIww
DA:91,1,elREoIPeaTmSZqOhEOqzLw
DA:92,1,+hz8La0t5DOSdkjdDcLmfg
DA:95,1,T1Aeoyj0acAV9faRieRYMQ
DA:97,1,6X1I5OyXy6g0VQyeTCPa9w
DA:102,1,SWgXPl0uWoctFxFt6ljzCQ
DA:104,1,JPx6VknHjt4zuBX00EGm8w
DA:107,1,nmw8bgvGAAeeQfudam1gQQ
DA:39,0,JLbhxquTMVZRdUSEo855PQ
DA:98,0,ziMwbdP43Yl2rkv+Iw0+Vg
LF:52
LH:53
end_of_record
TN:
SF:nautobot_design_builder/logging.py
DA:1,1,Rm/1D6eF4y8X8mrPAa7tVQ
DA:2,1,EZEzNmL93PY96zsSuI0PfQ
DA:4,1,mACu473YkBY9B8hl/2wNdw
DA:5,1,JDnWCyGHKdPan7ZiofLEXA
DA:7,1,Kj0hFRChxOs13f2T8K0t/Q
DA:9,1,FKbUlFepR7f7ixeugD0YBw
DA:11,1,NTuDp6u8Oz/1eI8qXI+0Tw
DA:18,1,Iyb8ydknV12lNJL6wEh+aw
DA:19,1,Y0JHMdpC8OGkijFD1r+9fA
DA:20,1,AssS6vbaQFN0TjuatirA5A
DA:21,1,juaYF6HeaRcpzScw2FmoaQ
DA:22,1,ijjjjqEcfsIzmO51KSFgYw
DA:39,1,e0wkYfgImjRTW5d0SAafRA
DA:40,1,AvIc/BPnVW0O0tyRV1Au8w
DA:42,1,hAvPw6K5FqXdq7ej45YR7Q
DA:51,1,p+Ygj0ZAjnRP6ymwY1aY9g
DA:62,1,OXVTOI6mziM0G814Qtrbzw
DA:77,1,SEH4rVGODH3n0NplSj+bSQ
DA:78,1,zg+1d0V0rxO7OPlHIw6V0A
DA:80,1,xnJwIssQa3+xK1KAlG+hSg
DA:82,1,GTfwHcb4KIj6P9PoXrMAbw
DA:83,1,QYrz1RiRs7x8XjpzD0P/IA
DA:89,1,LTjmDFrwYFZcv8PSkpqX9g
DA:93,1,gw0A1tWxc4mP4wIp4OHqQQ
DA:97,1,weU7XC++uNiFZmZP3AJQQw
DA:99,1,puhb0Q7Xa/rozFVDJtYcmw
DA:101,1,PW5AsXZy8af0cO0ULI71Zg
DA:105,1,CtgBACzL53dYINd9cEywGw
DA:109,1,jG0dGIgvRj+/QuhvCB41Pg
DA:25,0,NTuDp6u8Oz/1eI8qXI+0Tw
DA:32,0,Iyb8ydknV12lNJL6wEh+aw
DA:33,0,83Iht5J1EPl7+bzWwdX12w
DA:34,0,nNwyx7l6CvDByKCQcKy3xA
DA:35,0,juaYF6HeaRcpzScw2FmoaQ
DA:36,0,B9GScIRMxyWgvwEJSs6sHQ
DA:48,0,WOwJxA6R7uUewE816b2YBA
DA:49,0,B7m9JZIaDTJx9hpdMr78Ew
DA:57,0,+EOEsKylS9Cc+O5fLK+7nw
DA:58,0,00D/yw442vyxLu0OKwK6uA
DA:59,0,a6TpumW8jEuoXrEbvS8EkQ
DA:72,0,YffMIcg3sgPJd/yIX7LrAg
DA:73,0,D8F4Wz4vBob3aQyIUC2Arw
DA:74,0,Tom4jvU08GkSjbKzdPboaQ
DA:91,0,L9318Nemv+gswgUNgSgfQQ
DA:95,0,Jsnr29xDAbj8GEdVNPeovg
DA:103,0,tfEGkcU1BiLF8kjeZJXUEg
DA:107,0,4zFi5d7s898Uh2VuP5BdBQ
DA:111,0,jU270kj2IyKOLwiZeBZJBw
DA:112,0,Z40lQGOfUuLO+i8D4Y6trA
LF:46
LH:29
end_of_record
TN:
SF:nautobot_design_builder/management/__init__.py
DA:1,1,fDy2nJ4SburIgJ8/KYGnrg
LF:0
LH:1
end_of_record
TN:
SF:nautobot_design_builder/management/commands/__init__.py
DA:1,1,fDy2nJ4SburIgJ8/KYGnrg
LF:0
LH:1
end_of_record
TN:
SF:nautobot_design_builder/migrations/0001_initial.py
DA:3,1,J53w85sI/8w9iLNO7NzL7g
DA:4,1,+Bn9njepQ2dHvD5+3yn57A
DA:5,1,6OWePpCD2YI+7d/KhOll3g
DA:6,1,7UGAuNrAPP26KRKyRaAkiw
DA:7,1,RtYyqwfapyrWmfXggetPgw
DA:8,1,3HXr/63gutgLh4/6o6b31Q
DA:9,1,+iqByZa8LY/yBL1tzYAiWQ
DA:10,1,DxtaAXdRc2C7Jp33EWZ6lg
DA:13,1,MnA4k0SM/22Cwim/E6NY6g
DA:14,1,jf/wjTDBx4R+Q8krLMEd9w
DA:16,1,RgCUKnxinw4850Djdqrmig
DA:21,1,tpXiFpdeMonS2Zx8MtuGvg
LF:12
LH:12
end_of_record
TN:
SF:nautobot_design_builder/migrations/0002_statuses.py
DA:3,1,+Bn9njepQ2dHvD5+3yn57A
DA:4,1,6OWePpCD2YI+7d/KhOll3g
DA:5,1,3HXr/63gutgLh4/6o6b31Q
DA:8,1,MnA4k0SM/22Cwim/E6NY6g
DA:9,1,RgCUKnxinw4850Djdqrmig
DA:14,1,tpXiFpdeMonS2Zx8MtuGvg
LF:6
LH:6
end_of_record
TN:
SF:nautobot_design_builder/migrations/__init__.py
DA:1,1,1B2M2Y8AsgTpgAmY7PhCfg
LF:0
LH:1
end_of_record
TN:
SF:nautobot_design_builder/models.py
DA:1,1,cIBhA8i2ooORz9H1mAy5Ew
DA:2,1,GusTQ8rnslKGIeoIX1fGdQ
DA:3,1,Y3j6rqljTEjQcLF/pfPnMQ
DA:4,1,b30FJh0OuYvtFiZvW8ZGAQ
DA:5,1,V7BJ6quuqZWTx2qKpbtcQw
DA:6,1,yfPUERHh60V1p6I2zbbenA
DA:7,1,C3BjuF50D91JN6BZ/hdPGA
DA:9,1,VTGQpGOqEfzA0fvOX26kDw
DA:10,1,+XuUfMwFcX6OfN9X50Icmw
DA:11,1,o9Vzs/kUoFQxBIV6U2NLaA
DA:12,1,JQr7Jd4T5jiMjNs0Gq1Vlg
DA:13,1,hFoTipx3muNxHNgTJF7z5A
DA:14,1,z6djmYweZ660/QKYw/hsgQ
DA:17,1,Kj0hFRChxOs13f2T8K0t/Q
DA:18,1,PrOPE7sWnKIN3buRhd6VoQ
DA:23,1,gQytIL4vnNLwDMXmuJgXEQ
DA:42,1,OVwOlLGR6uGaAa3fSVQ7uw
DA:44,1,Lf3GAnw26E0JmwY3kz1eBA
DA:45,1,3fmYwpPeIWZ9qntF23wzOw
DA:46,1,dkSvaqSPMH7s99QZI5NTOQ
DA:47,1,PR4Is+SKvq3keFCEs23vVw
DA:48,1,24DimXyFcxpNeYp1XgLNwA
DA:49,1,xvWIcpcyNr0gyGcTkdMxXw
DA:50,1,tXlLbb/Bkbp9aCKcvPO4Pw
DA:51,1,gWcA8HHjbvJVWZYCChRApg
DA:52,1,xs4tTsb//BET+y1329POtw
DA:53,1,XLgi7gDioaV++XZ3LpmQcA
DA:54,1,4NDoI08s5V45iwrGr9SP1g
DA:55,1,sG0zjSrdKQWknqR7ef32/A
DA:57,1,HaN3JWUPAj11zII/Z28yAg
DA:58,1,HA8BYhXEuOwMG2n3OD94dw
DA:59,1,YKpp289lHysPG56D4KpRVQ
DA:60,1,iI7RP6v2Yy8zcUCn8s2imA
DA:62,1,IsyJy4oj0FryhZ3FIGGguA
DA:63,1,S35z8I1EMB7OAEz6Q5129w
DA:66,1,GESlSv5b4+AgH+ljbXsg7g
DA:67,1,BkXyswJmCMl2iROIWdsxIQ
DA:69,1,x2OOWDb4H7tH7sZoJlsQJA
DA:80,1,wWWS3zduW7PbpRjSgERUSA
DA:85,1,dbL6FtsjbOi94c2qbepqNQ
DA:86,1,/DH4uuX5ZUyIU5lXd8rYvQ
DA:103,1,PFJMMlfuXMRGwbnokAGvqg
DA:105,1,LMem70Ul7fz8i+k0DjWXBg
DA:107,1,HB4yIO1iyljTY8/arbQakg
DA:108,1,voE4wq6tEvT9AXZcoAr1lw
DA:110,1,+4TtWn4h7/5D+O/7GNR6NA
DA:117,1,Eb1f07DoCcpk+IwQe7cEVQ
DA:119,1,bJgmyl8Sm0JJXjf36L7O6A
DA:120,1,cxcYT8tAjVs7+xhKylck4w
DA:121,1,N801oPtLdGVdNqxtnHmABw
DA:123,1,HmADa1g/W1C2Vo9Wm4sNNA
DA:124,1,IicbCUAIlICV81W7mnIdTA
DA:126,1,25EZcxU9jOweY6Z0TozbKA
DA:128,1,9gi5HfjkXhpcWzmvs5SKPA
DA:130,1,p4MatY2jo2B/OwduHPeU2A
DA:132,1,j+CcxAIEiLeqjzkbiEHnZA
DA:134,1,Bx05P9YXab41Ey4LQvHaIQ
DA:137,1,LtzoJD22GYf6qBaWFO5wyA
DA:138,1,LcbGWhWgpOPcRslayED+4w
DA:140,1,KRC+8Two2ix/3jszPeaSbw
DA:142,1,zs6nj9oeOE5o9Ea51dd9zg
DA:145,1,SuAhK0mX2LgckyOy0KjBMw
DA:147,1,Y9JrwoOXQJXaoKvUnPR6ag
DA:150,1,VpYlztMcZJMG3f/Z0HGHWA
DA:151,1,z4Q/PkL1QeU2Xol0PxFxuQ
DA:152,1,JtpVmuR8gT5qoCabh2eZnA
DA:162,1,t6df47TLO0rKy5AfYYQOWQ
DA:163,1,3kQ7h5fU5eiYMPeRRejC9w
DA:164,1,DPsHIcXivaXVTYg/huV07Q
DA:165,1,e8UZ9Vyv59tLIm6GWLmLNg
DA:166,1,XjiHwyVaJ+wu5tIPshXxMg
DA:167,1,pafwvfPZS9qgErvgIvo4Ag
DA:169,1,IYCiaqwShDf9D5p3Np2vqg
DA:171,1,HB4yIO1iyljTY8/arbQakg
DA:172,1,voE4wq6tEvT9AXZcoAr1lw
DA:174,1,+4TtWn4h7/5D+O/7GNR6NA
DA:180,1,8OmesR+objdQ93tja7n1AQ
DA:184,1,Eb1f07DoCcpk+IwQe7cEVQ
DA:186,1,bJgmyl8Sm0JJXjf36L7O6A
DA:187,1,cxcYT8tAjVs7+xhKylck4w
DA:188,1,syeWbUN9OmAsmFICO/YpFQ
DA:190,1,9gi5HfjkXhpcWzmvs5SKPA
DA:192,1,rbpwuEP2UM5rk0gCLKhkNw
DA:194,1,j+CcxAIEiLeqjzkbiEHnZA
DA:196,1,MDkJvzuOLKWVnmpB8MNy7A
DA:198,1,+UnLcdz/6DdM6cwZHTflvA
DA:208,1,mAvudKWRCxXHXcJ7QIuRWw
DA:209,1,+bjDye1W+NW6yXJvVD9s9g
DA:222,1,9TvEL0gmBPQN1RTVbsDBow
DA:223,1,P176RQYEDm+bngnnnFiLLA
DA:225,1,9gi5HfjkXhpcWzmvs5SKPA
DA:227,1,IDV7Ur4iSH+YtifwS/BmGA
DA:229,1,HmADa1g/W1C2Vo9Wm4sNNA
DA:230,1,nJxieBESFASebtWW+JSrSg
DA:238,1,4An42w3cH0GY6yibUmq6XA
DA:239,1,JDdJVcjJFPOwWxVzwJe5Xw
DA:242,1,fbLCEK+JoqFXzXhjZKKKKw
DA:243,1,4oqckuYQ21T4UUa+VtpsvQ
DA:245,1,nVAnokEg95/QG5lb3CL/LA
DA:294,1,kxduehx31Jk/QTJpeC2wPg
DA:295,1,Zf32keoZ4QbU05Tccs+BqA
DA:297,1,2LQ4fepr+x156aMNTIENOA
DA:299,1,M1cAutUiyjyP8VKwYjGHpg
DA:301,1,dELAotV6zlRnt/Ahjiw/Lw
DA:303,1,9hUtdlMXgIe4IQdualLubA
DA:308,1,mwuv70lL1dTjiTpuVjdcrg
DA:309,1,J7Yam/LMpljX/wfxuzVQ6A
DA:322,1,ltt3knYb+rliHqqlQppdWA
DA:324,1,sAd1j7qNVb6RcAjOOBS5Qg
DA:330,1,FgBZj84w37FoUvuUswb8hg
DA:336,1,kamqgBA4Xi8YIas6HM6CTQ
DA:337,1,SLTKfIEKPV5jZ2Wg30LUpw
DA:338,1,yg2aDDOSS8+ZCGrOLjQbQA
DA:339,1,Uz2oF8y85wUkl1ehQWzxIQ
DA:341,1,9gi5HfjkXhpcWzmvs5SKPA
DA:343,1,tO1NdlO4MubNHUV1ef2nJw
DA:347,1,PVABjxvY5r03zU8y5YASqg
DA:349,1,7CI1za9rb5u0+DdrrBEQ2A
DA:352,1,gTugTE4RJSFL0jufuGqnuA
DA:353,1,ZOJgFIACW8AUdjSlP10Bog
DA:354,1,FCPgkKjaHMXlcC37nPNJQQ
DA:356,1,fJzlUm7F6QENWbV2VXPO0w
DA:358,1,2aZXE0fG48x0Hr6aged6RA
DA:360,1,SnMxuY0LJli9sIrdrwsxag
DA:362,1,UjFP7x40z9bHeAzL3Cef3Q
DA:363,1,FYmQ2mEdYC+BqWEPmUpJQA
DA:364,1,vh9CdoCcQQ+XDLCfyYYZgQ
DA:365,1,JcYjaIek/iuc1Rno1AV0rg
DA:368,1,D691UHuQlUGnDHzKM81qTw
DA:369,1,CoTG/r0fFaii/NoevvkSGw
DA:370,1,P+Z3TQfkvxCEjtY6+cwVQA
DA:371,1,ZsRFLOUNyzgIC/xzdNHZmg
DA:372,1,FLG6Zho4IJRTNegfINtYyA
DA:373,1,3GFCbEhzo+lcfef/UVXzeg
DA:381,1,lR4s25flj7A/eShDYmk5Xg
DA:383,1,6ACUP5kQ2KJtL1yrBf1kvA
DA:385,1,QnFOw4wnFQtxU4lFIvyAOQ
DA:386,1,awBKlEiRVaSeAsz8AccRLA
DA:78,0,py1K1taYmgwtqS1Z2UBVYQ
DA:82,0,NCFBhbODNitzvsQTKQqDew
DA:200,0,BOUXSEBZbNoQ68AddyWnmw
DA:204,0,mGJpP0Zp8RucBvXx9T3pWA
DA:205,0,9HqOybEcYOvIPHUS39Hbxw
DA:241,0,rjuZg1Mt4raIHjJ4U6uOtQ
DA:257,0,ZtRfU/RD49BTpHEqozEkOQ
DA:258,0,iJxJwll+oqQCZKebSDmw/g
DA:260,0,/7bVEFqlh4JsW1WNzV3zPA
DA:261,0,xvWIcpcyNr0gyGcTkdMxXw
DA:262,0,TV59zcT7NPS8TlTIk6OYrw
DA:269,0,J+YxUQxAKrtJIcBUlpeLsQ
DA:270,0,0H1Or0MsXb7U+SVa0xmEDA
DA:271,0,Dr4iceMEi7qvXsS7VW/wYg
DA:273,0,dquiAd0b6I3SPuVFJDK09w
DA:275,0,xjcDBnSwra0OiNOAYAwoHA
DA:276,0,9nqeXwfp+QFk+uesREeXWQ
DA:282,0,k3O69oA3QpSwe0ZlJJaDGw
DA:283,0,kQLUldzWhUjX6vgj7D6lhA
DA:284,0,g0lova6CEFBAC90UaA4+VA
DA:285,0,sNpeX5c4bwwUI3LZfxqznw
DA:291,0,0sKiI4of+vBlT0lXeCKc/w
DA:350,0,kDCqKGseuqOPtEYpJQf+Cg
DA:361,0,zvUWkvTwtm/OpZmCO3q6rg
DA:380,0,v8hPNLacRkmMAnpXAnux7A
DA:382,0,WcFrKnugXiTX4P4NBRQWkA
LF:154
LH:138
end_of_record
TN:
SF:nautobot_design_builder/navigation.py
DA:1,1,eSD+bprkN5cKf6KIQKzqiw
DA:2,1,ieDwzi6DXTKN/IvIfF+lcQ
DA:9,1,KgqMF1ymDZyCEx5rI/so/w
LF:2
LH:3
end_of_record
TN:
SF:nautobot_design_builder/signals.py
DA:1,1,V+rbu5Ktw0Yq4RTBCraJEQ
DA:2,1,WpCPBvv1Za7VaefPGMuZDA
DA:3,1,EZEzNmL93PY96zsSuI0PfQ
DA:5,1,mPktJROFzUc2RVdGc5qX0Q
DA:6,1,Y3j6rqljTEjQcLF/pfPnMQ
DA:7,1,Abf+51VVlbBujsiXRn4yUQ
DA:8,1,tYV2614RLbkJI/gAjZv0aQ
DA:10,1,jhUHBWNa+PGVZqnozq17CA
DA:11,1,QfhUwGbtD4cZoK+hCzRGrw
DA:12,1,z6djmYweZ660/QKYw/hsgQ
DA:14,1,X4F2bfuBvq52r5Ft4eiECw
DA:15,1,C/tg5NCDz/0aGCuyh7BAog
DA:16,1,PrOPE7sWnKIN3buRhd6VoQ
DA:18,1,0Rfkqo+7XlaPPdabFuupLw
DA:21,1,f2KYVciO+/7CnQSYh/mKrQ
DA:22,1,KqY7/ToL1OFVHtW4DGTXaw
DA:24,1,WuSFC1+p3xJp0N1+OUgt4A
DA:25,1,48ADOTJgnA+Ut3W7J6OjiA
DA:33,1,Uajpvz6GHOU8kf3fE50NVg
DA:34,1,nZOs5mNbR1/kFCwYAOdxSw
DA:35,1,yAJbX9M+QLyciFwi4N5srg
DA:38,1,rib/xu8OaG8fJC9kEUNr5Q
DA:39,1,xlerG2oUO02sMRWv1wUODQ
DA:50,1,DVXWgOF02+eEonxpTMHgTw
DA:51,1,mYBJbuAspJjjOFDoo3v4Fg
DA:52,1,bm0LFyHSneL4Z7Ze7XYCPg
DA:53,1,DYWjynmO9B+A8lZ+xKBP+w
LF:26
LH:27
end_of_record
TN:
SF:nautobot_design_builder/tables.py
DA:1,1,x7B0qiRSpd1XmjmwN2Y5aw
DA:2,1,qoX/Frx+QBdCk52giYrppA
DA:3,1,RhCxrQY/t6yWqJKu61s87g
DA:4,1,9MjX0WWs3QQUZQw5AqwVew
DA:5,1,DdY1FaNvxT6BqGXuc6gWAw
DA:7,1,pqsOWEsrcKHTl5TIZW2D4w
DA:10,1,PxGB9kQjCS8uoL58xjLgYw
DA:17,1,iwt9cl3TdexDDBZ6LFhEDQ
DA:18,1,6AnulNNk3HeIQq/KzxIuLA
DA:20,1,WOKpRUmaVkcoFJT3AdTnPA
DA:21,1,2KlEONJnBqbyRbK3dXUPVg
DA:22,1,1BuQvORKvwR6goe4N7POoA
DA:23,1,Jt1IR+lWfair8l1/wGDHsA
DA:25,1,+Y32Ms70nxZPTQs3JEstWw
DA:26,1,e+D00ECkYdLDlvhUIJgQ2w
DA:28,1,hXECsE+3cq8aU/7bPfBsbQ
DA:29,1,cLEPbh9OehzuLeqHa6bvww
DA:32,1,BPj5vOPJOGyeoTwgf1Q53g
DA:39,1,YhnRi6Wi8tDiLQzL7rvUSQ
DA:40,1,6AnulNNk3HeIQq/KzxIuLA
DA:42,1,2KlEONJnBqbyRbK3dXUPVg
DA:43,1,/V6JA8W7xuUwu3yojXjLfQ
DA:44,1,1eKoBGjTiANs7bPZZNowxg
DA:45,1,MkXdgkijmZeZ6P7wX5mwuw
DA:54,1,+Y32Ms70nxZPTQs3JEstWw
DA:55,1,e+D00ECkYdLDlvhUIJgQ2w
DA:57,1,Ui0lCyi4S/I811fKOvqYpA
DA:58,1,e7EVazQwy3loTT0gyBfzVQ
DA:61,1,Jns54tQbL7GOzyhcMLoM5A
DA:62,1,6AnulNNk3HeIQq/KzxIuLA
DA:64,1,ThAwBbFGJT9byc2xyAx2Mg
DA:65,1,t10Tu9fHONzyI0QOodHkXA
DA:66,1,FyY0gNrCbYWBgqlft4MO+w
DA:67,1,C0su7U4Nze86m+lSgNXKig
DA:69,1,+Y32Ms70nxZPTQs3JEstWw
DA:70,1,e+D00ECkYdLDlvhUIJgQ2w
DA:72,1,u0uxo9SuP6KqqYeJ0488Ng
DA:73,1,aZKJOlEYLemUS9kBJixVsA
DA:76,1,Xpi6sFfBTskIhzQ5tnHIvg
DA:77,1,6AnulNNk3HeIQq/KzxIuLA
DA:79,1,ThAwBbFGJT9byc2xyAx2Mg
DA:80,1,GdL06V2yG4F+Rd0Lygg/pQ
DA:81,1,4q3eHhmdYWtgOHU+bpbFJQ
DA:82,1,Akh1mBZAv7xS7nMZfKie5w
DA:84,1,+Y32Ms70nxZPTQs3JEstWw
DA:85,1,e+D00ECkYdLDlvhUIJgQ2w
DA:87,1,1bE48mAIMawMVbuE9nnf0w
DA:88,1,lLNeIH82uz4oKMwhkCWYlg
LF:39
LH:48
end_of_record
TN:
SF:nautobot_design_builder/tests/__init__.py
DA:1,1,EMDYpJB3iG5opsFJ2vF1mA
DA:3,1,dbKXYnHzrSnvURbcSLvVKA
DA:4,1,5hwPtyw5fWMOX90GeC1WXw
DA:5,1,xq1b8Yh82kd98YYP7FyaNA
DA:6,1,DuGrcGudW6F+VJ9UOb4O3Q
DA:7,1,g/wFgnACoNWm6h0zJ+anwQ
DA:8,1,erDUzmeWt2huiyNQ8yHP9A
DA:10,1,oO4SzcHzqhlAdL5XC5lDWg
DA:12,1,laCnhBU9EXyURsuo8CyO+Q
DA:13,1,hXjrm4M36PvbVjwAsrR0MQ
DA:16,1,SIfmaSCycMcp5WEE05N6aA
DA:17,1,tMWAfxPuCwEAS28s1WPs0w
DA:19,1,WbzkXkBmpeE5Z8gSlIfuvA
DA:21,1,D8j9Fq8Iiu1Lu3f0U0YM1Q
DA:22,1,w+MJlg8si3P5j43b/tOe/Q
DA:26,1,3jsNACamfYYhJMINFz5cLw
DA:27,1,LLyHOYOq7NbBi05KvDgarg
DA:28,1,bxZNdeS2jitBE55BuN3IKg
DA:30,1,PzqXp8JbcjUFxUc55RslRw
DA:31,1,jkvRa+UrxygSei8ZCVRqJg
DA:32,1,zPEumVe7eajGYEqtcRJWYw
DA:33,1,yCkRIIOvJ90wYoSDspKN4g
DA:35,1,ygki7Xf7LeENzvufGHigjw
DA:37,1,hDcvJNdOOG898ZiHFhERTA
DA:38,1,sBbm23hSQjuPPUj+EGAp/A
DA:40,1,knJVPDVp1GBQfTj33NkQ9g
DA:41,1,OjfVbw1q6aUQw+VqOew3BA
DA:42,1,VHQKUwTV7jQ7u/LDa9UAHg
DA:53,1,3jsNACamfYYhJMINFz5cLw
DA:55,1,L59RQVa9WHepK6i07xuRNQ
DA:56,1,+K+YO+F00UY7Gym2hSVgjg
DA:65,1,n33kzq+YBTp+1sNcYhJ4gQ
DA:66,1,IjVo5llnzntgVde01pIIOg
DA:68,1,hGjP/HutYJzAdkPmiHhOfw
DA:73,1,47T91sYv3295ejUfhpkRYA
DA:75,1,9x8egaGzYc0V27BfqeAlYA
DA:78,1,UwiF0kYNGHV7T+oijSr4iw
DA:80,1,weTOVfepLFkGnNMvMhtjWQ
DA:81,1,Sbx6yrOipuUnhemPJcLSjw
DA:82,1,U/0ldWb0zxo8ycrgnxJmsg
DA:44,0,Q5aX+wnggTSToa3AZ9ZMCg
DA:45,0,FDuwwbzTWlWgmhSJmSRIyw
DA:47,0,AHgcLXHaknNTdZ7wvPf/tA
DA:48,0,aDs6+wfBlMPiibtORdv0Hw
DA:49,0,K+h3EBR3syVhSOO7fQyJ2w
DA:50,0,6hSKUFgefMg4mdaDRQKNrQ
DA:52,0,8TG+4FpEfed28vmDbyVHOw
DA:70,0,HcSm8TdtlDS+UrEhsbPaFw
DA:71,0,LIhPMMBkg/hapUWvnQ8aqQ
DA:76,0,2fjj8H89b1GGie7pcrC9PA
LF:48
LH:40
end_of_record
TN:
SF:nautobot_design_builder/tests/designs/__init__.py
DA:1,1,1B2M2Y8AsgTpgAmY7PhCfg
LF:0
LH:1
end_of_record
TN:
SF:nautobot_design_builder/tests/designs/context.py
DA:1,1,7HEVcJKfjJoZQUp5/DdnrQ
DA:2,1,F+WLB3xSK9dc726/EReeoQ
DA:5,1,BDTs4Tc22yeMg4GE5Wi1bw
DA:6,1,s0OvYUVBY8dtYqreCUzqWQ
DA:7,1,O4RcFDNjg/Lh1J4Kw3aY0A
LF:3
LH:5
end_of_record
TN:
SF:nautobot_design_builder/tests/designs/sub_designs/__init__.py
DA:1,1,syCJgSdViWsJOuWfhL5ACQ
DA:2,1,+k7gPmacwvGN5GZXG8YIqw
DA:3,1,fZCki7qCUbm0Rvh54e9f5A
DA:6,1,AyzJwJ9ley35YWDzI6xA2w
DA:7,1,JD9R4HuhNMF7aXePlIv5uA
DA:8,1,wJeZXuzhXRwmXnrGjOS1vw
LF:4
LH:6
end_of_record
TN:
SF:nautobot_design_builder/tests/designs/test_designs.py
DA:1,1,O1OredVTOR5xZNZEJJ8IFg
DA:2,1,iSou4uxs2wLD5lFBefn9ug
DA:3,1,pe2QNAxggKheQG31lxInOw
DA:5,1,laCnhBU9EXyURsuo8CyO+Q
DA:6,1,nwwEiHEQWC82IBT+72FVcA
DA:9,1,d5rauCixBXJfGLycigUJfQ
DA:10,1,jqfmXMu3kLp+WuLaG5uwPg
DA:12,1,5QQmaAUuDk9tn2QGKPgXRQ
DA:13,1,Rvz50Q/mZ2cw1be3rq5Piw
DA:15,1,mmICsfmTvPd/oY8WYKDsFg
DA:16,1,JqF9pKXi1rg+N4ni+NzgdQ
DA:17,1,ivZ1iZHrN4A8EICtywesZw
DA:20,1,A+PyN/RDcE3WSKsj0xfnCA
DA:21,1,WWFocp9SbaFN0zL+8VqbEQ
DA:23,1,5QQmaAUuDk9tn2QGKPgXRQ
DA:24,1,iRnaiUyp16rL4jzR7Xs7WA
DA:26,1,mmICsfmTvPd/oY8WYKDsFg
DA:27,1,crvs/4PT7FEZzeeeoY93aQ
DA:28,1,dxfZRnWKkU5kvkwh4+BcNQ
DA:31,1,Yb3CpdqSPFegg+R9ZToOdA
DA:32,1,xlQXFPPnVt4nYCXdHwh3IQ
DA:34,1,mmICsfmTvPd/oY8WYKDsFg
DA:35,1,fWO3u9x+VJehmF3DCN06WQ
DA:36,1,ivZ1iZHrN4A8EICtywesZw
DA:37,1,pikseNMddqWDBEkhrpSc/g
DA:40,1,h1//ivFtp1a7RXoymfwycg
DA:41,1,993EqnJImylad9PjaDf+uA
DA:43,1,mmICsfmTvPd/oY8WYKDsFg
DA:44,1,Fq8/elNDIOZSXw6Rfn7iSw
DA:45,1,Kk67bbPx8u4EBFxJGsv8Ow
DA:51,1,zAVzHgA3rn8II6W9FbZ9fw
DA:52,1,58OyMkF3ncnAoIpJ+r0QLQ
DA:54,1,mmICsfmTvPd/oY8WYKDsFg
DA:55,1,hungdrbwNVhT0LKo2/N5Ag
DA:56,1,Kk67bbPx8u4EBFxJGsv8Ow
DA:62,1,ibW0L0iZKsnYQkBXZHJBVA
DA:63,1,mhSwoS3LGPwFqSUh+6isAA
DA:65,1,Nu6Drx920blxnXBAFF3FDw
DA:68,1,CcmHoy/qsPYSo2EXvaiodw
DA:69,1,r3kRno0B5FK/kkh5FgEAfg
DA:71,1,mmICsfmTvPd/oY8WYKDsFg
DA:72,1,CenxNdrdykHeAmRU32+/dg
DA:73,1,ivZ1iZHrN4A8EICtywesZw
DA:74,1,4xd2Q2v8F14DexAuD4Qp7g
DA:77,1,0JLEQJOoTfloXBgL2mozeg
DA:78,1,uhbVt+asVwaUEtTAH6FZyQ
DA:80,1,mmICsfmTvPd/oY8WYKDsFg
DA:81,1,f2NTIMm0EjKe80xv9fRhLA
DA:82,1,iGsiHHMbrlU07j+2fmIDJA
DA:85,1,Qqdkk0ZP54oyupfxS7+KEg
DA:86,1,3QF2fSgvXZzVWr6v2IoPvA
DA:88,1,mmICsfmTvPd/oY8WYKDsFg
DA:89,1,wO5VuMhWJ3lyCT58W+epig
DA:90,1,6Tyfw8DIRT2fofD/vccn2g
LF:44
LH:54
end_of_record
TN:
SF:nautobot_design_builder/tests/test_api.py
DA:1,1,rF/EP0H7/F8SQnEITkrOgA
DA:2,1,E/tvV9JPVDhEcTCkgrwOFw
DA:4,1,KZer+gr83qzF/LImobAXBw
DA:6,1,pqsOWEsrcKHTl5TIZW2D4w
DA:7,1,FXu+WkQeHEP5KGw1auv0+A
DA:10,1,kNLb0F6hm0Y5e5YuycilLg
DA:15,1,lyP+7Y4UIHfr1wKuc9q5Bw
DA:16,1,UbmMQ7dw7iARkHgjs3eo7w
DA:18,1,Nnqu9X+lU2lagW39QNhFWA
DA:19,1,XDFN7SIuFtmH5urbbWPWdg
DA:20,1,LQl7uIz1rVSdNc18lSvivg
DA:23,1,xYZQ00jHWX1H63+xN8x0+Q
DA:28,1,E2l2l6ACVuLiOoDQVaSSQA
DA:29,1,UbmMQ7dw7iARkHgjs3eo7w
DA:31,1,Nnqu9X+lU2lagW39QNhFWA
DA:32,1,XDFN7SIuFtmH5urbbWPWdg
DA:33,1,LQl7uIz1rVSdNc18lSvivg
DA:36,1,Ej9eGXdLSC9XKzy+RYvu3w
DA:41,1,WyvCVvTCo5B/BxBGf3nMGg
DA:42,1,fpQy22nloYEygkogT0EX3A
DA:44,1,Nnqu9X+lU2lagW39QNhFWA
DA:45,1,XDFN7SIuFtmH5urbbWPWdg
DA:46,1,LQl7uIz1rVSdNc18lSvivg
DA:49,1,/Fw0MLNXue1G024nht89Ag
DA:54,1,3cS49BeWTTcBGvrgmudYLg
DA:55,1,m4lnGAG7+Pw9cLODXPdGAg
DA:57,1,Nnqu9X+lU2lagW39QNhFWA
DA:58,1,XDFN7SIuFtmH5urbbWPWdg
DA:59,1,LQl7uIz1rVSdNc18lSvivg
DA:61,1,EcsG5EqZPDeXEfrVv720TQ
DA:62,1,KzyDQBtYAcfJyozJfH8tew
LF:30
LH:31
end_of_record
TN:
SF:nautobot_design_builder/tests/test_builder.py
DA:1,1,D4mHb2Q4hUCpXFHMzxRfyQ
DA:2,1,hAxL2Jdid2/jbLwNj07QAw
DA:3,1,TkdTY1aJYRsgoCX7IqBZHg
DA:4,1,Y3j6rqljTEjQcLF/pfPnMQ
DA:5,1,JmqF05V3a7eYx9a0NKk6Nw
DA:6,1,oO4SzcHzqhlAdL5XC5lDWg
DA:7,1,A/6ypdIVXzBf6u4pHnRKgg
DA:8,1,DnCUYdgTfHLRECGc8t13+A
DA:9,1,Yn6+yRdqlwteeNVNrshtbQ
DA:18,1,Z1fgdIa0usO3BF6x5Al2IQ
DA:20,1,LMJFPtt63/LI39qbEieYkA
DA:21,1,hXjrm4M36PvbVjwAsrR0MQ
DA:23,1,FKbUlFepR7f7ixeugD0YBw
DA:24,1,1tjkU03eM5bjoQhCUEQONA
DA:26,1,ZUNgVfhOhJprtCBIcAXB1w
DA:37,1,mHwkULF7WVICxGYtuN7/Pg
DA:43,1,eKzI0d4daJbI9RKOPSer3Q
DA:57,1,yZDUVSXGUkLplhkGoEB7cA
DA:86,1,M6TdBJNlTC8GM7F1+cjfRw
DA:94,1,O4MjruJv4erRs1gfY5zxSg
DA:108,1,xYONHsASP/cjc6fHfBrf0Q
DA:146,1,QKxkPLr24B5jX+ppXkClJg
DA:160,1,CB8rTDqcPkvJFpyg6mp7Ug
DA:192,1,w61uhYG3FW2wLdCI3nufgg
DA:199,1,aozT7OqdhMfpzqG7yteDDw
DA:213,1,fo6+qVMmagMbhFnACy/4Kw
DA:226,1,XYEzkyGQVoN66l6E8MS0iA
DA:275,1,GTPkR4aDvTfeiUmTPm0BZA
DA:290,1,iJ76DImaeWwqwQDcik88MQ
DA:319,1,FJ0s7/K1dkPUk86nD91TBg
DA:339,1,HTDhze0m5aAZujpfQVGs9A
DA:470,1,sySlOjVDZLFgEoXzUITkiA
DA:515,1,zNcIu5SK3NatCluUANenzA
DA:549,1,TEYtChUr//oWAKQ1qUWpnw
DA:550,1,EBT0PDXvrbcrKPq3YFLZow
DA:552,1,WbzkXkBmpeE5Z8gSlIfuvA
DA:553,1,40D7hmE50rHuoJpKT15I1g
DA:555,1,D8j9Fq8Iiu1Lu3f0U0YM1Q
DA:557,1,XfoVGblWULka9rk2GsbrdQ
DA:559,1,ef3zUv9DCVwebTpyS2P+Cw
DA:560,1,P7/SQRZ0nFihUPrsg0BzSg
DA:562,1,lyL7Bd3u080BDGryIQ7vTA
DA:563,1,lmMmq5bfutYAp1fIckw39g
DA:565,1,+0d+z+eL0CeZAbxGO9R/ug
DA:566,1,o5J42PvfLn7TrNkf3C1bzQ
DA:567,1,iKEzY7wUILZVxtoFDlDjgg
DA:569,1,DCuuf3aQ6lTqXwtJCNVGQA
DA:570,1,OWraDygb688/GBnqiWM+Zw
DA:571,1,iI1xoYse+ryDV3VFzwyEZQ
DA:573,1,WOB5RuLajfNg/lTF7cojAg
DA:574,1,lmMmq5bfutYAp1fIckw39g
DA:575,1,xlaW/JjE/uy4cYLmhFCoOg
DA:576,1,DCuuf3aQ6lTqXwtJCNVGQA
DA:577,1,5Cb/1JcdMw+97GDcsSBoHw
DA:578,1,iI1xoYse+ryDV3VFzwyEZQ
DA:580,1,1dzgU1gcjxuDdeT+DrRhlA
DA:581,1,iCA2qktVAqEV/6V2/mbzEg
DA:582,1,8Cq33aMjo4ZCrssQ01f6PA
DA:583,1,m5ifupDWEZRVdpM5N2VJUg
DA:584,1,iI1xoYse+ryDV3VFzwyEZQ
DA:586,1,6T0xv0svc74hxVwGPsM94Q
DA:587,1,Wbz738Yls+QRkiPEWXo6pg
DA:589,1,oOnCMx1L1FYd7FODn9woOg
DA:590,1,oEZrJ8IAqxsh7w+NDfiMWQ
DA:591,1,HWXsJqi3vDC+Z6iYljOKpA
DA:593,1,463uEpBzh/QC5rRkKWS1lg
DA:594,1,kSINHhV8kcTCJlXYXxc7Rg
DA:596,1,vIlFeGF64FwttOowhH681A
DA:597,1,Wbz738Yls+QRkiPEWXo6pg
DA:598,1,463uEpBzh/QC5rRkKWS1lg
DA:599,1,hdSoXrCN0lQynBh2Lu/w3A
DA:601,1,iDt9RT2ela077rTfCnJIBw
DA:603,1,q2hCfqd5PJCPw+u96QDbMA
DA:604,1,cjXx5baQvn0tpNcIadhqqA
DA:606,1,EWh8SobGgcSgv+kKA0mOFg
DA:607,1,uf3n9oaOH0Z2IIfJ4Vb/xQ
DA:608,1,ksVkIuvKAfQgfkkPWX3feA
DA:609,1,yUW976wstugoOAA8OOiI/g
DA:611,1,KY37H5aM5xkzSiOu6OsM9g
DA:612,1,xjcDBnSwra0OiNOAYAwoHA
DA:613,1,D7oaKXPW/qlIh8C6p7d2Kg
DA:617,1,a3/h0qJZ2BPTF9QacyQrAw
DA:618,1,QYaWqs1HFOo3FvdFDNfXYA
DA:619,1,VXxwNsD65BWVzTz9lWsAYw
DA:620,1,RxGTQBkixMrsGDO6bQ25nQ
DA:621,1,FfRvGJ0pMyznjuaAtCEGag
DA:623,1,zGhBAgToDgoZnTaTXbyglQ
DA:624,1,iI1xoYse+ryDV3VFzwyEZQ
DA:626,1,PShE1EYksjwQZRmY0d5LGw
DA:627,1,lODw9lqK6oZKagDI/g6j6A
DA:628,1,idQrYkBJp1OJ33ykZ5TD0w
DA:629,1,HWFdiGDB4tsYuHL9E6kdAg
DA:630,1,iI1xoYse+ryDV3VFzwyEZQ
DA:632,1,UX8i4wgbvBEaAnW2PkKLdQ
DA:633,1,2cD6Eor18ppzZRtT4MlfRA
DA:634,1,iI1xoYse+ryDV3VFzwyEZQ
DA:636,1,/IbyONEfHHQlvYGzC+yE1A
DA:637,1,7CtFo5tEYd43JVGnXOobXA
DA:638,1,aRjOngDOM+Tsehs1DAUZ9g
DA:639,1,UGAkQJE8BvIGg/6qBuqSSw
DA:640,1,ofsaRqjzgA8YSlSEfxAaMw
DA:641,1,iI1xoYse+ryDV3VFzwyEZQ
DA:643,1,sFFMFt0q6uClblFmLkhctA
DA:644,1,duuqLHr8o91P+3/GvocTEQ
DA:645,1,iI1xoYse+ryDV3VFzwyEZQ
DA:647,1,XE1Ak2ldAJc4JoPxc2Bnpg
DA:648,1,MVsrZrgG30FeGHDOuCyK5g
DA:649,1,6NLIbK7wQwE4M7RtjXgiIw
DA:650,1,My4LNeTt6qv1UwpYf0LKTg
DA:651,1,V4PhHodA2cAvPkcWkqbCeA
DA:652,1,iI1xoYse+ryDV3VFzwyEZQ
DA:654,1,YGMTmaFJ63Hqc1aRORBN7g
DA:655,1,Y16iVJRSU7qUZXg0ZxNWYQ
DA:656,1,My4LNeTt6qv1UwpYf0LKTg
DA:657,1,okWajhKTm0/tE/gVVqfA/w
DA:658,1,gKIqzmxXX1WqiqrxTisxVw
DA:660,1,N0BhmvPMtdPIo5rZrdRPeQ
DA:661,1,1g3p8XrvXuoD5JqoxbNSJA
DA:662,1,My4LNeTt6qv1UwpYf0LKTg
DA:663,1,okWajhKTm0/tE/gVVqfA/w
DA:664,1,gKIqzmxXX1WqiqrxTisxVw
DA:666,1,AKhKvBF4UJKyYv2FkLvvxg
DA:667,1,zHvTW8SHagiHZOIlee0qcA
DA:668,1,oEZrJ8IAqxsh7w+NDfiMWQ
DA:669,1,KVUPTDyipVdGyxaj6nElEg
DA:670,1,nqT6pSXBCKFVFaVlukiMlA
DA:671,1,Q4MJkz40BBXv1DuyobbNqA
DA:672,1,mMKQRcIL11jX4zqHdc5AWA
DA:673,1,i4qZK0wO/fHXN4DT1l5aUw
DA:675,1,Eit2Y85SixsYnRleNaHTiw
DA:676,1,DshUHXfeQHgiVH5C+37S4A
DA:677,1,Vd2JJsSAR76Hx7KEX97Ozg
DA:686,1,Wbz738Yls+QRkiPEWXo6pg
DA:687,1,C6o3bI6g2Awhba8gF/VzIg
DA:688,1,w4/IjLLuHjtn8IdRzYkNNA
DA:689,1,NqTKixEHpg1duvDkxgjorg
DA:691,1,oEZrJ8IAqxsh7w+NDfiMWQ
DA:692,1,Drlb/mfxOQEvzbKtP/jJSA
DA:693,1,0VLDVo0CJOztyIDLLJVvWw
DA:694,1,1HdI9L1BNfOd9CT6kBz15w
DA:695,1,5R/9v7l+OjhHWYr2vp8sCw
DA:697,1,3zngQUEs1CUPFx/ksljkgw
DA:698,1,Q2LhnH0S6Zpb0mjU2LZYFA
DA:699,1,N2TjNpT3aj+Ev6LAt1D5+Q
DA:700,1,xQPWTvh8JnOYlWl6ZxMH8g
DA:702,1,qzUYd+UT36kGG3VIjJ5PBQ
DA:704,1,pur80W1A13pr/dcpBEJWnA
DA:705,1,BfiksxKFt2SsmQwMwdUcoA
DA:706,1,GTn+4w/RO51VtQA0UXpdQg
DA:707,1,u9eBqXBqYWqaZAKmFBXn3Q
DA:708,1,nPYIYsaDXjdkmxxYajYCSw
DA:710,1,wTBax7Zb0V2r/XRpMpDJ2A
DA:711,1,IDV6iPU+CAcuEchmusanEA
DA:712,1,YXWHr/Obb36rgTp4DVajjg
DA:713,1,aRYQ+jpG6z3R6craOXfVkg
DA:714,1,+LSNbHZ3nzB9qkWbrPAaJA
DA:715,1,wyu8rIYChBpahYqaKztd+Q
DA:716,1,eqbXBPv2ES+sqKXPKY+Ruw
DA:717,1,g0W/9phkVxwtjFJ+7IzfgQ
DA:718,1,V1M6y6kzq3Xm0Ii9qBETlA
DA:720,1,rkHUR/0R2wd+cdJfgllehA
DA:721,1,vS/weDjXI+MA1y7hDpWqQg
DA:722,1,VupB7dy0V9XVV1x3aNwsJA
DA:723,1,6wYhEPQUTzbfv7AMEmOwLg
DA:724,1,NxEBTfQ5o8RVKKOcKAauXw
DA:725,1,PEm9BzY6k+1tQgMh4Q7gqA
DA:726,1,yEb3H8RO2nuetlakS1ZoTA
DA:727,1,9py2jlZSywQ9B+DsR8uSvA
DA:728,1,HUmJtodetD3y7Pv6hdBROA
DA:729,1,SH0BrZM3k0IbVSZM9VswsA
DA:730,1,lkez938Q4T+y+rrugZI9lQ
DA:731,1,0haf48rC75ERoQ8a9HM46Q
DA:732,1,/ZbvWD92en6LEE/FREFodg
DA:733,1,5LGu9PNXO078/yQxrAO4Qg
DA:735,1,0Z3YN4sPnPJjmfcYQ04zZw
DA:736,1,s7DH5rj3OgeTlaxE1+B9GQ
DA:737,1,lkQbfhftVui20DiMHnwkQQ
DA:738,1,syn1a8tGcJkCI4rjLOx25w
DA:739,1,Lpc+g1LmmiIxyPBitABVcA
DA:740,1,pMDelIvUqGtTUbGtvfi58Q
DA:741,1,A8yp0xw2058slEoP6yDXTg
DA:743,1,Fnzg+2oS/ORUzC28D8jQ8g
DA:744,1,94PXUG0lElwyepAYgkp4lg
DA:762,1,kuW43LpCjbakWUJ6fNiRkA
DA:763,1,0X9iykcW5FQP0lLjTY834g
DA:764,1,Xg00STp+5S9tk9r6o+BteQ
DA:765,1,I1dFpfhvNCkmzJ4zfQtHEg
DA:766,1,ckci8pyicVREtgCBFx48pg
DA:768,1,Jvchl1ItpBX7UFdwkRXK4g
DA:769,1,kZVKcbbdEBF+0+aJ6efrTg
DA:770,1,aRjOngDOM+Tsehs1DAUZ9g
DA:771,1,oEZrJ8IAqxsh7w+NDfiMWQ
DA:772,1,NYe9Nfa/HtPyRrT5lh3Msg
DA:774,1,tttvTj9NcGOXDz3CJj2/NA
DA:775,1,94PXUG0lElwyepAYgkp4lg
DA:797,1,kuW43LpCjbakWUJ6fNiRkA
DA:798,1,I1dFpfhvNCkmzJ4zfQtHEg
DA:799,1,1YOlQjr1awfm5NmOloECfw
DA:554,0,PLA2E2r/iO7Utdm41T5c1Q
DA:614,0,s/yhv+iZEqvWYC/VbxYCSg
DA:615,0,436RNIe0MEqEt4ie22B0BQ
LF:200
LH:198
end_of_record
TN:
SF:nautobot_design_builder/tests/test_context.py
DA:1,1,LtZvTQ/H9/Z8h2CqqbQKTg
DA:2,1,E/tvV9JPVDhEcTCkgrwOFw
DA:4,1,TzDFNGyjvazfth2bwwMRqQ
DA:5,1,fZCki7qCUbm0Rvh54e9f5A
DA:6,1,8aP9UH7Gb78pWBLY3LOT7w
DA:9,1,qMuiFqV0ViCXTf7PZuAddA
DA:10,1,qSW1YnWOvCpKEJ2KlVQjWQ
DA:11,1,NfBFUYTV3DiYu2MnV6dqrQ
DA:12,1,sHujswBMI95XDOf4+9ldBQ
DA:13,1,p5RzOor6QzmAwsMqd3zXtA
DA:14,1,Xxl1GoG/uUCM5odmJyzfsw
DA:16,1,VP3VPZe3zbXw3c8/SXWZoA
DA:17,1,8zBptQ++8mP7P5ohnB0whw
DA:18,1,sHujswBMI95XDOf4+9ldBQ
DA:19,1,p5RzOor6QzmAwsMqd3zXtA
DA:20,1,GzE+Yncfhf7iLRSKWHC9eQ
DA:22,1,OGknygFuQnhiCYbIgsCPlQ
DA:23,1,I64eziiqK35dE07V2Yp07w
DA:24,1,sHujswBMI95XDOf4+9ldBQ
DA:25,1,RMf9IdySZugKBr7uE+mkUA
DA:27,1,tzwE1TtY/N86W7ZE5NtVEw
DA:28,1,IhokT9jwPvROI63R16mZrA
DA:29,1,2WWR2hclwQfdZiksCjZ0XA
DA:31,1,u1JjzoIS9T6pFYIndzwrMg
DA:32,1,cAZgi1+WA8iosMt37+SfVQ
DA:34,1,+jgV+6QuBfNparfxCqxLzA
DA:36,1,F4eTq+bNIIvFxB1YS/vybg
DA:37,1,KErQLMGbBIXKHc06vcoeqg
DA:38,1,xJe9meLJJPaIjVPBI1onfQ
DA:40,1,WOB5RuLajfNg/lTF7cojAg
DA:41,1,uEfKZzwZQIUnM9gpIlEQBA
DA:43,1,jdc2DyJCaIcg0lqc2J0AZA
DA:45,1,W8dhXDrLXsT/VGtLmQrKvg
DA:46,1,E94lt4t4mAAYxaH5iXRejg
DA:47,1,5yyfiQJUnmURTN8Q0GnVQw
DA:48,1,c/hKUhaPQQ5sBes4jMKcrA
DA:49,1,XvcIvPty8Cn9hiTNJ/+oqg
DA:50,1,49LDHtchVxpzumiFoUZ6nA
DA:52,1,afYzVhmi+qXov5SfxnrvbQ
DA:53,1,3iNpxZaCj8fHwRn/Wz/0+w
DA:54,1,s6FldpHhZ1rPP2hNhsDDhQ
DA:57,1,gtpmc9PfMWHJqE0XxCBIKA
DA:58,1,3gqUYwqjIlpbwexuLZGlEg
DA:59,1,wYkiKtTAXa10RTkvuE4Lsw
DA:60,1,vvP+FQrfr2D898Mno/sewA
DA:61,1,qcjNxnwpbxGh1CA8egR5ug
DA:63,1,8RGGnoFML8yTbCQtP8j+sg
DA:64,1,fnR+C6v80zzVymdTj3TzkA
DA:65,1,iI1xoYse+ryDV3VFzwyEZQ
DA:67,1,vOwJxX5RF+myb0H82BtRRA
DA:68,1,hDeP7BhjhwNsZ/u31CCCLg
DA:73,1,P2hg9nc1Z7nsHwae+q+sVg
DA:77,1,DcOCguJEbDsejkwLVODBGQ
DA:83,1,8RGGnoFML8yTbCQtP8j+sg
DA:84,1,fnR+C6v80zzVymdTj3TzkA
DA:85,1,iI1xoYse+ryDV3VFzwyEZQ
DA:87,1,vIlFeGF64FwttOowhH681A
DA:88,1,hDeP7BhjhwNsZ/u31CCCLg
DA:96,1,P2hg9nc1Z7nsHwae+q+sVg
DA:103,1,DcOCguJEbDsejkwLVODBGQ
DA:109,1,8RGGnoFML8yTbCQtP8j+sg
DA:110,1,fnR+C6v80zzVymdTj3TzkA
DA:111,1,iI1xoYse+ryDV3VFzwyEZQ
DA:114,1,Ckm7W/R5GMzAVEQxeQ2hAg
DA:115,1,TEgj3DLA4M/OnGoAWddHzw
DA:116,1,2ZesFN+i06tv5iFE6ouzXg
DA:117,1,x+3LhYD0U1es872M1MAi3w
DA:118,1,mWJ/E3Tiusd9F2BsfkPstw
DA:120,1,l7j9rmnBJXDcZu4IH1AAWw
DA:121,1,2ZesFN+i06tv5iFE6ouzXg
DA:122,1,qcjNxnwpbxGh1CA8egR5ug
DA:123,1,J/Lr31WmAcOM22U3cuykyQ
DA:125,1,4dplvBSlSMtQiqh36DuxlQ
DA:126,1,6a0cm4Y1lMs+myg8+MNecw
DA:135,1,0Uiy+yzGeXkJSBVQDLN6zQ
[...]
DA:74,1,balkWDSZx5wycXqIiEHtUg
DA:76,1,whruA6QGZNG4FLDVLpKDlQ
DA:77,1,f9wSi02x71zLjwxtDKKVdQ
DA:78,1,etrCfDsS2DDQx11916wVdA
DA:79,1,OHp8T3OB8vvLrDNYABVFCA
DA:81,1,jl5RyJlMUktcitWBJncwDw
DA:82,1,2GkVMNGuJywadShrsj/I/g
DA:87,1,kjyZ6vTJ/g0IRYNHfGNcBA
LF:56
LH:57
end_of_record
TN:
SF:nautobot_design_builder/tests/test_errors.py
DA:1,1,HimbtkdHAQ4gmvc/RLK8kQ
DA:2,1,E/tvV9JPVDhEcTCkgrwOFw
DA:4,1,ckrFSLz/SjSLduIubRu5tw
DA:6,1,jceeGcagmEcBMw98V+NV2w
DA:9,1,QPDLG8VWb/sZt1HnYdPO3A
DA:10,1,ioHUe2fTtMIjIyrkV4sPHg
DA:11,1,S9ISOzda1+UrTes0TiAoZQ
DA:12,1,yCmJMyY7o4Yno3+K+uB9Ig
DA:13,1,kqkY/7FLsjnpLsqPGS6O4A
DA:14,1,I8ivBlAZLBxTMgRazBtI6g
DA:15,1,UF7TwTgDH4SddzaqGZCiew
DA:16,1,CigkrdoSG9Q6j8ps50mWDQ
DA:17,1,i9GFaE0e93j0zwSfiTtdyg
DA:19,1,IBQmzVBY/2MmPP0aTH8DwA
DA:20,1,9WAF/xCEkxT8WNgqdblhWA
DA:22,1,CCfdN/x+YOD2+y+rwq+52w
DA:23,1,/olgn759QqiiW7q4JtDmzw
DA:24,1,dAksAHDaDB+ylwacNcfVtQ
DA:25,1,iI1xoYse+ryDV3VFzwyEZQ
DA:27,1,RKPvKqW2y5Tuhe5eAn+Lpw
DA:28,1,Z+aJWGrRwCL4U2yDPfriIg
DA:29,1,kKYr3IR5aVJi8xYm33911A
DA:30,1,iI1xoYse+ryDV3VFzwyEZQ
DA:32,1,sVGt7PIiojQXBTOUC+8sww
DA:33,1,Uetv0JuTSri4nY+5ec4pBQ
DA:34,1,hf53wvzHBacHDREReynYDg
DA:35,1,iI1xoYse+ryDV3VFzwyEZQ
DA:37,1,JNVXIWZrWnwnylB2z5ORFA
DA:38,1,q8tx9EZDS3SkJE2F7QcE9A
DA:39,1,opfkiyqoN4meqz9gLr91mg
DA:40,1,iI1xoYse+ryDV3VFzwyEZQ
DA:42,1,ch/cQcxG0ZLlJp1IG4kD8A
DA:43,1,x+2ENbXje+lwrTKbu77mvg
DA:44,1,ZNb0n+WKC/7BXWmNpFcHcA
DA:45,1,dg2jUcj7gNYdxsGvF/4LHA
DA:46,1,yeYjAH2qsBbL/eSTt4K0pA
DA:47,1,iI1xoYse+ryDV3VFzwyEZQ
DA:49,1,3YJAuNpwx6QpsVJvIiJapA
DA:50,1,58RR/A6rZRCED6r0JL7eJA
DA:51,1,9w3iJcCExfRTfW39GupppQ
DA:52,1,tUznXvIaCk1J9pA2+jcjAA
DA:53,1,dg2jUcj7gNYdxsGvF/4LHA
DA:54,1,yeYjAH2qsBbL/eSTt4K0pA
DA:55,1,iI1xoYse+ryDV3VFzwyEZQ
DA:57,1,0UKUAKgG3ek00GX+JV4Flw
DA:58,1,58RR/A6rZRCED6r0JL7eJA
DA:59,1,9w3iJcCExfRTfW39GupppQ
DA:60,1,tUznXvIaCk1J9pA2+jcjAA
DA:61,1,r7p/7EwRgHcsX7RN7U210g
DA:62,1,YpCdGwa6hqejsscxhfXljg
DA:63,1,iI1xoYse+ryDV3VFzwyEZQ
DA:66,1,DZy1mK9FAt/VH1yEWJyNLw
DA:67,1,l0kHpIV+X+sB/2zEk6ceEQ
DA:68,1,2G9HtLd5nvX0aCB5ntnWBA
DA:69,1,hoAfb8gfYwwA2dEEEjcoNg
DA:70,1,iI1xoYse+ryDV3VFzwyEZQ
DA:72,1,n7+VsUitSWtssPJthlhsRQ
DA:73,1,hHVg92XTRGG1WE0W/fH0Nw
DA:74,1,vrHh4YLNnnOto0wN+/gXcA
DA:75,1,7RGfb7Tomz8z3iv3KFlYvw
DA:76,1,3CmWoqAk89tLBqLVrPnUbQ
DA:78,1,OziS0u4+5Bp7ONX7q93G7A
DA:79,1,j3bVbvxs3BQbIExNweAraw
DA:80,1,xXMvHpzQTTeD6hFemeknIQ
DA:81,1,oXL1X80d6JUOYk534NNdUA
DA:82,1,3CmWoqAk89tLBqLVrPnUbQ
DA:84,1,C654I5NYsCueRhal4quHuA
DA:85,1,n4j3iTvPjzMTJppAGsKgwQ
DA:86,1,xXMvHpzQTTeD6hFemeknIQ
DA:87,1,0xkorS5WRfNX3J+NMgK1QA
DA:88,1,3CmWoqAk89tLBqLVrPnUbQ
DA:90,1,4xfXxlwers29SCQGJYyh3g
DA:91,1,PM8SrvLa6o9f7L+dXEhoBQ
DA:92,1,3CmWoqAk89tLBqLVrPnUbQ
LF:73
LH:74
end_of_record
TN:
SF:nautobot_design_builder/tests/test_ext.py
DA:1,1,qtTr80djrpckmjgNK4AaDw
DA:2,1,mUDsnWRiqW9R9nTILGKIZg
DA:4,1,oO4SzcHzqhlAdL5XC5lDWg
DA:6,1,Teqe3HtjCGxvZ3QYeIxt3Q
DA:7,1,LMJFPtt63/LI39qbEieYkA
DA:8,1,+AtJUMq2wSFCvee/RcQXFQ
DA:11,1,PiCxz7avjOB7O8YEmhepDA
DA:12,1,OpSYPSvRKviMJATBvvgEUA
DA:14,1,14CoJxRiAiynV3v9IMvBIA
DA:16,1,zir2ZccXqLEK4/AdQS7B3Q
DA:20,1,/fzcF5GzV01q5QPwFqczcw
DA:21,1,R66U3zp7BzZX0NmSggoRPw
DA:24,1,uqHChfouIvbidAmS2xXNOw
DA:25,1,S7s5/fo53FZoIl65dMrHRg
DA:26,1,8vMRCzBrSLbEnk5JkKl5wg
DA:27,1,KcP4m87iRDPQ9ERU5Hx/hQ
DA:29,1,+Xj/hplbRr3xS0hIwldijQ
DA:30,1,z5FCJq+kQyPYQRsL1BiGpQ
DA:31,1,FzRqJqU5hFVKA+8hjMpMQA
DA:32,1,2g7KtQsvmxQNHglr5MrYLg
DA:33,1,7u2LPqrbM7fjtMPVP5j8pw
DA:35,1,B4oh38HHF2g/mRODKJ4Jgw
DA:36,1,j/rak6z9VvU3xjnRFR6N4w
DA:37,1,IKRSuAAPVhgQsAnEe29psA
DA:38,1,6xa2NTK4wzk5DWF0yv66mA
DA:41,1,xT70RhD4jvCYoVF6H+/3rA
DA:42,1,acB5zfO1vCNbVAZ7q0xqOw
DA:43,1,xBpe0i0RhSjAgH8K8FYIbg
DA:44,1,d/6hyg2cEt5/Q/HAj5Oh6A
DA:49,1,3OUUJ7C1H17j4K0paHe2oQ
DA:50,1,6Z+V1GkYbP37sVp08cJG2A
DA:53,1,LELuVTO9rLlsuArtks3UWA
DA:54,1,KxgaGtJPkScc4OG7mJ59vg
DA:55,1,FOCEY2xu96haCcb8rw6Dlw
DA:57,1,yw8Lu9ycFIYxilI9+NXUSQ
DA:58,1,muWW+8ciYqOVLdY9frxDSw
DA:60,1,J5RraSEAMrkjWOthI67rKw
DA:61,1,TGY1lmzxbXdMTYY3xX56QA
DA:63,1,S90MUriNW804uufkWaz7pA
DA:65,1,Qalz4Amm7lk62ZkO6lrmLg
DA:66,1,dquiAd0b6I3SPuVFJDK09w
DA:68,1,DS74AFBn0VowF1L5HTuk3A
DA:70,1,nG+sMhJ6Csgkx5hy2OvC/Q
DA:72,1,ThsfSZA7e2JlDkoPvjam8A
DA:74,1,O1dHaPQKYjT2uEyEATJZ8Q
DA:76,1,KVkfXWvIwW3/Y9ru9uDlUw
DA:77,1,xjcDBnSwra0OiNOAYAwoHA
DA:78,1,wlRRUuQ7fvu1GFGxLmzUyw
DA:79,1,DGTfTyfHfp263whZFBhX6g
DA:80,1,B+ZJQ8zBxPMiDZhsnR0Fag
DA:81,1,x52r70ujvpNBqGkcCy2ecA
DA:83,1,mkmj8SYC6LTA2Pm0MOvwkw
DA:84,1,1dJj5wGsy2LsKwWOZ35FqQ
DA:92,1,7AhWr1nZCVKHowuLqyv9Fw
DA:93,1,mHcQUuTOo1auINQTcwtgEA
DA:94,1,y1EH1yt4GhtQKT+alRVp3Q
DA:96,1,Zsc5lIFEWH95fTYsYqPVyQ
DA:97,1,1dJj5wGsy2LsKwWOZ35FqQ
DA:105,1,7AhWr1nZCVKHowuLqyv9Fw
DA:106,1,ciQWQt694J85w/JnIBW3vA
DA:107,1,8QhU4iUjrfcrHqkYgo7eWg
DA:109,1,Pg5QmOdGRYgIZOoEjQlwaA
DA:110,1,1dJj5wGsy2LsKwWOZ35FqQ
DA:118,1,3d0HQb5NlQ0ulpdKZenJEA
DA:119,1,ciQWQt694J85w/JnIBW3vA
DA:120,1,8QhU4iUjrfcrHqkYgo7eWg
DA:17,0,wWvyVCzDRWfTVXhFZNNl1w
LF:63
LH:66
end_of_record
TN:
SF:nautobot_design_builder/tests/test_jinja.py
DA:1,1,RwIxuh8YeKglXObk31uCSA
DA:2,1,E/tvV9JPVDhEcTCkgrwOFw
DA:4,1,cTF83FwK8sXc/LdIZSS78g
DA:5,1,2oaWOCLWCX05yOAgcqqUjw
DA:8,1,FkDtr0PrQKfHMwDitMu98g
DA:9,1,FoUKrM7/7MUveY/lNNip5w
DA:11,1,M5IImtugdl5rwL9uoAKTgQ
DA:12,1,NfBFUYTV3DiYu2MnV6dqrQ
DA:13,1,sHujswBMI95XDOf4+9ldBQ
DA:14,1,ITehOP4+vygJYCdMZbS3tA
DA:15,1,wTXOpPnCUa2PsWkbduimvg
DA:16,1,wM5zTjr91QOrGMc7mM4GVA
DA:17,1,iI1xoYse+ryDV3VFzwyEZQ
DA:19,1,5lINa+O6RADlozr1npDYkg
DA:20,1,hBxfrjK5gyOIU1iHRZKPVQ
DA:71,1,v/LPmNjroenZ1SKRbMoUPA
DA:72,1,KcbH5dOppxGvr0FChjdq/w
DA:73,1,GORLcyAC3MOyu4J/h+iFCw
DA:74,1,T4fX8yUpWA93kpbW9u8eLg
DA:75,1,YXSxfdneEVT3ZVBkFYGz3Q
DA:76,1,wcQb1GGt42pC5Di1OxtF0A
LF:19
LH:21
end_of_record
TN:
SF:nautobot_design_builder/tests/test_model_design.py
DA:1,1,bHQ9Q7sdzHnIdzf68cgZJw
DA:2,1,xq1b8Yh82kd98YYP7FyaNA
DA:4,1,QowvZXt28MSQfN5bbw3zHw
DA:5,1,ckrFSLz/SjSLduIubRu5tw
DA:6,1,oMBvno9gFO2cm90UsDMMig
DA:7,1,wIzfQdRvc1VSBylaUt8tYQ
DA:9,1,tY7fhsyW0BwzOaZrMA+e2w
DA:11,1,Uor3L2CpfqgBK1l3xvEwEw
DA:12,1,Sj5rnxxW3XXfyLJF39FpUA
DA:15,1,YuCi3yfCUA4duWeB21o5mQ
DA:16,1,zS2SeBPkT0yxjvtEkSfmfQ
DA:18,1,WbzkXkBmpeE5Z8gSlIfuvA
DA:19,1,D8j9Fq8Iiu1Lu3f0U0YM1Q
DA:20,1,uNhtcQZ5VkKSuiYSUQXJOg
DA:21,1,fLMBp3GZn5BO1wwHaAT3Mg
DA:28,1,/NKFSdKg5uhUEvEqdUw2Rw
DA:33,1,IOOPvh6nODMCnalZgoXeNQ
DA:34,1,RpTiHtJxdJS04ye5jzRMUA
DA:36,1,VVLHBl9ITCF+DV2xY8PaAg
DA:41,1,mbRctySPt78afxy5DCVTiQ
DA:42,1,729U7iBaJ50g+Oh8tOWkBA
DA:45,1,ecwLTjB3tJqrYx6i8OiH7g
DA:46,1,d56Dg5zxGn0wd0pbsxQN0Q
DA:48,1,U5ttOwaZ9Rrl8hy766thGA
DA:49,1,i2M3T6pN2KctvfUzbGtuTg
DA:50,1,Uu9v2wZZaYgsNUTa/1Tznw
DA:51,1,nbrvakvX12TZV4VfOumfRg
DA:52,1,W8Pt9ZMVUh9aYvfeur+cSQ
DA:54,1,UvQHLzbd7UrEKcih/Kssew
DA:55,1,gsQr81TZg1JvAlweLdmZIg
DA:56,1,Uu9v2wZZaYgsNUTa/1Tznw
DA:58,1,JHx0QSEAxb3S2MstrcNXNQ
DA:59,1,acGFHBcjPRsJciQLMeBiwA
DA:60,1,vuT80PrDDGUiMRHR9gkN2w
DA:61,1,fgeS0LEFXrrdBsbwtDHdCw
DA:63,1,acGFHBcjPRsJciQLMeBiwA
DA:64,1,Ln6wJx+XXK3tVsU9HoChRA
DA:65,1,fgeS0LEFXrrdBsbwtDHdCw
DA:67,1,tKO+OEH8BmzST39pplCWuA
DA:68,1,g+z8aLBGOMEfgPygBuf3/Q
DA:69,1,xqbXgWeuEIktIaJ30qY9aQ
LF:38
LH:41
end_of_record
TN:
SF:nautobot_design_builder/tests/test_model_design_instance.py
DA:1,1,Cw6ICmoHMclTQHFoJalTQA
DA:3,1,ckrFSLz/SjSLduIubRu5tw
DA:4,1,oMBvno9gFO2cm90UsDMMig
DA:5,1,Y3j6rqljTEjQcLF/pfPnMQ
DA:7,1,7afavIIspuZBzewm3xoLJA
DA:10,1,aAQAxmQP6G7793PlT5agCg
DA:11,1,HT1x89yL+H0aG6noEbxwcw
DA:14,1,wxzfwKGlyvrHU70kBAu88A
DA:15,1,ayLmc2NKRhYk0M/OkAI0Fg
DA:17,1,KxgaGtJPkScc4OG7mJ59vg
DA:18,1,8pz1FzoSqmFKndBTRsVxJg
DA:20,1,WMIfqPrnQOS6Nui0CgiiMg
DA:21,1,4ba/WBmy75SDPJB0LNF1/Q
DA:29,1,ZZyWiCpBigk6xDSJ+46FkQ
DA:30,1,8I5UI4SxP9aPX/hK8+h6Vg
DA:32,1,WbzkXkBmpeE5Z8gSlIfuvA
DA:33,1,D8j9Fq8Iiu1Lu3f0U0YM1Q
DA:34,1,21UhZscTCyujDo2ljSz9wQ
DA:35,1,ep/6NUJFSPy86/1w0daqkw
DA:38,1,JlZikyoEROR6SGqyt/CILQ
DA:39,1,A5qwWO4K8Ajy1FAOHr8KPQ
DA:41,1,xwpTDMH2nSPkN1/uN4JIsQ
DA:42,1,pVhFZK1F9yOpMoqP89OTbw
DA:43,1,zVrIqegZys8rxhNzRWGeCA
DA:44,1,RCGifZmTnH6+3MahccHRfA
DA:46,1,umU22vkrsaoZNuc23A9vUA
DA:47,1,acGFHBcjPRsJciQLMeBiwA
DA:48,1,2F+m39E6vTNnII+CprDx8A
DA:49,1,r0eKYOsQy89D4ajaAqhmVg
DA:51,1,acGFHBcjPRsJciQLMeBiwA
DA:52,1,qFS0Vmndp3qJ4OXg3SFm5Q
DA:53,1,r0eKYOsQy89D4ajaAqhmVg
DA:55,1,S6FFE5OOeTWkgPzYM8Z5QQ
DA:56,1,g+z8aLBGOMEfgPygBuf3/Q
DA:57,1,wymdlmCeYEhlebERjq6ePg
LF:32
LH:35
end_of_record
TN:
SF:nautobot_design_builder/tests/test_model_journal.py
DA:1,1,80U6Jy5FAC3YoG+rxpZqog
DA:3,1,g/wFgnACoNWm6h0zJ+anwQ
DA:4,1,DxtaAXdRc2C7Jp33EWZ6lg
DA:6,1,Y3j6rqljTEjQcLF/pfPnMQ
DA:8,1,iSou4uxs2wLD5lFBefn9ug
DA:9,1,ZKBHo5pj8L0Kb23RkeO7tw
DA:11,1,hXjrm4M36PvbVjwAsrR0MQ
DA:13,1,iSvkKKyK2gLAKi1OJvOt7A
DA:14,1,Sj5rnxxW3XXfyLJF39FpUA
DA:17,1,OtX2iakFs+K2XonvCyFQ3Q
DA:18,1,SStbJ4Lc9wYvikU6ORehZQ
DA:20,1,i1kK0nJksEcRdaVCuDFnmw
DA:22,1,HZ/yqrWvVZ9PYESkuGeyxQ
DA:28,1,GVOY/B4iaXLPticymfMJVg
DA:29,1,4An42w3cH0GY6yibUmq6XA
DA:30,1,kf7NaScXxznmPWBCtyH2cQ
DA:33,1,ql6Cr8/4gbZo2609rVvPtw
DA:34,1,v25gLVLUtJ6O5hTQz5aBcw
DA:35,1,0tWeKnFR3qAR8zr+LpvlCQ
DA:36,1,i15TnMGy5AJG+mm0fk82Iw
DA:38,1,WbzkXkBmpeE5Z8gSlIfuvA
DA:39,1,D8j9Fq8Iiu1Lu3f0U0YM1Q
DA:40,1,hwL3Q4iEnE3zzMngj8mc5Q
DA:41,1,eJMoQ9b8ix5bZOo4ObM95g
DA:42,1,Ea+BLYYA0vyRJoflL2qPJQ
DA:47,1,fHSEu/23c1n26R6xViWAIg
DA:50,1,XARTQ6EgyCgVEBOOiaTuEQ
DA:51,1,ESvTBXYx+9IlL7ct5ioUVg
DA:53,1,sJltLFSHj2YcYxjXtnJ4Wg
DA:54,1,Elg1WZQUpXJEXKd8DURcmA
DA:55,1,WJ6uNscpdnuWNprgPuD2qA
DA:56,1,DXnFutqxF2AF7bQke/sOvA
DA:32,0,QcQjG8+laVJ4t9cicMswsw
LF:30
LH:32
end_of_record
TN:
SF:nautobot_design_builder/tests/test_model_journal_entry.py
DA:1,1,80U6Jy5FAC3YoG+rxpZqog
DA:2,1,4Qng96WhYaqN6AKQL5tsXA
DA:3,1,ckrFSLz/SjSLduIubRu5tw
DA:4,1,oO4SzcHzqhlAdL5XC5lDWg
DA:5,1,FWNvILneIxydCGq3EBBvyg
DA:6,1,sNb5y7GEBVO03nI7ca9stw
DA:8,1,mwpClFFuwrfZrUqnoeVuWg
DA:10,1,08cPCNt7GqR2G5H6jmj6gg
DA:13,1,Xo8DF6tWyjxfYTh12RVAgA
DA:14,1,1Xd6YwaG4icsCv38NdBYbQ
DA:16,1,Np/DS3Ouw1dSL1xpTAljyA
DA:17,1,D8j9Fq8Iiu1Lu3f0U0YM1Q
DA:18,1,X96PG7f21nv+MT8euO3z6g
DA:24,1,JFFTn78aRsp/cFKZ31PcXA
DA:25,1,/dgx30LY6rVwBgNSgdr1Ug
DA:31,1,37mxMRGn0BONOcIVf3zA+g
DA:33,1,bONsdEN6Goy9ZVFBzbCxDg
DA:41,1,snO8PsRY1rPH/A6VAQb1XA
DA:42,1,9TqmrQSJwu12cm4h8/7i7g
DA:43,1,0XofifSvutQ7E5SDND443w
DA:44,1,wNCPJCuwE1yHggd8A5c1HA
DA:45,1,D1w0ifOHFo9ihIRXTACjzw
DA:46,1,btMFODY9C97pClS+A7T3tA
DA:47,1,O4fpay8ERjos47MM2JpSpQ
DA:48,1,PMevQ6DwCaUy9C3Fds+2nA
DA:49,1,Gntyri1FWrfdGbvi996fOg
DA:51,1,snO8PsRY1rPH/A6VAQb1XA
DA:52,1,EqR0uu7AeuGRGDwR5ySGvg
DA:53,1,0XofifSvutQ7E5SDND443w
DA:54,1,D1w0ifOHFo9ihIRXTACjzw
DA:55,1,c/ZngcgYVCDlFZgDjE+3xg
DA:56,1,vLVhqxllz8aUEnxCuEuDWg
DA:57,1,10e3Q3T9VGGnqQpvnhNGcg
DA:58,1,PMevQ6DwCaUy9C3Fds+2nA
DA:60,1,i4XY2KQGUy3xnlBK30abfg
DA:61,1,uLuERBRnxRNHkdq3igxMFw
DA:62,1,rKaD/OZRK6Ptu/gSNSbeyg
DA:63,1,hr2Pr5aHPU9PK+F4GPp0hg
DA:64,1,IXbZfpBnMLMJkhdFj9Mh7g
DA:65,1,7sa3HUuCMY8tCRjWx3EOGg
DA:66,1,SZQ67MbUhL7BaMddz8IdOw
DA:67,1,dXgf3nfpeqmGzVrjYoYPrw
DA:69,1,bUv9NrLHXPS/Truc3DpDWQ
DA:70,1,3o4FBjbpKdxycKy1BqN0oQ
DA:71,1,QEkX2mq7e8ZlCYAbCmUbyQ
DA:72,1,pmqxxFEAe9t8p5+IxDwUoQ
DA:73,1,zAyoWebyirfYHE3q42xJ8g
DA:74,1,n7anbA69Cu/JaYm5IJQW4Q
DA:75,1,aBaasi/QCpDNJ+QegF+l+A
DA:82,1,7sa3HUuCMY8tCRjWx3EOGg
DA:83,1,n7anbA69Cu/JaYm5IJQW4Q
DA:84,1,aBaasi/QCpDNJ+QegF+l+A
DA:91,1,I3UT8diqLaVQ4qHrKv8e1w
DA:92,1,3o4FBjbpKdxycKy1BqN0oQ
DA:93,1,d1dagfRMFBD5KlG7b2dzEg
DA:94,1,pmqxxFEAe9t8p5+IxDwUoQ
DA:95,1,zAyoWebyirfYHE3q42xJ8g
DA:96,1,n7anbA69Cu/JaYm5IJQW4Q
DA:97,1,aBaasi/QCpDNJ+QegF+l+A
DA:103,1,7sa3HUuCMY8tCRjWx3EOGg
DA:104,1,n7anbA69Cu/JaYm5IJQW4Q
DA:105,1,aBaasi/QCpDNJ+QegF+l+A
DA:112,1,2EXP+BMIuNf0c/jI66pX2g
DA:113,1,3o4FBjbpKdxycKy1BqN0oQ
DA:114,1,XqClX0Jbe1m4KZWHlKo4Sg
DA:115,1,pmqxxFEAe9t8p5+IxDwUoQ
DA:116,1,zAyoWebyirfYHE3q42xJ8g
DA:117,1,n7anbA69Cu/JaYm5IJQW4Q
DA:118,1,aBaasi/QCpDNJ+QegF+l+A
DA:124,1,7sa3HUuCMY8tCRjWx3EOGg
DA:125,1,n7anbA69Cu/JaYm5IJQW4Q
DA:126,1,aBaasi/QCpDNJ+QegF+l+A
LF:70
LH:72
end_of_record
TN:
SF:nautobot_design_builder/tests/test_views.py
DA:1,1,WI81ZnZoNVU8uMEhoRVAHQ
DA:2,1,5gFHQfVBsMhy9ofRdhSnVA
DA:4,1,pqsOWEsrcKHTl5TIZW2D4w
DA:5,1,FXu+WkQeHEP5KGw1auv0+A
DA:8,1,remk9FNU6UoAxDJ/pE24Qg
DA:14,1,lyP+7Y4UIHfr1wKuc9q5Bw
DA:16,1,Nnqu9X+lU2lagW39QNhFWA
DA:17,1,XDFN7SIuFtmH5urbbWPWdg
DA:18,1,LQl7uIz1rVSdNc18lSvivg
DA:21,1,yphRMUZVbFcRlUZpvNMrpQ
DA:27,1,E2l2l6ACVuLiOoDQVaSSQA
DA:29,1,Nnqu9X+lU2lagW39QNhFWA
DA:30,1,XDFN7SIuFtmH5urbbWPWdg
DA:31,1,LQl7uIz1rVSdNc18lSvivg
DA:34,1,/goClnHyJnEIK7GsxHnBtg
DA:40,1,WyvCVvTCo5B/BxBGf3nMGg
DA:42,1,Nnqu9X+lU2lagW39QNhFWA
DA:43,1,XDFN7SIuFtmH5urbbWPWdg
DA:44,1,LQl7uIz1rVSdNc18lSvivg
DA:47,1,yMRMdjib0v7EEKLsplE/vA
DA:52,1,3cS49BeWTTcBGvrgmudYLg
DA:54,1,Nnqu9X+lU2lagW39QNhFWA
DA:55,1,XDFN7SIuFtmH5urbbWPWdg
DA:56,1,LQl7uIz1rVSdNc18lSvivg
LF:23
LH:24
end_of_record
TN:
SF:nautobot_design_builder/tests/util.py
DA:1,1,RwriVe/Zt+ijnB8IzqnUPw
DA:2,1,Y3j6rqljTEjQcLF/pfPnMQ
DA:3,1,ZKBHo5pj8L0Kb23RkeO7tw
DA:4,1,pIWIKx8y4nHwCA9E/LvYIw
DA:6,1,pqsOWEsrcKHTl5TIZW2D4w
DA:9,1,3KDfjiF7UUkb9bUa1kH5xg
DA:21,1,XnOoO13LCHdiWot4qkLH/w
DA:23,1,zNKZ+FFkDataf+EJhuibcQ
DA:28,1,bPqj3zgY04oYY0OHjaO6vg
DA:30,1,lUoGj4uUkAS/x+5ip1vhzw
DA:31,1,sMkRH/XPvdSu0p7SspG5qw
DA:34,1,em/Oapy7fBtDnIpHHE2pvg
DA:37,1,cji7R0UgbJhnHA2IIlltKA
DA:38,1,2zocPAcCX+DBGrHcgPisWQ
DA:39,1,m/Nvu0LPGZYHjKhJ2G6PqA
DA:40,1,51Xb/OJJV2Kqw0SYMAGbsQ
DA:41,1,pM79uwwxvTxAWeATyVUbbA
DA:11,0,+ywhlesjWn0MEtpYgW+pGw
DA:12,0,ENjAO5iiSVk16H2BSTVr+w
DA:16,0,EPA4sTD/y5Y9j4IuKanV/Q
DA:17,0,ciKxx7G38Vwt3UluTkGE8w
DA:18,0,IHZExZ+DqUY49X4H2Df/2A
LF:21
LH:17
end_of_record
TN:
SF:nautobot_design_builder/urls.py
DA:1,1,3+VkENv0ak2OsQ18Q0NpRg
DA:2,1,8wYUrk9+5QWK9fn+h7+7ZA
DA:4,1,QUaVK9+/un6J2B/11vtcnA
DA:11,1,B0CxfrH9ssbLGbi/sCBQDA
DA:12,1,zCEiszpbzq+x5EAYd7j6IA
DA:13,1,MZ4BfFGi18XyAubY9cZ61Q
DA:14,1,JWgjmu8ygcBY9O2b75uHTA
DA:15,1,YQhnBosPXFX7dHrea9OmIA
DA:17,1,t9SrkOEBd+v3PNPjXdxu8w
LF:8
LH:9
end_of_record
TN:
SF:nautobot_design_builder/util.py
DA:1,1,ApZPm0aCO4Cvdy5ELjKNCw
DA:2,1,rP4JHqAK36dzp9gm59AGTw
DA:3,1,R6QT1gTcGomsAI4QcwqTgA
DA:4,1,o7XN3CMj67n397EmDP0M3w
DA:5,1,EZEzNmL93PY96zsSuI0PfQ
DA:6,1,7Z9Lj4ed27Wf2hBX6jooEA
DA:7,1,AK7GJ06jzuYAswzzm2gAYg
DA:8,1,mUDsnWRiqW9R9nTILGKIZg
DA:9,1,HjkV5GCvrEqQ0TdgpJT1Hg
DA:10,1,8bOU9ZU3t5HWZla4FhZAJg
DA:11,1,yoFWTtLA6/AWTojyrfR0GA
DA:13,1,TkdTY1aJYRsgoCX7IqBZHg
DA:14,1,QowvZXt28MSQfN5bbw3zHw
DA:15,1,uxY93jT9eofKKSK2CG9IsQ
DA:16,1,uKWeGxxt1KPw5NjDnVbLAw
DA:18,1,Orfi4F3+5fmNfriDsj3tjA
DA:20,1,rOMIMlbvtyu7gXIIy/UEaQ
DA:23,1,kqAv4CRNj8TUJtZxnHA1ww
DA:25,1,TP0RcQTN7brfjRCF/7VQdA
DA:28,1,Nln9p9J2fTJneyavsc3C7g
DA:37,1,npejWnd46jkOqVxarmqIeg
DA:49,1,ur2WT2+USvVKSZnHHOcRTA
DA:62,1,GfP3tbpqkdFP4KMcUkV6vQ
DA:75,1,ieBDChSs6Rm0QEmJaeie1w
DA:76,1,e70NxdimIejCT4rRgy+wHA
DA:77,1,wDFiLMlb205RXwcdtIoWbg
DA:78,1,hIjxZ1utJY4jsvgGlrTTsg
DA:80,1,L9plFvkr9ZFnVDh7A6Pupw
DA:81,1,ocFG5uNZPJ3RWss9LXV01g
DA:83,1,P4UihLcwsbwKxTKfD4bm9g
DA:84,1,B/Fo9U4/nMeRNS1JjGZVyQ
DA:85,1,ZXc4g14sW7eis3psXvUBqg
DA:86,1,wDFiLMlb205RXwcdtIoWbg
DA:87,1,6LweHMiTPI1Y2VGbH9jlLA
DA:88,1,dW2BNRidhWVpQUOVSrouvA
DA:89,1,L97lAnZbjp1zwH2ty8JFjA
DA:90,1,zzmLFnwGUNFMH+9uDEJmbA
DA:91,1,FHCTgzO8YvtgTyHKqoN9Sg
DA:94,1,9IkFqkYefyuzqLKbejzmcQ
DA:109,1,qp2M5Bg+7h00KH/6ujIUHA
DA:110,1,bHDBOtiI9t11B45uGi27kQ
DA:112,1,RMbc5SgIHOFwbA4tmtqc/g
DA:114,1,ebT69O9Tbgd7W4fVi4mCfg
DA:115,1,yB1ColCAxsUwA/Xlz3vwJQ
DA:116,1,bCO78tNHNFjLU10Sgg33aQ
DA:117,1,6M0uasDvhDU+IVFBkFy5wg
DA:118,1,gcZsVM1vAXw9o/5XG2mkAA
DA:119,1,45N+eZc8s7XqiTXI2fHUpg
DA:121,1,ESLbLNwzJVB9pPsfZMg+CA
DA:122,1,poR3/lQk2J3IIUAihpi00A
DA:123,1,IGCFqHDb5NYYaIOxf5cyVg
DA:124,1,26zLZM0G5IW+jnzRyPVMRg
DA:126,1,WprUffjxJWhjrXOloYzRug
DA:129,1,0QRczROQ131LH1rcnIPJrg
DA:148,1,Y9Xet7qMCmJM6BQ7M83nnQ
DA:150,1,S+T9y8L2OjcXGkj/Mkw7ow
DA:151,1,xjcDBnSwra0OiNOAYAwoHA
DA:152,1,KVAKI1ygONsR7rn4UHEkEw
DA:153,1,aG8hzM939a6klmerpUAbhg
DA:154,1,kycMaH6XbPuAfUpgfG1Lbg
DA:156,1,0sa7uPBmVgLm9pJOEZUCiw
DA:157,1,x7pd/UtIO05IghT1X7mkpQ
DA:158,1,LwhxPQ4LGealNNDiTSP0Iw
DA:160,1,E/G109i/+OI3B0uemrHlcg
DA:161,1,Upt5W61WNmE5Sov7EMCifA
DA:163,1,xjcDBnSwra0OiNOAYAwoHA
DA:164,1,Ioazq1S6KGP7pJiCUm6OLg
DA:165,1,dJ3zig7v2GF5WUYc6oJZFg
DA:166,1,D9dlR41IJ6fdLOG28jsHug
DA:167,1,sOvtOfk75TbAtTgkgicGHg
DA:169,1,5b9Q7IEMsNPSmL0jnwiV0A
DA:170,1,bePCj8YRd0s66hH5qPDlNg
DA:173,1,/5vlnnqYGX2CQqvHtPQSKg
DA:182,1,h2QX19ySdQpLoaAeQnkxyA
DA:185,1,dHgXYVwZdldDkOzAef2LBw
DA:210,1,fJOLhtkGpXzL9Y2gAuqtLw
DA:211,1,WmNWmFil9u0vn4I36eVWtw
DA:212,1,yVLWgaWsYjNFiTARW3jgzA
DA:215,1,MCtRxTid2mQSVuk2XV+aww
DA:218,1,5n2sLttcE/8F8SIYkNkulA
DA:245,1,/aAgZrGOyqlVONIU/f35wQ
DA:246,1,Ue7Bp0ObsG8oP3baGDRSIw
DA:247,1,x0IiBnMXke/3we7OeakNvQ
DA:248,1,XjwQTpTPxGQSNWHTU25LHw
DA:249,1,lpct2XcK8Pj9RlwaAbKAaA
DA:250,1,dCx68Fdj8YOsM3wXczfoNg
DA:251,1,6Hh0MY/C/2D4DdAa7bXUDg
DA:252,1,foBAzkKMZ2TsYZcX+Ajbvg
DA:253,1,KXk+vIXvK49XqlKDzU5NJg
DA:256,1,oWkrq0xQP51dwJRj6av7QQ
DA:268,1,dCx68Fdj8YOsM3wXczfoNg
DA:269,1,cHSO1zL+6VFlRWYBrvJpQg
DA:271,1,01B89G/eibHtzwe2U1Mpsw
DA:272,1,2YIlfUhv4OflU2qz1NHiDA
DA:273,1,2BvEuIVDnqi31pBfqR2IMw
DA:274,1,UMghatTfpHJzKN7jGpAzUQ
DA:275,1,uM9SMqlewroNztaI8341kQ
DA:276,1,XsbPYgg5yjnAXS7vYuRHVg
DA:279,1,IYPgtLyx4dNBNC+0+6HVwg
DA:290,1,BZhCBCuho3A8iITvJPAJ+g
DA:291,1,L9plFvkr9ZFnVDh7A6Pupw
DA:292,1,IVNUt/hwOK5Km+2+uREutw
DA:294,1,6292wduJvFNLjt0UXROjOQ
DA:295,1,jfIjBxPJ8WiJWJ8cRFhgPg
DA:296,1,jCR9Djd08q7TXlr81QsYDQ
DA:299,1,n+j4p0+UV7ykVli0/rYOCQ
DA:300,1,UUZg8/dYVDk0Ao9+syXixQ
DA:301,1,MIbLWfgsFKDN9k2en72t1A
DA:303,1,gFdnwIzxJ64X+nD2UauP7A
DA:304,1,mKu8KaTS3WmO20+99Ig7sA
DA:306,1,IKwt4IRPgYiUFC5JHpw59Q
DA:308,1,NlkVC8q+svD0P4cCR7vb+A
DA:311,1,qg68OUwrwMFkpnNWHIND/A
DA:312,1,oOMqZibbk9EfhwunxWmuZg
DA:315,1,7lraNWR+0qlMry46j9mJeg
DA:21,0,Cc+i8g7drgGEer+Lrpc7qw
DA:34,0,VcJkE/jQG6Iw9dVXtRUb1w
DA:46,0,XxFYLKPHgYJ+QtGckaceMA
DA:58,0,i0diJJhn7JuFWbxSr1RvsA
DA:59,0,ujR9VEZlX56subi47WOwbA
DA:159,0,cpcJMF+qC6KU4akLWeuNvQ
DA:162,0,sOvtOfk75TbAtTgkgicGHg
DA:258,0,xjcDBnSwra0OiNOAYAwoHA
DA:259,0,SJCh3wHaMkqZPF+o0YJwxQ
DA:260,0,/wpqJInqsznDklUdETt5Gw
DA:261,0,q4cSmbTOertd/k7t/+YiMQ
DA:264,0,M8PVWxiB6UP5Z4jdE+lDDA
DA:265,0,PQqO9y+YqjrEfO97F0m5fg
DA:266,0,MnzpXe1veqpfA7nIMRo0OA
DA:309,0,rG7Sff5TZsNcd4F+i2+oMg
LF:128
LH:115
end_of_record
TN:
SF:nautobot_design_builder/views.py
DA:1,1,dr8zpiIM/lexMY46bSvLww
DA:2,1,HbT7Hkq3fkNSw0LsMHZk4A
DA:3,1,SIeAuJrKOe6fCQ39VhI9ng
DA:10,1,bWojqIbcXy524obGoJ9M4Q
DA:11,1,34OL0SmcXnc2XSsgcfa6kg
DA:13,1,1jBIAkfxIMJH92qsFq29Ow
DA:19,1,nfpkGUQhxUOF/iM1BMHJAg
DA:25,1,SwdQZzrhZmSLQLrRtLFBzQ
DA:31,1,pqsOWEsrcKHTl5TIZW2D4w
DA:32,1,HLBfzWzzwa40snJR4yhrHw
DA:35,1,3HbIxtIe2WRi86Po2D+ARQ
DA:41,1,eTfSuD7ywJ0ytG5gwljKEA
DA:43,1,hpEb6YfhlmmcvuDMysnpUg
DA:44,1,KpwlBwbi6fHolFizqShEwA
DA:45,1,wgsXUmaXQYq49dZ9cJTy2g
DA:46,1,K/nOJW/z1qkPr3mZoH1Jag
DA:47,1,buK8rFx35XCljWh7D02IHg
DA:48,1,Q32WzlJrXfidH5A2/eCdow
DA:49,1,OZOxahJzndjhvrin7sDIwQ
DA:51,1,hOOlzte1eXb832ZcxX36Ng
DA:53,1,YMWrzRRk/P+KnGJwCey6eQ
DA:54,1,6bAck3Vw0kXiBX6JS/sLBw
DA:55,1,PG7dZPLqppHpYfg4/BxHjg
DA:57,1,xSbCH2PwUFLFEDyK0V5AmQ
DA:58,1,273znRX+g2n7HmiP5jFnmQ
DA:60,1,2KbpFsDaPP66XucybzkRRg
DA:64,1,wWbJYiiohgyhUpvMU4DfoA
DA:65,1,YTOx65M4Y+QlwDxD+xjczQ
DA:66,1,B7dPav4sOFW8f+MFO3ZNPg
DA:69,1,rpVVce3AyKYZgjdwIWpetw
DA:76,1,hApBczIqqConarQAfkmebQ
DA:78,1,8GjrMg8FCWRNm+cLPRLjzw
DA:79,1,9m3KWH8QiF38Y4WltbyRyQ
DA:80,1,bzCy/Z8n5AeeNKaKoMGgug
DA:81,1,2uofBccCxZRQDxEoEsNgKg
DA:82,1,kvUBjB1UG1FhBy9YohYyBg
DA:83,1,Q32WzlJrXfidH5A2/eCdow
DA:84,1,OZOxahJzndjhvrin7sDIwQ
DA:86,1,hOOlzte1eXb832ZcxX36Ng
DA:88,1,YMWrzRRk/P+KnGJwCey6eQ
DA:89,1,6bAck3Vw0kXiBX6JS/sLBw
DA:90,1,H/KWv59QnKL0Z/tl6oOUjw
DA:92,1,EKjcXDQmeMoR4PlCIlXjHQ
DA:93,1,XFkl/kqNy4SQEM4F6lWWBA
DA:95,1,2KbpFsDaPP66XucybzkRRg
DA:99,1,wc354AJx6Wz1uKPcZcLOpw
DA:100,1,jz6szPWQ7TVan/Rn7FAVqA
DA:101,1,B7dPav4sOFW8f+MFO3ZNPg
DA:104,1,OUx6mN/freSGHRwyndl1Yg
DA:110,1,hSZePbhJs0hkwi6IEGsm9Q
DA:112,1,nbGgP4opPCH48/uunYDQGg
DA:113,1,hoYilz10lEfmikUjfXcBIw
DA:114,1,tLC1CCtIpq6NF/UeIMj2Yg
DA:115,1,q7tK07d8y6zuT/7Ya0QgMA
DA:116,1,1oobwKpXGwhGTMyqEV2rvg
DA:117,1,Q32WzlJrXfidH5A2/eCdow
DA:118,1,OZOxahJzndjhvrin7sDIwQ
DA:120,1,hOOlzte1eXb832ZcxX36Ng
DA:122,1,YMWrzRRk/P+KnGJwCey6eQ
DA:123,1,6bAck3Vw0kXiBX6JS/sLBw
DA:124,1,VlBstx0tZZiYyi0yk2TXOQ
DA:126,1,K565CC9e/3e+vqtT98goeg
DA:127,1,trW0YozWMsSsnueXOQEYZw
DA:129,1,2KbpFsDaPP66XucybzkRRg
DA:133,1,wn/eJqJYjno6Zk3aFRvVNQ
DA:134,1,PktmrYoXaUa1/lNPtosnkQ
DA:135,1,B7dPav4sOFW8f+MFO3ZNPg
DA:138,1,CdiArQErFs5obJS8lxWgKw
DA:143,1,hiH40Fx+COCPQntnSCX0Ng
DA:145,1,jLls64fed5onv+pNZfo/Ig
DA:146,1,XRiTjCuqtuBskJrZKncI5g
DA:147,1,3S3ZDc1QGbDs0zaKXnj57Q
DA:148,1,/QBVRonZ0MAxziQG7JHZCQ
DA:149,1,qxsLMFm1QNV7a0Gpzc8NRQ
DA:150,1,Q32WzlJrXfidH5A2/eCdow
DA:151,1,OZOxahJzndjhvrin7sDIwQ
LF:71
LH:76
end_of_record
